<?xml version="1.0" encoding="UTF-8"?>
<coverage generated="1533566968688" clover="3.2.0">
  <project timestamp="1533566968688" name="All files">
    <metrics statements="413" coveredstatements="246" conditionals="328" coveredconditionals="133" methods="67" coveredmethods="34" elements="808" coveredelements="413" complexity="0" loc="413" ncloc="413" packages="1" files="1" classes="1">
      <file name="reversi.js" path="/Users/billy/clovers/clovers-reversi/lib/reversi.js">
        <metrics statements="413" coveredstatements="246" conditionals="328" coveredconditionals="133" methods="67" coveredmethods="34"/>
        <line num="3" count="1" type="stmt"/>
        <line num="7" count="44" type="cond" truecount="5" falsecount="3"/>
        <line num="9" count="1" type="stmt"/>
        <line num="11" count="1" type="stmt"/>
        <line num="13" count="1" type="cond" truecount="3" falsecount="1"/>
        <line num="15" count="5" type="cond" truecount="1" falsecount="1"/>
        <line num="17" count="1" type="stmt"/>
        <line num="19" count="5" type="stmt"/>
        <line num="21" count="5" type="stmt"/>
        <line num="22" count="5" type="stmt"/>
        <line num="23" count="5" type="stmt"/>
        <line num="24" count="5" type="stmt"/>
        <line num="25" count="5" type="stmt"/>
        <line num="26" count="5" type="stmt"/>
        <line num="27" count="5" type="cond" truecount="1" falsecount="1"/>
        <line num="28" count="0" type="stmt"/>
        <line num="32" count="1" type="stmt"/>
        <line num="35" count="13" type="stmt"/>
        <line num="37" count="13" type="stmt"/>
        <line num="38" count="13" type="stmt"/>
        <line num="39" count="13" type="stmt"/>
        <line num="40" count="13" type="stmt"/>
        <line num="41" count="13" type="stmt"/>
        <line num="42" count="13" type="stmt"/>
        <line num="43" count="13" type="stmt"/>
        <line num="44" count="13" type="stmt"/>
        <line num="45" count="13" type="stmt"/>
        <line num="46" count="13" type="stmt"/>
        <line num="47" count="13" type="stmt"/>
        <line num="49" count="13" type="stmt"/>
        <line num="50" count="104" type="stmt"/>
        <line num="52" count="13" type="stmt"/>
        <line num="53" count="104" type="stmt"/>
        <line num="55" count="13" type="stmt"/>
        <line num="56" count="13" type="stmt"/>
        <line num="57" count="13" type="stmt"/>
        <line num="58" count="13" type="stmt"/>
        <line num="59" count="13" type="stmt"/>
        <line num="61" count="13" type="stmt"/>
        <line num="62" count="13" type="stmt"/>
        <line num="63" count="13" type="stmt"/>
        <line num="64" count="13" type="stmt"/>
        <line num="66" count="13" type="stmt"/>
        <line num="67" count="13" type="stmt"/>
        <line num="68" count="13" type="stmt"/>
        <line num="69" count="13" type="stmt"/>
        <line num="70" count="13" type="stmt"/>
        <line num="71" count="13" type="stmt"/>
        <line num="72" count="13" type="stmt"/>
        <line num="77" count="9" type="cond" truecount="4" falsecount="0"/>
        <line num="79" count="9" type="stmt"/>
        <line num="80" count="9" type="stmt"/>
        <line num="81" count="9" type="stmt"/>
        <line num="82" count="9" type="stmt"/>
        <line num="83" count="9" type="stmt"/>
        <line num="88" count="9" type="stmt"/>
        <line num="93" count="489" type="stmt"/>
        <line num="94" count="489" type="stmt"/>
        <line num="95" count="489" type="cond" truecount="1" falsecount="1"/>
        <line num="96" count="0" type="stmt"/>
        <line num="97" count="0" type="stmt"/>
        <line num="98" count="0" type="stmt"/>
        <line num="101" count="489" type="stmt"/>
        <line num="102" count="489" type="cond" truecount="2" falsecount="0"/>
        <line num="103" count="8" type="stmt"/>
        <line num="104" count="8" type="stmt"/>
        <line num="105" count="8" type="stmt"/>
        <line num="107" count="481" type="stmt"/>
        <line num="108" count="481" type="stmt"/>
        <line num="109" count="1161" type="stmt"/>
        <line num="110" count="1161" type="stmt"/>
        <line num="111" count="1161" type="stmt"/>
        <line num="112" count="1113" type="stmt"/>
        <line num="113" count="1113" type="stmt"/>
        <line num="114" count="1113" type="stmt"/>
        <line num="117" count="481" type="cond" truecount="1" falsecount="1"/>
        <line num="118" count="481" type="stmt"/>
        <line num="119" count="481" type="stmt"/>
        <line num="121" count="0" type="stmt"/>
        <line num="122" count="0" type="stmt"/>
        <line num="123" count="0" type="stmt"/>
        <line num="125" count="481" type="cond" truecount="2" falsecount="0"/>
        <line num="130" count="489" type="stmt"/>
        <line num="131" count="489" type="stmt"/>
        <line num="132" count="489" type="stmt"/>
        <line num="133" count="3912" type="stmt"/>
        <line num="134" count="3912" type="stmt"/>
        <line num="135" count="3912" type="stmt"/>
        <line num="136" count="3912" type="cond" truecount="6" falsecount="0"/>
        <line num="137" count="3136" type="stmt"/>
        <line num="138" count="3136" type="cond" truecount="4" falsecount="0"/>
        <line num="139" count="1161" type="stmt"/>
        <line num="143" count="489" type="stmt"/>
        <line num="148" count="1161" type="stmt"/>
        <line num="149" count="1161" type="stmt"/>
        <line num="150" count="1161" type="cond" truecount="2" falsecount="0"/>
        <line num="151" count="1161" type="cond" truecount="2" falsecount="0"/>
        <line num="152" count="3154" type="stmt"/>
        <line num="153" count="3154" type="stmt"/>
        <line num="154" count="3154" type="cond" truecount="6" falsecount="0"/>
        <line num="156" count="160" type="stmt"/>
        <line num="157" count="160" type="stmt"/>
        <line num="159" count="2994" type="stmt"/>
        <line num="160" count="2994" type="cond" truecount="2" falsecount="0"/>
        <line num="162" count="1993" type="stmt"/>
        <line num="163" count="1001" type="cond" truecount="4" falsecount="0"/>
        <line num="165" count="657" type="stmt"/>
        <line num="169" count="344" type="stmt"/>
        <line num="170" count="344" type="stmt"/>
        <line num="174" count="1161" type="stmt"/>
        <line num="179" count="16" type="cond" truecount="1" falsecount="1"/>
        <line num="180" count="16" type="stmt"/>
        <line num="181" count="16" type="stmt"/>
        <line num="182" count="16" type="stmt"/>
        <line num="184" count="0" type="stmt"/>
        <line num="185" count="0" type="stmt"/>
        <line num="186" count="0" type="stmt"/>
        <line num="187" count="0" type="cond" truecount="0" falsecount="2"/>
        <line num="188" count="0" type="stmt"/>
        <line num="192" count="0" type="stmt"/>
        <line num="193" count="0" type="cond" truecount="0" falsecount="2"/>
        <line num="194" count="0" type="cond" truecount="0" falsecount="2"/>
        <line num="195" count="0" type="stmt"/>
        <line num="197" count="0" type="stmt"/>
        <line num="198" count="0" type="stmt"/>
        <line num="199" count="0" type="cond" truecount="0" falsecount="2"/>
        <line num="200" count="0" type="stmt"/>
        <line num="202" count="0" type="stmt"/>
        <line num="204" count="0" type="stmt"/>
        <line num="205" count="0" type="stmt"/>
        <line num="206" count="0" type="cond" truecount="0" falsecount="2"/>
        <line num="207" count="0" type="stmt"/>
        <line num="209" count="0" type="stmt"/>
        <line num="212" count="0" type="cond" truecount="0" falsecount="2"/>
        <line num="213" count="0" type="stmt"/>
        <line num="214" count="0" type="stmt"/>
        <line num="216" count="0" type="stmt"/>
        <line num="217" count="0" type="stmt"/>
        <line num="223" count="8" type="stmt"/>
        <line num="224" count="8" type="cond" truecount="1" falsecount="1"/>
        <line num="225" count="8" type="stmt"/>
        <line num="226" count="8" type="stmt"/>
        <line num="227" count="8" type="stmt"/>
        <line num="228" count="512" type="stmt"/>
        <line num="229" count="512" type="stmt"/>
        <line num="230" count="512" type="cond" truecount="2" falsecount="0"/>
        <line num="231" count="512" type="cond" truecount="2" falsecount="0"/>
        <line num="233" count="8" type="stmt"/>
        <line num="234" count="8" type="stmt"/>
        <line num="239" count="8" type="stmt"/>
        <line num="240" count="8" type="stmt"/>
        <line num="241" count="8" type="stmt"/>
        <line num="242" count="8" type="stmt"/>
        <line num="243" count="8" type="stmt"/>
        <line num="244" count="8" type="cond" truecount="5" falsecount="1"/>
        <line num="245" count="64" type="cond" truecount="5" falsecount="1"/>
        <line num="247" count="512" type="cond" truecount="2" falsecount="0"/>
        <line num="248" count="192" type="stmt"/>
        <line num="251" count="512" type="cond" truecount="2" falsecount="0"/>
        <line num="252" count="96" type="stmt"/>
        <line num="255" count="512" type="cond" truecount="2" falsecount="0"/>
        <line num="256" count="96" type="stmt"/>
        <line num="259" count="512" type="cond" truecount="1" falsecount="1"/>
        <line num="260" count="0" type="stmt"/>
        <line num="263" count="512" type="cond" truecount="2" falsecount="0"/>
        <line num="264" count="192" type="stmt"/>
        <line num="268" count="8" type="cond" truecount="5" falsecount="2"/>
        <line num="269" count="8" type="stmt"/>
        <line num="270" count="8" type="stmt"/>
        <line num="271" count="8" type="stmt"/>
        <line num="272" count="8" type="stmt"/>
        <line num="273" count="8" type="stmt"/>
        <line num="274" count="8" type="stmt"/>
        <line num="280" count="60" type="stmt"/>
        <line num="282" count="60" type="stmt"/>
        <line num="283" count="1830" type="stmt"/>
        <line num="289" count="0" type="stmt"/>
        <line num="290" count="0" type="cond" truecount="0" falsecount="2"/>
        <line num="291" count="0" type="cond" truecount="0" falsecount="2"/>
        <line num="292" count="0" type="stmt"/>
        <line num="294" count="0" type="cond" truecount="0" falsecount="2"/>
        <line num="299" count="1" type="stmt"/>
        <line num="300" count="1" type="stmt"/>
        <line num="301" count="1" type="cond" truecount="2" falsecount="0"/>
        <line num="302" count="60" type="cond" truecount="2" falsecount="0"/>
        <line num="303" count="60" type="cond" truecount="1" falsecount="1"/>
        <line num="304" count="60" type="stmt"/>
        <line num="305" count="60" type="stmt"/>
        <line num="306" count="60" type="stmt"/>
        <line num="307" count="60" type="stmt"/>
        <line num="308" count="60" type="cond" truecount="2" falsecount="0"/>
        <line num="309" count="1" type="stmt"/>
        <line num="310" count="1" type="cond" truecount="1" falsecount="1"/>
        <line num="311" count="1" type="stmt"/>
        <line num="312" count="1" type="cond" truecount="1" falsecount="1"/>
        <line num="313" count="0" type="stmt"/>
        <line num="317" count="0" type="stmt"/>
        <line num="320" count="1" type="stmt"/>
        <line num="321" count="1" type="stmt"/>
        <line num="322" count="1" type="stmt"/>
        <line num="323" count="1" type="stmt"/>
        <line num="324" count="1" type="stmt"/>
        <line num="329" count="0" type="stmt"/>
        <line num="330" count="0" type="stmt"/>
        <line num="331" count="0" type="stmt"/>
        <line num="332" count="0" type="cond" truecount="0" falsecount="2"/>
        <line num="333" count="0" type="stmt"/>
        <line num="334" count="0" type="stmt"/>
        <line num="335" count="0" type="stmt"/>
        <line num="336" count="0" type="cond" truecount="0" falsecount="2"/>
        <line num="337" count="0" type="stmt"/>
        <line num="342" count="0" type="stmt"/>
        <line num="347" count="0" type="stmt"/>
        <line num="348" count="0" type="stmt"/>
        <line num="349" count="0" type="cond" truecount="0" falsecount="4"/>
        <line num="352" count="0" type="stmt"/>
        <line num="353" count="0" type="cond" truecount="0" falsecount="4"/>
        <line num="356" count="0" type="stmt"/>
        <line num="361" count="1237" type="stmt"/>
        <line num="366" count="9" type="stmt"/>
        <line num="368" count="9" type="cond" truecount="3" falsecount="1"/>
        <line num="370" count="9" type="cond" truecount="1" falsecount="1"/>
        <line num="371" count="9" type="stmt"/>
        <line num="372" count="570" type="cond" truecount="1" falsecount="1"/>
        <line num="373" count="570" type="stmt"/>
        <line num="374" count="570" type="stmt"/>
        <line num="375" count="570" type="stmt"/>
        <line num="376" count="570" type="stmt"/>
        <line num="378" count="9" type="cond" truecount="1" falsecount="1"/>
        <line num="379" count="9" type="stmt"/>
        <line num="380" count="9" type="stmt"/>
        <line num="381" count="9" type="stmt"/>
        <line num="382" count="9" type="stmt"/>
        <line num="384" count="9" type="stmt"/>
        <line num="389" count="4" type="cond" truecount="3" falsecount="1"/>
        <line num="391" count="4" type="stmt"/>
        <line num="396" count="0" type="cond" truecount="0" falsecount="4"/>
        <line num="397" count="0" type="cond" truecount="0" falsecount="4"/>
        <line num="399" count="0" type="stmt"/>
        <line num="400" count="0" type="stmt"/>
        <line num="405" count="420" type="cond" truecount="3" falsecount="1"/>
        <line num="406" count="420" type="cond" truecount="2" falsecount="2"/>
        <line num="408" count="420" type="cond" truecount="1" falsecount="1"/>
        <line num="409" count="420" type="stmt"/>
        <line num="410" count="420" type="stmt"/>
        <line num="411" count="420" type="stmt"/>
        <line num="412" count="420" type="stmt"/>
        <line num="413" count="420" type="stmt"/>
        <line num="414" count="420" type="cond" truecount="2" falsecount="0"/>
        <line num="415" count="7" type="stmt"/>
        <line num="416" count="7" type="cond" truecount="1" falsecount="1"/>
        <line num="417" count="7" type="stmt"/>
        <line num="418" count="7" type="cond" truecount="1" falsecount="1"/>
        <line num="419" count="0" type="stmt"/>
        <line num="422" count="420" type="stmt"/>
        <line num="427" count="7" type="cond" truecount="4" falsecount="0"/>
        <line num="429" count="7" type="cond" truecount="1" falsecount="1"/>
        <line num="430" count="7" type="stmt"/>
        <line num="431" count="7" type="stmt"/>
        <line num="432" count="7" type="stmt"/>
        <line num="433" count="7" type="stmt"/>
        <line num="434" count="7" type="cond" truecount="2" falsecount="0"/>
        <line num="435" count="420" type="stmt"/>
        <line num="437" count="7" type="stmt"/>
        <line num="438" count="7" type="cond" truecount="1" falsecount="1"/>
        <line num="439" count="7" type="stmt"/>
        <line num="440" count="7" type="stmt"/>
        <line num="441" count="7" type="stmt"/>
        <line num="443" count="7" type="stmt"/>
        <line num="449" count="9" type="cond" truecount="3" falsecount="1"/>
        <line num="451" count="9" type="cond" truecount="1" falsecount="1"/>
        <line num="452" count="9" type="stmt"/>
        <line num="453" count="9" type="stmt"/>
        <line num="454" count="72" type="stmt"/>
        <line num="455" count="576" type="stmt"/>
        <line num="456" count="576" type="cond" truecount="3" falsecount="1"/>
        <line num="459" count="9" type="stmt"/>
        <line num="464" count="9" type="cond" truecount="3" falsecount="1"/>
        <line num="466" count="9" type="cond" truecount="1" falsecount="1"/>
        <line num="467" count="9" type="stmt"/>
        <line num="472" count="9" type="stmt"/>
        <line num="473" count="9" type="stmt"/>
        <line num="478" count="0" type="stmt"/>
        <line num="479" count="0" type="cond" truecount="0" falsecount="2"/>
        <line num="480" count="0" type="stmt"/>
        <line num="481" count="0" type="stmt"/>
        <line num="482" count="0" type="stmt"/>
        <line num="483" count="0" type="stmt"/>
        <line num="485" count="0" type="stmt"/>
        <line num="490" count="0" type="cond" truecount="0" falsecount="4"/>
        <line num="492" count="0" type="stmt"/>
        <line num="493" count="0" type="cond" truecount="0" falsecount="4"/>
        <line num="499" count="0" type="cond" truecount="0" falsecount="4"/>
        <line num="501" count="0" type="cond" truecount="0" falsecount="2"/>
        <line num="502" count="0" type="stmt"/>
        <line num="504" count="0" type="stmt"/>
        <line num="505" count="0" type="stmt"/>
        <line num="506" count="0" type="stmt"/>
        <line num="507" count="0" type="cond" truecount="0" falsecount="2"/>
        <line num="508" count="0" type="stmt"/>
        <line num="509" count="0" type="stmt"/>
        <line num="510" count="0" type="stmt"/>
        <line num="511" count="0" type="stmt"/>
        <line num="513" count="0" type="stmt"/>
        <line num="514" count="0" type="cond" truecount="0" falsecount="4"/>
        <line num="520" count="0" type="cond" truecount="0" falsecount="4"/>
        <line num="522" count="0" type="stmt"/>
        <line num="527" count="0" type="cond" truecount="0" falsecount="4"/>
        <line num="529" count="0" type="stmt"/>
        <line num="534" count="0" type="stmt"/>
        <line num="536" count="0" type="cond" truecount="0" falsecount="4"/>
        <line num="538" count="0" type="stmt"/>
        <line num="539" count="0" type="stmt"/>
        <line num="540" count="0" type="cond" truecount="0" falsecount="4"/>
        <line num="547" count="0" type="cond" truecount="0" falsecount="4"/>
        <line num="549" count="0" type="stmt"/>
        <line num="550" count="0" type="stmt"/>
        <line num="551" count="0" type="stmt"/>
        <line num="552" count="0" type="cond" truecount="0" falsecount="2"/>
        <line num="553" count="0" type="stmt"/>
        <line num="556" count="0" type="stmt"/>
        <line num="561" count="0" type="cond" truecount="0" falsecount="4"/>
        <line num="563" count="0" type="stmt"/>
        <line num="564" count="0" type="stmt"/>
        <line num="565" count="0" type="stmt"/>
        <line num="566" count="0" type="cond" truecount="0" falsecount="2"/>
        <line num="567" count="0" type="stmt"/>
        <line num="569" count="0" type="stmt"/>
        <line num="574" count="0" type="cond" truecount="0" falsecount="4"/>
        <line num="576" count="0" type="stmt"/>
        <line num="577" count="0" type="stmt"/>
        <line num="578" count="0" type="stmt"/>
        <line num="579" count="0" type="cond" truecount="0" falsecount="2"/>
        <line num="580" count="0" type="stmt"/>
        <line num="582" count="0" type="stmt"/>
        <line num="587" count="0" type="cond" truecount="0" falsecount="4"/>
        <line num="589" count="0" type="cond" truecount="0" falsecount="2"/>
        <line num="590" count="0" type="cond" truecount="0" falsecount="4"/>
        <line num="596" count="7" type="cond" truecount="3" falsecount="1"/>
        <line num="598" count="7" type="cond" truecount="1" falsecount="1"/>
        <line num="599" count="7" type="stmt"/>
        <line num="604" count="0" type="stmt"/>
        <line num="605" count="0" type="cond" truecount="0" falsecount="2"/>
        <line num="606" count="0" type="cond" truecount="0" falsecount="2"/>
        <line num="607" count="0" type="stmt"/>
        <line num="609" count="0" type="cond" truecount="0" falsecount="2"/>
        <line num="614" count="0" type="cond" truecount="0" falsecount="4"/>
        <line num="615" count="0" type="cond" truecount="0" falsecount="4"/>
        <line num="617" count="0" type="cond" truecount="0" falsecount="2"/>
        <line num="618" count="0" type="stmt"/>
        <line num="620" count="0" type="cond" truecount="0" falsecount="2"/>
        <line num="621" count="0" type="stmt"/>
        <line num="623" count="0" type="stmt"/>
        <line num="624" count="0" type="stmt"/>
        <line num="625" count="0" type="stmt"/>
        <line num="626" count="0" type="stmt"/>
        <line num="631" count="0" type="stmt"/>
        <line num="636" count="0" type="cond" truecount="0" falsecount="4"/>
        <line num="638" count="0" type="cond" truecount="0" falsecount="2"/>
        <line num="639" count="0" type="stmt"/>
        <line num="640" count="0" type="stmt"/>
        <line num="645" count="0" type="stmt"/>
        <line num="650" count="0" type="stmt"/>
        <line num="652" count="0" type="cond" truecount="0" falsecount="4"/>
        <line num="654" count="0" type="cond" truecount="0" falsecount="2"/>
        <line num="655" count="0" type="stmt"/>
        <line num="656" count="0" type="cond" truecount="0" falsecount="2"/>
        <line num="657" count="0" type="stmt"/>
        <line num="658" count="0" type="stmt"/>
        <line num="659" count="0" type="stmt"/>
        <line num="660" count="0" type="stmt"/>
        <line num="662" count="0" type="stmt"/>
        <line num="663" count="0" type="stmt"/>
        <line num="664" count="0" type="cond" truecount="0" falsecount="2"/>
        <line num="665" count="0" type="stmt"/>
        <line num="667" count="0" type="stmt"/>
        <line num="668" count="0" type="stmt"/>
        <line num="669" count="0" type="stmt"/>
        <line num="670" count="0" type="stmt"/>
        <line num="671" count="0" type="stmt"/>
        <line num="674" count="0" type="stmt"/>
        <line num="680" count="3" type="cond" truecount="2" falsecount="2"/>
        <line num="682" count="3" type="cond" truecount="1" falsecount="1"/>
        <line num="683" count="3" type="stmt"/>
        <line num="684" count="3" type="stmt"/>
        <line num="685" count="180" type="stmt"/>
        <line num="686" count="180" type="stmt"/>
        <line num="688" count="180" type="cond" truecount="3" falsecount="2"/>
        <line num="690" count="60" type="stmt"/>
        <line num="691" count="120" type="stmt"/>
        <line num="693" count="60" type="stmt"/>
        <line num="695" count="60" type="stmt"/>
        <line num="696" count="60" type="stmt"/>
        <line num="698" count="60" type="stmt"/>
        <line num="699" count="60" type="stmt"/>
        <line num="701" count="0" type="stmt"/>
        <line num="703" count="0" type="stmt"/>
        <line num="706" count="180" type="stmt"/>
        <line num="707" count="180" type="stmt"/>
        <line num="709" count="3" type="stmt"/>
        <line num="710" count="3" type="stmt"/>
        <line num="715" count="2010" type="stmt"/>
        <line num="720" count="0" type="cond" truecount="0" falsecount="4"/>
        <line num="722" count="0" type="stmt"/>
        <line num="727" count="0" type="stmt"/>
        <line num="728" count="0" type="cond" truecount="0" falsecount="2"/>
        <line num="729" count="0" type="cond" truecount="0" falsecount="2"/>
        <line num="730" count="0" type="cond" truecount="0" falsecount="2"/>
        <line num="731" count="0" type="cond" truecount="0" falsecount="2"/>
        <line num="732" count="0" type="cond" truecount="0" falsecount="2"/>
        <line num="733" count="0" type="stmt"/>
        <line num="737" count="1" type="stmt"/>
        <line num="740" count="1" type="stmt"/>
      </file>
    </metrics>
  </project>
</coverage>
