{"/home/billyrennekamp/GitHub.com/clovers-network/clovers-reversi/lib/reversi.js": {"path":"/home/billyrennekamp/GitHub.com/clovers-network/clovers-reversi/lib/reversi.js","statementMap":{"0":{"start":{"line":3,"column":0},"end":{"line":5,"column":3}},"1":{"start":{"line":7,"column":19},"end":{"line":7,"column":563}},"2":{"start":{"line":7,"column":76},"end":{"line":7,"column":347}},"3":{"start":{"line":7,"column":134},"end":{"line":7,"column":142}},"4":{"start":{"line":7,"column":144},"end":{"line":7,"column":199}},"5":{"start":{"line":7,"column":200},"end":{"line":7,"column":231}},"6":{"start":{"line":7,"column":232},"end":{"line":7,"column":286}},"7":{"start":{"line":7,"column":259},"end":{"line":7,"column":286}},"8":{"start":{"line":7,"column":287},"end":{"line":7,"column":345}},"9":{"start":{"line":7,"column":350},"end":{"line":7,"column":559}},"10":{"start":{"line":7,"column":407},"end":{"line":7,"column":475}},"11":{"start":{"line":7,"column":423},"end":{"line":7,"column":475}},"12":{"start":{"line":7,"column":476},"end":{"line":7,"column":536}},"13":{"start":{"line":7,"column":493},"end":{"line":7,"column":536}},"14":{"start":{"line":7,"column":537},"end":{"line":7,"column":556}},"15":{"start":{"line":9,"column":10},"end":{"line":9,"column":26}},"16":{"start":{"line":11,"column":11},"end":{"line":11,"column":38}},"17":{"start":{"line":13,"column":39},"end":{"line":13,"column":93}},"18":{"start":{"line":15,"column":50},"end":{"line":15,"column":151}},"19":{"start":{"line":15,"column":92},"end":{"line":15,"column":149}},"20":{"start":{"line":17,"column":14},"end":{"line":837,"column":3}},"21":{"start":{"line":19,"column":4},"end":{"line":19,"column":35}},"22":{"start":{"line":21,"column":4},"end":{"line":21,"column":28}},"23":{"start":{"line":22,"column":4},"end":{"line":22,"column":22}},"24":{"start":{"line":23,"column":4},"end":{"line":23,"column":19}},"25":{"start":{"line":24,"column":4},"end":{"line":24,"column":19}},"26":{"start":{"line":25,"column":4},"end":{"line":25,"column":19}},"27":{"start":{"line":26,"column":4},"end":{"line":26,"column":22}},"28":{"start":{"line":27,"column":4},"end":{"line":29,"column":5}},"29":{"start":{"line":28,"column":6},"end":{"line":28,"column":36}},"30":{"start":{"line":32,"column":2},"end":{"line":834,"column":6}},"31":{"start":{"line":35,"column":18},"end":{"line":35,"column":22}},"32":{"start":{"line":37,"column":6},"end":{"line":37,"column":25}},"33":{"start":{"line":38,"column":6},"end":{"line":38,"column":28}},"34":{"start":{"line":39,"column":6},"end":{"line":39,"column":31}},"35":{"start":{"line":40,"column":6},"end":{"line":40,"column":26}},"36":{"start":{"line":41,"column":6},"end":{"line":41,"column":25}},"37":{"start":{"line":42,"column":6},"end":{"line":42,"column":25}},"38":{"start":{"line":43,"column":6},"end":{"line":43,"column":25}},"39":{"start":{"line":44,"column":6},"end":{"line":44,"column":26}},"40":{"start":{"line":45,"column":6},"end":{"line":45,"column":38}},"41":{"start":{"line":46,"column":6},"end":{"line":46,"column":26}},"42":{"start":{"line":47,"column":6},"end":{"line":47,"column":26}},"43":{"start":{"line":49,"column":6},"end":{"line":51,"column":9}},"44":{"start":{"line":50,"column":8},"end":{"line":50,"column":59}},"45":{"start":{"line":52,"column":6},"end":{"line":54,"column":9}},"46":{"start":{"line":53,"column":8},"end":{"line":53,"column":59}},"47":{"start":{"line":55,"column":6},"end":{"line":55,"column":28}},"48":{"start":{"line":56,"column":6},"end":{"line":56,"column":76}},"49":{"start":{"line":57,"column":6},"end":{"line":57,"column":68}},"50":{"start":{"line":58,"column":6},"end":{"line":58,"column":72}},"51":{"start":{"line":59,"column":6},"end":{"line":59,"column":72}},"52":{"start":{"line":61,"column":6},"end":{"line":61,"column":79}},"53":{"start":{"line":62,"column":6},"end":{"line":62,"column":71}},"54":{"start":{"line":63,"column":6},"end":{"line":63,"column":75}},"55":{"start":{"line":64,"column":6},"end":{"line":64,"column":75}},"56":{"start":{"line":66,"column":6},"end":{"line":66,"column":22}},"57":{"start":{"line":67,"column":6},"end":{"line":67,"column":28}},"58":{"start":{"line":68,"column":6},"end":{"line":68,"column":26}},"59":{"start":{"line":69,"column":6},"end":{"line":69,"column":33}},"60":{"start":{"line":70,"column":6},"end":{"line":70,"column":30}},"61":{"start":{"line":71,"column":6},"end":{"line":71,"column":23}},"62":{"start":{"line":72,"column":6},"end":{"line":72,"column":20}},"63":{"start":{"line":77,"column":18},"end":{"line":77,"column":96}},"64":{"start":{"line":79,"column":6},"end":{"line":79,"column":36}},"65":{"start":{"line":80,"column":6},"end":{"line":80,"column":79}},"66":{"start":{"line":81,"column":16},"end":{"line":81,"column":45}},"67":{"start":{"line":82,"column":16},"end":{"line":82,"column":45}},"68":{"start":{"line":83,"column":6},"end":{"line":83,"column":47}},"69":{"start":{"line":84,"column":6},"end":{"line":84,"column":44}},"70":{"start":{"line":89,"column":6},"end":{"line":89,"column":65}},"71":{"start":{"line":94,"column":16},"end":{"line":94,"column":23}},"72":{"start":{"line":95,"column":16},"end":{"line":95,"column":23}},"73":{"start":{"line":96,"column":6},"end":{"line":100,"column":7}},"74":{"start":{"line":97,"column":8},"end":{"line":97,"column":26}},"75":{"start":{"line":98,"column":8},"end":{"line":98,"column":63}},"76":{"start":{"line":99,"column":8},"end":{"line":99,"column":15}},"77":{"start":{"line":102,"column":31},"end":{"line":102,"column":64}},"78":{"start":{"line":103,"column":6},"end":{"line":107,"column":7}},"79":{"start":{"line":104,"column":8},"end":{"line":104,"column":26}},"80":{"start":{"line":105,"column":8},"end":{"line":105,"column":62}},"81":{"start":{"line":106,"column":8},"end":{"line":106,"column":15}},"82":{"start":{"line":108,"column":20},"end":{"line":108,"column":25}},"83":{"start":{"line":109,"column":6},"end":{"line":117,"column":7}},"84":{"start":{"line":110,"column":32},"end":{"line":110,"column":53}},"85":{"start":{"line":111,"column":20},"end":{"line":111,"column":71}},"86":{"start":{"line":112,"column":8},"end":{"line":116,"column":9}},"87":{"start":{"line":113,"column":10},"end":{"line":113,"column":25}},"88":{"start":{"line":114,"column":10},"end":{"line":114,"column":68}},"89":{"start":{"line":115,"column":10},"end":{"line":115,"column":71}},"90":{"start":{"line":118,"column":6},"end":{"line":125,"column":7}},"91":{"start":{"line":119,"column":8},"end":{"line":119,"column":50}},"92":{"start":{"line":120,"column":8},"end":{"line":120,"column":53}},"93":{"start":{"line":122,"column":8},"end":{"line":122,"column":26}},"94":{"start":{"line":123,"column":8},"end":{"line":123,"column":64}},"95":{"start":{"line":124,"column":8},"end":{"line":124,"column":15}},"96":{"start":{"line":126,"column":6},"end":{"line":126,"column":87}},"97":{"start":{"line":131,"column":17},"end":{"line":131,"column":87}},"98":{"start":{"line":132,"column":31},"end":{"line":132,"column":33}},"99":{"start":{"line":133,"column":6},"end":{"line":143,"column":7}},"100":{"start":{"line":134,"column":18},"end":{"line":134,"column":25}},"101":{"start":{"line":135,"column":21},"end":{"line":135,"column":33}},"102":{"start":{"line":136,"column":21},"end":{"line":136,"column":33}},"103":{"start":{"line":137,"column":8},"end":{"line":142,"column":9}},"104":{"start":{"line":138,"column":24},"end":{"line":138,"column":50}},"105":{"start":{"line":139,"column":10},"end":{"line":141,"column":11}},"106":{"start":{"line":140,"column":12},"end":{"line":140,"column":41}},"107":{"start":{"line":144,"column":6},"end":{"line":144,"column":32}},"108":{"start":{"line":149,"column":18},"end":{"line":149,"column":20}},"109":{"start":{"line":150,"column":17},"end":{"line":150,"column":22}},"110":{"start":{"line":151,"column":27},"end":{"line":151,"column":86}},"111":{"start":{"line":152,"column":6},"end":{"line":174,"column":7}},"112":{"start":{"line":153,"column":21},"end":{"line":153,"column":51}},"113":{"start":{"line":154,"column":21},"end":{"line":154,"column":51}},"114":{"start":{"line":155,"column":8},"end":{"line":173,"column":9}},"115":{"start":{"line":157,"column":10},"end":{"line":157,"column":22}},"116":{"start":{"line":158,"column":10},"end":{"line":158,"column":21}},"117":{"start":{"line":160,"column":24},"end":{"line":160,"column":50}},"118":{"start":{"line":161,"column":10},"end":{"line":172,"column":11}},"119":{"start":{"line":163,"column":12},"end":{"line":163,"column":41}},"120":{"start":{"line":164,"column":17},"end":{"line":172,"column":11}},"121":{"start":{"line":166,"column":12},"end":{"line":166,"column":24}},"122":{"start":{"line":170,"column":12},"end":{"line":170,"column":23}},"123":{"start":{"line":171,"column":12},"end":{"line":171,"column":24}},"124":{"start":{"line":175,"column":6},"end":{"line":175,"column":19}},"125":{"start":{"line":180,"column":6},"end":{"line":184,"column":7}},"126":{"start":{"line":181,"column":8},"end":{"line":181,"column":29}},"127":{"start":{"line":182,"column":8},"end":{"line":182,"column":31}},"128":{"start":{"line":183,"column":8},"end":{"line":183,"column":15}},"129":{"start":{"line":185,"column":20},"end":{"line":185,"column":22}},"130":{"start":{"line":186,"column":6},"end":{"line":192,"column":7}},"131":{"start":{"line":187,"column":8},"end":{"line":191,"column":9}},"132":{"start":{"line":188,"column":10},"end":{"line":190,"column":11}},"133":{"start":{"line":189,"column":12},"end":{"line":189,"column":33}},"134":{"start":{"line":193,"column":29},"end":{"line":193,"column":34}},"135":{"start":{"line":194,"column":6},"end":{"line":212,"column":7}},"136":{"start":{"line":195,"column":8},"end":{"line":211,"column":9}},"137":{"start":{"line":196,"column":25},"end":{"line":196,"column":42}},"138":{"start":{"line":198,"column":10},"end":{"line":198,"column":46}},"139":{"start":{"line":199,"column":10},"end":{"line":199,"column":41}},"140":{"start":{"line":200,"column":10},"end":{"line":202,"column":11}},"141":{"start":{"line":201,"column":12},"end":{"line":201,"column":36}},"142":{"start":{"line":203,"column":10},"end":{"line":203,"column":39}},"143":{"start":{"line":205,"column":10},"end":{"line":205,"column":46}},"144":{"start":{"line":206,"column":10},"end":{"line":206,"column":41}},"145":{"start":{"line":207,"column":10},"end":{"line":209,"column":11}},"146":{"start":{"line":208,"column":12},"end":{"line":208,"column":36}},"147":{"start":{"line":210,"column":10},"end":{"line":210,"column":31}},"148":{"start":{"line":213,"column":6},"end":{"line":219,"column":7}},"149":{"start":{"line":214,"column":8},"end":{"line":214,"column":26}},"150":{"start":{"line":215,"column":8},"end":{"line":215,"column":58}},"151":{"start":{"line":217,"column":8},"end":{"line":217,"column":29}},"152":{"start":{"line":218,"column":8},"end":{"line":218,"column":31}},"153":{"start":{"line":224,"column":6},"end":{"line":224,"column":24}},"154":{"start":{"line":225,"column":6},"end":{"line":225,"column":60}},"155":{"start":{"line":225,"column":22},"end":{"line":225,"column":60}},"156":{"start":{"line":226,"column":14},"end":{"line":226,"column":15}},"157":{"start":{"line":227,"column":14},"end":{"line":227,"column":15}},"158":{"start":{"line":228,"column":6},"end":{"line":233,"column":7}},"159":{"start":{"line":229,"column":18},"end":{"line":229,"column":35}},"160":{"start":{"line":230,"column":18},"end":{"line":230,"column":23}},"161":{"start":{"line":231,"column":8},"end":{"line":231,"column":57}},"162":{"start":{"line":232,"column":8},"end":{"line":232,"column":57}},"163":{"start":{"line":234,"column":6},"end":{"line":234,"column":26}},"164":{"start":{"line":235,"column":6},"end":{"line":235,"column":26}},"165":{"start":{"line":240,"column":19},"end":{"line":240,"column":23}},"166":{"start":{"line":241,"column":18},"end":{"line":241,"column":22}},"167":{"start":{"line":242,"column":18},"end":{"line":242,"column":22}},"168":{"start":{"line":243,"column":18},"end":{"line":243,"column":22}},"169":{"start":{"line":244,"column":19},"end":{"line":244,"column":23}},"170":{"start":{"line":245,"column":6},"end":{"line":268,"column":7}},"171":{"start":{"line":246,"column":8},"end":{"line":267,"column":9}},"172":{"start":{"line":248,"column":10},"end":{"line":250,"column":11}},"173":{"start":{"line":249,"column":12},"end":{"line":249,"column":27}},"174":{"start":{"line":252,"column":10},"end":{"line":254,"column":11}},"175":{"start":{"line":253,"column":12},"end":{"line":253,"column":26}},"176":{"start":{"line":256,"column":10},"end":{"line":258,"column":11}},"177":{"start":{"line":257,"column":12},"end":{"line":257,"column":26}},"178":{"start":{"line":260,"column":10},"end":{"line":262,"column":11}},"179":{"start":{"line":261,"column":12},"end":{"line":261,"column":26}},"180":{"start":{"line":264,"column":10},"end":{"line":266,"column":11}},"181":{"start":{"line":265,"column":12},"end":{"line":265,"column":27}},"182":{"start":{"line":269,"column":6},"end":{"line":276,"column":7}},"183":{"start":{"line":270,"column":8},"end":{"line":270,"column":32}},"184":{"start":{"line":271,"column":8},"end":{"line":271,"column":29}},"185":{"start":{"line":272,"column":8},"end":{"line":272,"column":27}},"186":{"start":{"line":273,"column":8},"end":{"line":273,"column":27}},"187":{"start":{"line":274,"column":8},"end":{"line":274,"column":27}},"188":{"start":{"line":275,"column":8},"end":{"line":275,"column":29}},"189":{"start":{"line":281,"column":19},"end":{"line":281,"column":23}},"190":{"start":{"line":283,"column":6},"end":{"line":285,"column":18}},"191":{"start":{"line":284,"column":8},"end":{"line":284,"column":52}},"192":{"start":{"line":290,"column":23},"end":{"line":290,"column":43}},"193":{"start":{"line":291,"column":6},"end":{"line":294,"column":7}},"194":{"start":{"line":292,"column":8},"end":{"line":292,"column":89}},"195":{"start":{"line":293,"column":8},"end":{"line":293,"column":42}},"196":{"start":{"line":295,"column":6},"end":{"line":295,"column":98}},"197":{"start":{"line":300,"column":6},"end":{"line":300,"column":24}},"198":{"start":{"line":301,"column":17},"end":{"line":301,"column":22}},"199":{"start":{"line":302,"column":6},"end":{"line":319,"column":7}},"200":{"start":{"line":303,"column":19},"end":{"line":303,"column":66}},"201":{"start":{"line":304,"column":8},"end":{"line":318,"column":9}},"202":{"start":{"line":305,"column":10},"end":{"line":305,"column":32}},"203":{"start":{"line":306,"column":10},"end":{"line":306,"column":25}},"204":{"start":{"line":307,"column":10},"end":{"line":307,"column":30}},"205":{"start":{"line":308,"column":10},"end":{"line":315,"column":11}},"206":{"start":{"line":309,"column":12},"end":{"line":309,"column":31}},"207":{"start":{"line":310,"column":12},"end":{"line":310,"column":93}},"208":{"start":{"line":311,"column":12},"end":{"line":311,"column":32}},"209":{"start":{"line":312,"column":12},"end":{"line":314,"column":13}},"210":{"start":{"line":313,"column":14},"end":{"line":313,"column":26}},"211":{"start":{"line":317,"column":10},"end":{"line":317,"column":22}},"212":{"start":{"line":320,"column":6},"end":{"line":320,"column":30}},"213":{"start":{"line":323,"column":6},"end":{"line":323,"column":53}},"214":{"start":{"line":325,"column":6},"end":{"line":325,"column":34}},"215":{"start":{"line":326,"column":6},"end":{"line":326,"column":24}},"216":{"start":{"line":327,"column":6},"end":{"line":327,"column":25}},"217":{"start":{"line":328,"column":6},"end":{"line":328,"column":27}},"218":{"start":{"line":329,"column":6},"end":{"line":329,"column":28}},"219":{"start":{"line":330,"column":6},"end":{"line":330,"column":34}},"220":{"start":{"line":331,"column":6},"end":{"line":331,"column":28}},"221":{"start":{"line":336,"column":23},"end":{"line":336,"column":25}},"222":{"start":{"line":337,"column":6},"end":{"line":348,"column":7}},"223":{"start":{"line":338,"column":8},"end":{"line":347,"column":9}},"224":{"start":{"line":339,"column":10},"end":{"line":346,"column":11}},"225":{"start":{"line":340,"column":23},"end":{"line":340,"column":29}},"226":{"start":{"line":341,"column":27},"end":{"line":341,"column":72}},"227":{"start":{"line":342,"column":12},"end":{"line":342,"column":36}},"228":{"start":{"line":343,"column":12},"end":{"line":345,"column":13}},"229":{"start":{"line":344,"column":14},"end":{"line":344,"column":36}},"230":{"start":{"line":349,"column":6},"end":{"line":349,"column":24}},"231":{"start":{"line":354,"column":6},"end":{"line":362,"column":9}},"232":{"start":{"line":355,"column":8},"end":{"line":357,"column":20}},"233":{"start":{"line":356,"column":10},"end":{"line":356,"column":53}},"234":{"start":{"line":359,"column":8},"end":{"line":361,"column":11}},"235":{"start":{"line":360,"column":10},"end":{"line":360,"column":59}},"236":{"start":{"line":363,"column":6},"end":{"line":363,"column":30}},"237":{"start":{"line":368,"column":6},"end":{"line":368,"column":97}},"238":{"start":{"line":373,"column":19},"end":{"line":373,"column":23}},"239":{"start":{"line":375,"column":24},"end":{"line":375,"column":97}},"240":{"start":{"line":377,"column":6},"end":{"line":377,"column":31}},"241":{"start":{"line":377,"column":24},"end":{"line":377,"column":31}},"242":{"start":{"line":378,"column":6},"end":{"line":384,"column":18}},"243":{"start":{"line":379,"column":8},"end":{"line":379,"column":36}},"244":{"start":{"line":379,"column":29},"end":{"line":379,"column":36}},"245":{"start":{"line":380,"column":24},"end":{"line":380,"column":45}},"246":{"start":{"line":381,"column":16},"end":{"line":381,"column":45}},"247":{"start":{"line":382,"column":18},"end":{"line":382,"column":56}},"248":{"start":{"line":383,"column":8},"end":{"line":383,"column":31}},"249":{"start":{"line":385,"column":6},"end":{"line":390,"column":7}},"250":{"start":{"line":386,"column":22},"end":{"line":386,"column":49}},"251":{"start":{"line":387,"column":8},"end":{"line":387,"column":37}},"252":{"start":{"line":388,"column":8},"end":{"line":388,"column":45}},"253":{"start":{"line":389,"column":8},"end":{"line":389,"column":31}},"254":{"start":{"line":391,"column":6},"end":{"line":391,"column":25}},"255":{"start":{"line":396,"column":18},"end":{"line":396,"column":90}},"256":{"start":{"line":398,"column":6},"end":{"line":398,"column":43}},"257":{"start":{"line":399,"column":6},"end":{"line":399,"column":74}},"258":{"start":{"line":400,"column":6},"end":{"line":400,"column":43}},"259":{"start":{"line":405,"column":29},"end":{"line":405,"column":118}},"260":{"start":{"line":406,"column":26},"end":{"line":406,"column":112}},"261":{"start":{"line":408,"column":6},"end":{"line":408,"column":93}},"262":{"start":{"line":409,"column":6},"end":{"line":409,"column":18}},"263":{"start":{"line":414,"column":20},"end":{"line":414,"column":89}},"264":{"start":{"line":415,"column":18},"end":{"line":415,"column":96}},"265":{"start":{"line":417,"column":6},"end":{"line":417,"column":61}},"266":{"start":{"line":417,"column":49},"end":{"line":417,"column":61}},"267":{"start":{"line":418,"column":17},"end":{"line":418,"column":31}},"268":{"start":{"line":419,"column":6},"end":{"line":419,"column":31}},"269":{"start":{"line":420,"column":17},"end":{"line":420,"column":22}},"270":{"start":{"line":421,"column":6},"end":{"line":421,"column":21}},"271":{"start":{"line":422,"column":6},"end":{"line":422,"column":44}},"272":{"start":{"line":423,"column":6},"end":{"line":430,"column":7}},"273":{"start":{"line":424,"column":8},"end":{"line":424,"column":27}},"274":{"start":{"line":425,"column":8},"end":{"line":425,"column":89}},"275":{"start":{"line":426,"column":8},"end":{"line":426,"column":46}},"276":{"start":{"line":427,"column":8},"end":{"line":429,"column":9}},"277":{"start":{"line":428,"column":10},"end":{"line":428,"column":22}},"278":{"start":{"line":431,"column":6},"end":{"line":431,"column":18}},"279":{"start":{"line":436,"column":18},"end":{"line":436,"column":96}},"280":{"start":{"line":438,"column":6},"end":{"line":438,"column":37}},"281":{"start":{"line":438,"column":30},"end":{"line":438,"column":37}},"282":{"start":{"line":439,"column":6},"end":{"line":439,"column":24}},"283":{"start":{"line":440,"column":6},"end":{"line":440,"column":25}},"284":{"start":{"line":441,"column":6},"end":{"line":441,"column":34}},"285":{"start":{"line":442,"column":17},"end":{"line":442,"column":22}},"286":{"start":{"line":443,"column":6},"end":{"line":445,"column":7}},"287":{"start":{"line":444,"column":8},"end":{"line":444,"column":32}},"288":{"start":{"line":446,"column":6},"end":{"line":446,"column":34}},"289":{"start":{"line":447,"column":6},"end":{"line":451,"column":7}},"290":{"start":{"line":448,"column":8},"end":{"line":448,"column":26}},"291":{"start":{"line":449,"column":8},"end":{"line":449,"column":27}},"292":{"start":{"line":450,"column":8},"end":{"line":450,"column":29}},"293":{"start":{"line":452,"column":6},"end":{"line":452,"column":18}},"294":{"start":{"line":458,"column":26},"end":{"line":458,"column":96}},"295":{"start":{"line":460,"column":6},"end":{"line":460,"column":40}},"296":{"start":{"line":460,"column":33},"end":{"line":460,"column":40}},"297":{"start":{"line":461,"column":24},"end":{"line":461,"column":26}},"298":{"start":{"line":462,"column":6},"end":{"line":467,"column":7}},"299":{"start":{"line":463,"column":8},"end":{"line":466,"column":9}},"300":{"start":{"line":464,"column":21},"end":{"line":464,"column":44}},"301":{"start":{"line":465,"column":10},"end":{"line":465,"column":70}},"302":{"start":{"line":468,"column":6},"end":{"line":468,"column":25}},"303":{"start":{"line":473,"column":26},"end":{"line":473,"column":96}},"304":{"start":{"line":475,"column":6},"end":{"line":475,"column":40}},"305":{"start":{"line":475,"column":33},"end":{"line":475,"column":40}},"306":{"start":{"line":476,"column":6},"end":{"line":476,"column":89}},"307":{"start":{"line":481,"column":16},"end":{"line":481,"column":48}},"308":{"start":{"line":482,"column":6},"end":{"line":482,"column":30}},"309":{"start":{"line":487,"column":16},"end":{"line":487,"column":34}},"310":{"start":{"line":488,"column":6},"end":{"line":493,"column":7}},"311":{"start":{"line":489,"column":22},"end":{"line":489,"column":34}},"312":{"start":{"line":490,"column":8},"end":{"line":490,"column":37}},"313":{"start":{"line":491,"column":8},"end":{"line":491,"column":45}},"314":{"start":{"line":492,"column":8},"end":{"line":492,"column":44}},"315":{"start":{"line":494,"column":6},"end":{"line":494,"column":123}},"316":{"start":{"line":499,"column":22},"end":{"line":499,"column":104}},"317":{"start":{"line":501,"column":6},"end":{"line":503,"column":10}},"318":{"start":{"line":502,"column":8},"end":{"line":502,"column":49}},"319":{"start":{"line":508,"column":22},"end":{"line":508,"column":104}},"320":{"start":{"line":510,"column":6},"end":{"line":512,"column":7}},"321":{"start":{"line":511,"column":8},"end":{"line":511,"column":39}},"322":{"start":{"line":513,"column":6},"end":{"line":513,"column":50}},"323":{"start":{"line":514,"column":6},"end":{"line":514,"column":40}},"324":{"start":{"line":515,"column":16},"end":{"line":515,"column":32}},"325":{"start":{"line":516,"column":6},"end":{"line":521,"column":7}},"326":{"start":{"line":517,"column":22},"end":{"line":517,"column":31}},"327":{"start":{"line":518,"column":8},"end":{"line":518,"column":37}},"328":{"start":{"line":519,"column":8},"end":{"line":519,"column":45}},"329":{"start":{"line":520,"column":8},"end":{"line":520,"column":40}},"330":{"start":{"line":522,"column":6},"end":{"line":524,"column":9}},"331":{"start":{"line":523,"column":8},"end":{"line":523,"column":63}},"332":{"start":{"line":529,"column":22},"end":{"line":529,"column":104}},"333":{"start":{"line":531,"column":6},"end":{"line":531,"column":74}},"334":{"start":{"line":536,"column":22},"end":{"line":536,"column":104}},"335":{"start":{"line":538,"column":6},"end":{"line":538,"column":74}},"336":{"start":{"line":543,"column":19},"end":{"line":543,"column":23}},"337":{"start":{"line":545,"column":23},"end":{"line":545,"column":93}},"338":{"start":{"line":547,"column":6},"end":{"line":551,"column":10}},"339":{"start":{"line":548,"column":8},"end":{"line":550,"column":11}},"340":{"start":{"line":549,"column":10},"end":{"line":549,"column":75}},"341":{"start":{"line":556,"column":23},"end":{"line":556,"column":93}},"342":{"start":{"line":558,"column":22},"end":{"line":558,"column":24}},"343":{"start":{"line":559,"column":6},"end":{"line":564,"column":7}},"344":{"start":{"line":560,"column":8},"end":{"line":563,"column":9}},"345":{"start":{"line":561,"column":10},"end":{"line":561,"column":51}},"346":{"start":{"line":561,"column":31},"end":{"line":561,"column":51}},"347":{"start":{"line":562,"column":10},"end":{"line":562,"column":50}},"348":{"start":{"line":565,"column":6},"end":{"line":565,"column":23}},"349":{"start":{"line":570,"column":23},"end":{"line":570,"column":93}},"350":{"start":{"line":572,"column":22},"end":{"line":572,"column":24}},"351":{"start":{"line":573,"column":6},"end":{"line":577,"column":7}},"352":{"start":{"line":574,"column":18},"end":{"line":574,"column":23}},"353":{"start":{"line":575,"column":8},"end":{"line":575,"column":49}},"354":{"start":{"line":575,"column":29},"end":{"line":575,"column":49}},"355":{"start":{"line":576,"column":8},"end":{"line":576,"column":43}},"356":{"start":{"line":578,"column":6},"end":{"line":578,"column":23}},"357":{"start":{"line":583,"column":23},"end":{"line":583,"column":93}},"358":{"start":{"line":585,"column":22},"end":{"line":585,"column":24}},"359":{"start":{"line":586,"column":6},"end":{"line":590,"column":7}},"360":{"start":{"line":587,"column":18},"end":{"line":587,"column":35}},"361":{"start":{"line":588,"column":8},"end":{"line":588,"column":49}},"362":{"start":{"line":588,"column":29},"end":{"line":588,"column":49}},"363":{"start":{"line":589,"column":8},"end":{"line":589,"column":43}},"364":{"start":{"line":591,"column":6},"end":{"line":591,"column":23}},"365":{"start":{"line":596,"column":24},"end":{"line":596,"column":97}},"366":{"start":{"line":598,"column":6},"end":{"line":600,"column":18}},"367":{"start":{"line":599,"column":8},"end":{"line":599,"column":64}},"368":{"start":{"line":605,"column":24},"end":{"line":605,"column":97}},"369":{"start":{"line":607,"column":6},"end":{"line":607,"column":31}},"370":{"start":{"line":607,"column":24},"end":{"line":607,"column":31}},"371":{"start":{"line":608,"column":6},"end":{"line":608,"column":42}},"372":{"start":{"line":613,"column":23},"end":{"line":613,"column":43}},"373":{"start":{"line":614,"column":6},"end":{"line":617,"column":7}},"374":{"start":{"line":615,"column":8},"end":{"line":615,"column":89}},"375":{"start":{"line":616,"column":8},"end":{"line":616,"column":42}},"376":{"start":{"line":618,"column":6},"end":{"line":618,"column":98}},"377":{"start":{"line":623,"column":29},"end":{"line":623,"column":98}},"378":{"start":{"line":624,"column":26},"end":{"line":624,"column":95}},"379":{"start":{"line":626,"column":6},"end":{"line":628,"column":7}},"380":{"start":{"line":627,"column":8},"end":{"line":627,"column":53}},"381":{"start":{"line":629,"column":6},"end":{"line":631,"column":7}},"382":{"start":{"line":630,"column":8},"end":{"line":630,"column":47}},"383":{"start":{"line":632,"column":22},"end":{"line":632,"column":59}},"384":{"start":{"line":633,"column":6},"end":{"line":633,"column":50}},"385":{"start":{"line":634,"column":24},"end":{"line":634,"column":45}},"386":{"start":{"line":635,"column":6},"end":{"line":635,"column":56}},"387":{"start":{"line":640,"column":6},"end":{"line":640,"column":57}},"388":{"start":{"line":645,"column":24},"end":{"line":645,"column":93}},"389":{"start":{"line":647,"column":6},"end":{"line":647,"column":31}},"390":{"start":{"line":647,"column":24},"end":{"line":647,"column":31}},"391":{"start":{"line":648,"column":16},"end":{"line":648,"column":48}},"392":{"start":{"line":649,"column":6},"end":{"line":649,"column":30}},"393":{"start":{"line":654,"column":6},"end":{"line":654,"column":85}},"394":{"start":{"line":659,"column":19},"end":{"line":659,"column":23}},"395":{"start":{"line":661,"column":24},"end":{"line":661,"column":93}},"396":{"start":{"line":663,"column":6},"end":{"line":663,"column":68}},"397":{"start":{"line":664,"column":6},"end":{"line":664,"column":44}},"398":{"start":{"line":665,"column":6},"end":{"line":670,"column":7}},"399":{"start":{"line":666,"column":22},"end":{"line":666,"column":49}},"400":{"start":{"line":667,"column":8},"end":{"line":667,"column":37}},"401":{"start":{"line":668,"column":8},"end":{"line":668,"column":45}},"402":{"start":{"line":669,"column":8},"end":{"line":669,"column":31}},"403":{"start":{"line":671,"column":6},"end":{"line":684,"column":32}},"404":{"start":{"line":672,"column":8},"end":{"line":672,"column":54}},"405":{"start":{"line":673,"column":8},"end":{"line":681,"column":9}},"406":{"start":{"line":674,"column":10},"end":{"line":674,"column":23}},"407":{"start":{"line":676,"column":10},"end":{"line":676,"column":21}},"408":{"start":{"line":677,"column":20},"end":{"line":677,"column":28}},"409":{"start":{"line":678,"column":10},"end":{"line":678,"column":22}},"410":{"start":{"line":679,"column":20},"end":{"line":679,"column":28}},"411":{"start":{"line":680,"column":10},"end":{"line":680,"column":46}},"412":{"start":{"line":683,"column":8},"end":{"line":683,"column":20}},"413":{"start":{"line":689,"column":18},"end":{"line":689,"column":96}},"414":{"start":{"line":691,"column":6},"end":{"line":691,"column":54}},"415":{"start":{"line":691,"column":25},"end":{"line":691,"column":54}},"416":{"start":{"line":692,"column":23},"end":{"line":692,"column":25}},"417":{"start":{"line":693,"column":6},"end":{"line":717,"column":7}},"418":{"start":{"line":694,"column":19},"end":{"line":694,"column":27}},"419":{"start":{"line":695,"column":8},"end":{"line":695,"column":38}},"420":{"start":{"line":697,"column":8},"end":{"line":713,"column":9}},"421":{"start":{"line":699,"column":12},"end":{"line":701,"column":15}},"422":{"start":{"line":700,"column":14},"end":{"line":700,"column":27}},"423":{"start":{"line":702,"column":12},"end":{"line":702,"column":18}},"424":{"start":{"line":704,"column":12},"end":{"line":704,"column":38}},"425":{"start":{"line":705,"column":12},"end":{"line":705,"column":18}},"426":{"start":{"line":707,"column":12},"end":{"line":707,"column":46}},"427":{"start":{"line":708,"column":12},"end":{"line":708,"column":18}},"428":{"start":{"line":710,"column":12},"end":{"line":710,"column":18}},"429":{"start":{"line":712,"column":12},"end":{"line":712,"column":70}},"430":{"start":{"line":715,"column":8},"end":{"line":715,"column":50}},"431":{"start":{"line":716,"column":8},"end":{"line":716,"column":29}},"432":{"start":{"line":718,"column":6},"end":{"line":718,"column":30}},"433":{"start":{"line":719,"column":6},"end":{"line":719,"column":32}},"434":{"start":{"line":724,"column":6},"end":{"line":724,"column":59}},"435":{"start":{"line":729,"column":18},"end":{"line":729,"column":88}},"436":{"start":{"line":731,"column":6},"end":{"line":731,"column":80}},"437":{"start":{"line":736,"column":23},"end":{"line":736,"column":42}},"438":{"start":{"line":737,"column":6},"end":{"line":737,"column":91}},"439":{"start":{"line":737,"column":23},"end":{"line":737,"column":91}},"440":{"start":{"line":738,"column":6},"end":{"line":738,"column":90}},"441":{"start":{"line":738,"column":22},"end":{"line":738,"column":90}},"442":{"start":{"line":739,"column":6},"end":{"line":739,"column":90}},"443":{"start":{"line":739,"column":22},"end":{"line":739,"column":90}},"444":{"start":{"line":740,"column":6},"end":{"line":740,"column":90}},"445":{"start":{"line":740,"column":22},"end":{"line":740,"column":90}},"446":{"start":{"line":741,"column":6},"end":{"line":741,"column":91}},"447":{"start":{"line":741,"column":23},"end":{"line":741,"column":91}},"448":{"start":{"line":743,"column":6},"end":{"line":743,"column":24}},"449":{"start":{"line":748,"column":19},"end":{"line":748,"column":23}},"450":{"start":{"line":750,"column":15},"end":{"line":750,"column":97}},"451":{"start":{"line":751,"column":17},"end":{"line":751,"column":88}},"452":{"start":{"line":753,"column":6},"end":{"line":753,"column":28}},"453":{"start":{"line":754,"column":6},"end":{"line":832,"column":9}},"454":{"start":{"line":755,"column":20},"end":{"line":755,"column":29}},"455":{"start":{"line":756,"column":20},"end":{"line":756,"column":29}},"456":{"start":{"line":757,"column":20},"end":{"line":757,"column":29}},"457":{"start":{"line":758,"column":19},"end":{"line":758,"column":28}},"458":{"start":{"line":763,"column":8},"end":{"line":767,"column":9}},"459":{"start":{"line":764,"column":10},"end":{"line":764,"column":44}},"460":{"start":{"line":765,"column":10},"end":{"line":765,"column":31}},"461":{"start":{"line":766,"column":10},"end":{"line":766,"column":33}},"462":{"start":{"line":769,"column":19},"end":{"line":769,"column":25}},"463":{"start":{"line":770,"column":21},"end":{"line":770,"column":27}},"464":{"start":{"line":771,"column":23},"end":{"line":771,"column":29}},"465":{"start":{"line":772,"column":26},"end":{"line":772,"column":27}},"466":{"start":{"line":773,"column":21},"end":{"line":773,"column":29}},"467":{"start":{"line":775,"column":18},"end":{"line":775,"column":365}},"468":{"start":{"line":777,"column":8},"end":{"line":786,"column":9}},"469":{"start":{"line":778,"column":10},"end":{"line":778,"column":23}},"470":{"start":{"line":779,"column":10},"end":{"line":779,"column":25}},"471":{"start":{"line":780,"column":15},"end":{"line":786,"column":9}},"472":{"start":{"line":781,"column":10},"end":{"line":781,"column":23}},"473":{"start":{"line":782,"column":10},"end":{"line":782,"column":25}},"474":{"start":{"line":784,"column":10},"end":{"line":784,"column":22}},"475":{"start":{"line":785,"column":10},"end":{"line":785,"column":24}},"476":{"start":{"line":792,"column":22},"end":{"line":792,"column":52}},"477":{"start":{"line":794,"column":8},"end":{"line":794,"column":121}},"478":{"start":{"line":796,"column":8},"end":{"line":796,"column":226}},"479":{"start":{"line":797,"column":8},"end":{"line":821,"column":9}},"480":{"start":{"line":798,"column":20},"end":{"line":798,"column":37}},"481":{"start":{"line":799,"column":20},"end":{"line":799,"column":25}},"482":{"start":{"line":800,"column":10},"end":{"line":817,"column":11}},"483":{"start":{"line":802,"column":14},"end":{"line":802,"column":66}},"484":{"start":{"line":802,"column":57},"end":{"line":802,"column":66}},"485":{"start":{"line":803,"column":14},"end":{"line":803,"column":27}},"486":{"start":{"line":804,"column":14},"end":{"line":804,"column":30}},"487":{"start":{"line":805,"column":14},"end":{"line":805,"column":20}},"488":{"start":{"line":807,"column":14},"end":{"line":807,"column":66}},"489":{"start":{"line":807,"column":57},"end":{"line":807,"column":66}},"490":{"start":{"line":808,"column":14},"end":{"line":808,"column":27}},"491":{"start":{"line":809,"column":14},"end":{"line":809,"column":30}},"492":{"start":{"line":810,"column":14},"end":{"line":810,"column":20}},"493":{"start":{"line":812,"column":14},"end":{"line":812,"column":27}},"494":{"start":{"line":813,"column":14},"end":{"line":813,"column":30}},"495":{"start":{"line":814,"column":14},"end":{"line":814,"column":20}},"496":{"start":{"line":816,"column":14},"end":{"line":816,"column":23}},"497":{"start":{"line":818,"column":18},"end":{"line":818,"column":52}},"498":{"start":{"line":819,"column":18},"end":{"line":819,"column":52}},"499":{"start":{"line":820,"column":10},"end":{"line":820,"column":181}},"500":{"start":{"line":822,"column":8},"end":{"line":822,"column":24}},"501":{"start":{"line":823,"column":8},"end":{"line":823,"column":21}},"502":{"start":{"line":836,"column":2},"end":{"line":836,"column":17}},"503":{"start":{"line":839,"column":0},"end":{"line":839,"column":26}}},"fnMap":{"0":{"name":"(anonymous_0)","decl":{"start":{"line":7,"column":19},"end":{"line":7,"column":20}},"loc":{"start":{"line":7,"column":31},"end":{"line":7,"column":561}},"line":7},"1":{"name":"defineProperties","decl":{"start":{"line":7,"column":42},"end":{"line":7,"column":58}},"loc":{"start":{"line":7,"column":74},"end":{"line":7,"column":349}},"line":7},"2":{"name":"(anonymous_2)","decl":{"start":{"line":7,"column":357},"end":{"line":7,"column":358}},"loc":{"start":{"line":7,"column":405},"end":{"line":7,"column":558}},"line":7},"3":{"name":"_interopRequireDefault","decl":{"start":{"line":13,"column":9},"end":{"line":13,"column":31}},"loc":{"start":{"line":13,"column":37},"end":{"line":13,"column":95}},"line":13},"4":{"name":"_classCallCheck","decl":{"start":{"line":15,"column":9},"end":{"line":15,"column":24}},"loc":{"start":{"line":15,"column":48},"end":{"line":15,"column":153}},"line":15},"5":{"name":"(anonymous_5)","decl":{"start":{"line":17,"column":14},"end":{"line":17,"column":15}},"loc":{"start":{"line":17,"column":26},"end":{"line":837,"column":1}},"line":17},"6":{"name":"Reversi","decl":{"start":{"line":18,"column":11},"end":{"line":18,"column":18}},"loc":{"start":{"line":18,"column":29},"end":{"line":30,"column":3}},"line":18},"7":{"name":"clearAttrs","decl":{"start":{"line":34,"column":20},"end":{"line":34,"column":30}},"loc":{"start":{"line":34,"column":33},"end":{"line":73,"column":5}},"line":34},"8":{"name":"(anonymous_8)","decl":{"start":{"line":49,"column":56},"end":{"line":49,"column":57}},"loc":{"start":{"line":49,"column":69},"end":{"line":51,"column":7}},"line":49},"9":{"name":"(anonymous_9)","decl":{"start":{"line":52,"column":59},"end":{"line":52,"column":60}},"loc":{"start":{"line":52,"column":72},"end":{"line":54,"column":7}},"line":52},"10":{"name":"thisMovesToByteMoves","decl":{"start":{"line":76,"column":20},"end":{"line":76,"column":40}},"loc":{"start":{"line":76,"column":43},"end":{"line":85,"column":5}},"line":76},"11":{"name":"thisBoardToByteBoard","decl":{"start":{"line":88,"column":20},"end":{"line":88,"column":40}},"loc":{"start":{"line":88,"column":43},"end":{"line":90,"column":5}},"line":88},"12":{"name":"makeMove","decl":{"start":{"line":93,"column":20},"end":{"line":93,"column":28}},"loc":{"start":{"line":93,"column":35},"end":{"line":127,"column":5}},"line":93},"13":{"name":"possibleDirections","decl":{"start":{"line":130,"column":20},"end":{"line":130,"column":38}},"loc":{"start":{"line":130,"column":49},"end":{"line":145,"column":5}},"line":130},"14":{"name":"traverseDirection","decl":{"start":{"line":148,"column":20},"end":{"line":148,"column":37}},"loc":{"start":{"line":148,"column":67},"end":{"line":176,"column":5}},"line":148},"15":{"name":"isComplete","decl":{"start":{"line":179,"column":20},"end":{"line":179,"column":30}},"loc":{"start":{"line":179,"column":33},"end":{"line":220,"column":5}},"line":179},"16":{"name":"calcWinners","decl":{"start":{"line":223,"column":20},"end":{"line":223,"column":31}},"loc":{"start":{"line":223,"column":34},"end":{"line":236,"column":5}},"line":223},"17":{"name":"isSymmetrical","decl":{"start":{"line":239,"column":20},"end":{"line":239,"column":33}},"loc":{"start":{"line":239,"column":36},"end":{"line":277,"column":5}},"line":239},"18":{"name":"buildMovesString","decl":{"start":{"line":280,"column":20},"end":{"line":280,"column":36}},"loc":{"start":{"line":280,"column":39},"end":{"line":286,"column":5}},"line":280},"19":{"name":"(anonymous_19)","decl":{"start":{"line":283,"column":40},"end":{"line":283,"column":41}},"loc":{"start":{"line":283,"column":56},"end":{"line":285,"column":7}},"line":283},"20":{"name":"pickRandomMove","decl":{"start":{"line":289,"column":20},"end":{"line":289,"column":34}},"loc":{"start":{"line":289,"column":37},"end":{"line":296,"column":5}},"line":289},"21":{"name":"mine","decl":{"start":{"line":299,"column":20},"end":{"line":299,"column":24}},"loc":{"start":{"line":299,"column":27},"end":{"line":332,"column":5}},"line":299},"22":{"name":"getValidMoves","decl":{"start":{"line":335,"column":20},"end":{"line":335,"column":33}},"loc":{"start":{"line":335,"column":36},"end":{"line":350,"column":5}},"line":335},"23":{"name":"makeVisualBoard","decl":{"start":{"line":353,"column":20},"end":{"line":353,"column":35}},"loc":{"start":{"line":353,"column":38},"end":{"line":364,"column":5}},"line":353},"24":{"name":"(anonymous_24)","decl":{"start":{"line":354,"column":62},"end":{"line":354,"column":63}},"loc":{"start":{"line":354,"column":75},"end":{"line":358,"column":7}},"line":354},"25":{"name":"(anonymous_25)","decl":{"start":{"line":355,"column":21},"end":{"line":355,"column":22}},"loc":{"start":{"line":355,"column":34},"end":{"line":357,"column":9}},"line":355},"26":{"name":"(anonymous_26)","decl":{"start":{"line":358,"column":40},"end":{"line":358,"column":41}},"loc":{"start":{"line":358,"column":53},"end":{"line":362,"column":7}},"line":358},"27":{"name":"(anonymous_27)","decl":{"start":{"line":359,"column":21},"end":{"line":359,"column":22}},"loc":{"start":{"line":359,"column":34},"end":{"line":361,"column":9}},"line":359},"28":{"name":"moveToArray","decl":{"start":{"line":367,"column":20},"end":{"line":367,"column":31}},"loc":{"start":{"line":367,"column":43},"end":{"line":369,"column":5}},"line":367},"29":{"name":"stringMovesToBinaryMoves","decl":{"start":{"line":372,"column":20},"end":{"line":372,"column":44}},"loc":{"start":{"line":372,"column":47},"end":{"line":392,"column":5}},"line":372},"30":{"name":"(anonymous_30)","decl":{"start":{"line":378,"column":53},"end":{"line":378,"column":54}},"loc":{"start":{"line":378,"column":69},"end":{"line":384,"column":7}},"line":378},"31":{"name":"playGameMovesString","decl":{"start":{"line":395,"column":20},"end":{"line":395,"column":39}},"loc":{"start":{"line":395,"column":42},"end":{"line":401,"column":5}},"line":395},"32":{"name":"playGameByteMoves","decl":{"start":{"line":404,"column":20},"end":{"line":404,"column":37}},"loc":{"start":{"line":404,"column":40},"end":{"line":410,"column":5}},"line":404},"33":{"name":"playMove","decl":{"start":{"line":413,"column":20},"end":{"line":413,"column":28}},"loc":{"start":{"line":413,"column":31},"end":{"line":432,"column":5}},"line":413},"34":{"name":"playGameMovesArray","decl":{"start":{"line":435,"column":20},"end":{"line":435,"column":38}},"loc":{"start":{"line":435,"column":41},"end":{"line":454,"column":5}},"line":435},"35":{"name":"colArrayBoardToBinaryBoard","decl":{"start":{"line":457,"column":20},"end":{"line":457,"column":46}},"loc":{"start":{"line":457,"column":49},"end":{"line":469,"column":5}},"line":457},"36":{"name":"colArrayBoardToByteBoard","decl":{"start":{"line":472,"column":20},"end":{"line":472,"column":44}},"loc":{"start":{"line":472,"column":47},"end":{"line":477,"column":5}},"line":472},"37":{"name":"binaryBoardToByteBoard","decl":{"start":{"line":480,"column":20},"end":{"line":480,"column":42}},"loc":{"start":{"line":480,"column":56},"end":{"line":483,"column":5}},"line":480},"38":{"name":"sliceBinaryMovesToBytes","decl":{"start":{"line":486,"column":20},"end":{"line":486,"column":43}},"loc":{"start":{"line":486,"column":57},"end":{"line":495,"column":5}},"line":486},"39":{"name":"byteBoardPopulateBoard","decl":{"start":{"line":498,"column":20},"end":{"line":498,"column":42}},"loc":{"start":{"line":498,"column":45},"end":{"line":504,"column":5}},"line":498},"40":{"name":"(anonymous_40)","decl":{"start":{"line":501,"column":83},"end":{"line":501,"column":84}},"loc":{"start":{"line":501,"column":96},"end":{"line":503,"column":7}},"line":501},"41":{"name":"byteBoardToArrayBoard","decl":{"start":{"line":507,"column":20},"end":{"line":507,"column":41}},"loc":{"start":{"line":507,"column":44},"end":{"line":525,"column":5}},"line":507},"42":{"name":"(anonymous_42)","decl":{"start":{"line":522,"column":44},"end":{"line":522,"column":45}},"loc":{"start":{"line":522,"column":60},"end":{"line":524,"column":7}},"line":522},"43":{"name":"byteBoardToRowArray","decl":{"start":{"line":528,"column":20},"end":{"line":528,"column":39}},"loc":{"start":{"line":528,"column":42},"end":{"line":532,"column":5}},"line":528},"44":{"name":"byteBoardToColArray","decl":{"start":{"line":535,"column":20},"end":{"line":535,"column":39}},"loc":{"start":{"line":535,"column":42},"end":{"line":539,"column":5}},"line":535},"45":{"name":"multiArrayBoardToRows","decl":{"start":{"line":542,"column":20},"end":{"line":542,"column":41}},"loc":{"start":{"line":542,"column":44},"end":{"line":552,"column":5}},"line":542},"46":{"name":"(anonymous_46)","decl":{"start":{"line":547,"column":52},"end":{"line":547,"column":53}},"loc":{"start":{"line":547,"column":65},"end":{"line":551,"column":7}},"line":547},"47":{"name":"(anonymous_47)","decl":{"start":{"line":548,"column":21},"end":{"line":548,"column":22}},"loc":{"start":{"line":548,"column":34},"end":{"line":550,"column":9}},"line":548},"48":{"name":"arrayBoardToRows2D","decl":{"start":{"line":555,"column":20},"end":{"line":555,"column":38}},"loc":{"start":{"line":555,"column":41},"end":{"line":566,"column":5}},"line":555},"49":{"name":"arrayBoardToRows","decl":{"start":{"line":569,"column":20},"end":{"line":569,"column":36}},"loc":{"start":{"line":569,"column":39},"end":{"line":579,"column":5}},"line":569},"50":{"name":"arrayBoardToCols","decl":{"start":{"line":582,"column":20},"end":{"line":582,"column":36}},"loc":{"start":{"line":582,"column":39},"end":{"line":592,"column":5}},"line":582},"51":{"name":"stringBoardToArrayBoard","decl":{"start":{"line":595,"column":20},"end":{"line":595,"column":43}},"loc":{"start":{"line":595,"column":46},"end":{"line":601,"column":5}},"line":595},"52":{"name":"(anonymous_52)","decl":{"start":{"line":598,"column":61},"end":{"line":598,"column":62}},"loc":{"start":{"line":598,"column":77},"end":{"line":600,"column":7}},"line":598},"53":{"name":"stringMovesToArrayMoves","decl":{"start":{"line":604,"column":20},"end":{"line":604,"column":43}},"loc":{"start":{"line":604,"column":46},"end":{"line":609,"column":5}},"line":604},"54":{"name":"pickRandomMove","decl":{"start":{"line":612,"column":20},"end":{"line":612,"column":34}},"loc":{"start":{"line":612,"column":37},"end":{"line":619,"column":5}},"line":612},"55":{"name":"byteMovesToStringMoves","decl":{"start":{"line":622,"column":20},"end":{"line":622,"column":42}},"loc":{"start":{"line":622,"column":45},"end":{"line":636,"column":5}},"line":622},"56":{"name":"returnByteMoves","decl":{"start":{"line":639,"column":20},"end":{"line":639,"column":35}},"loc":{"start":{"line":639,"column":38},"end":{"line":641,"column":5}},"line":639},"57":{"name":"binaryMovesToByteMoves","decl":{"start":{"line":644,"column":20},"end":{"line":644,"column":42}},"loc":{"start":{"line":644,"column":45},"end":{"line":650,"column":5}},"line":644},"58":{"name":"stringMovesToByteMoves","decl":{"start":{"line":653,"column":20},"end":{"line":653,"column":42}},"loc":{"start":{"line":653,"column":56},"end":{"line":655,"column":5}},"line":653},"59":{"name":"binaryMovesToStringMoves","decl":{"start":{"line":658,"column":20},"end":{"line":658,"column":44}},"loc":{"start":{"line":658,"column":47},"end":{"line":685,"column":5}},"line":658},"60":{"name":"(anonymous_60)","decl":{"start":{"line":671,"column":46},"end":{"line":671,"column":47}},"loc":{"start":{"line":671,"column":62},"end":{"line":682,"column":7}},"line":671},"61":{"name":"(anonymous_61)","decl":{"start":{"line":682,"column":16},"end":{"line":682,"column":17}},"loc":{"start":{"line":682,"column":32},"end":{"line":684,"column":7}},"line":682},"62":{"name":"translateToC4Version","decl":{"start":{"line":688,"column":20},"end":{"line":688,"column":40}},"loc":{"start":{"line":688,"column":43},"end":{"line":720,"column":5}},"line":688},"63":{"name":"(anonymous_63)","decl":{"start":{"line":699,"column":28},"end":{"line":699,"column":29}},"loc":{"start":{"line":699,"column":41},"end":{"line":701,"column":13}},"line":699},"64":{"name":"arrayToMove","decl":{"start":{"line":723,"column":20},"end":{"line":723,"column":31}},"loc":{"start":{"line":723,"column":42},"end":{"line":725,"column":5}},"line":723},"65":{"name":"sliceMovesStringToBytes","decl":{"start":{"line":728,"column":20},"end":{"line":728,"column":43}},"loc":{"start":{"line":728,"column":46},"end":{"line":732,"column":5}},"line":728},"66":{"name":"returnSymmetriesAsBN","decl":{"start":{"line":735,"column":20},"end":{"line":735,"column":40}},"loc":{"start":{"line":735,"column":43},"end":{"line":744,"column":5}},"line":735},"67":{"name":"toSVG","decl":{"start":{"line":747,"column":20},"end":{"line":747,"column":25}},"loc":{"start":{"line":747,"column":28},"end":{"line":833,"column":5}},"line":747},"68":{"name":"(anonymous_68)","decl":{"start":{"line":754,"column":25},"end":{"line":754,"column":26}},"loc":{"start":{"line":754,"column":52},"end":{"line":832,"column":7}},"line":754}},"branchMap":{"0":{"loc":{"start":{"line":7,"column":168},"end":{"line":7,"column":198}},"type":"binary-expr","locations":[{"start":{"line":7,"column":168},"end":{"line":7,"column":189}},{"start":{"line":7,"column":193},"end":{"line":7,"column":198}}],"line":7},"1":{"loc":{"start":{"line":7,"column":232},"end":{"line":7,"column":286}},"type":"if","locations":[{"start":{"line":7,"column":232},"end":{"line":7,"column":286}},{"start":{"line":7,"column":232},"end":{"line":7,"column":286}}],"line":7},"2":{"loc":{"start":{"line":7,"column":407},"end":{"line":7,"column":475}},"type":"if","locations":[{"start":{"line":7,"column":407},"end":{"line":7,"column":475}},{"start":{"line":7,"column":407},"end":{"line":7,"column":475}}],"line":7},"3":{"loc":{"start":{"line":7,"column":476},"end":{"line":7,"column":536}},"type":"if","locations":[{"start":{"line":7,"column":476},"end":{"line":7,"column":536}},{"start":{"line":7,"column":476},"end":{"line":7,"column":536}}],"line":7},"4":{"loc":{"start":{"line":13,"column":46},"end":{"line":13,"column":92}},"type":"cond-expr","locations":[{"start":{"line":13,"column":70},"end":{"line":13,"column":73}},{"start":{"line":13,"column":76},"end":{"line":13,"column":92}}],"line":13},"5":{"loc":{"start":{"line":13,"column":46},"end":{"line":13,"column":67}},"type":"binary-expr","locations":[{"start":{"line":13,"column":46},"end":{"line":13,"column":49}},{"start":{"line":13,"column":53},"end":{"line":13,"column":67}}],"line":13},"6":{"loc":{"start":{"line":15,"column":50},"end":{"line":15,"column":151}},"type":"if","locations":[{"start":{"line":15,"column":50},"end":{"line":15,"column":151}},{"start":{"line":15,"column":50},"end":{"line":15,"column":151}}],"line":15},"7":{"loc":{"start":{"line":27,"column":4},"end":{"line":29,"column":5}},"type":"if","locations":[{"start":{"line":27,"column":4},"end":{"line":29,"column":5}},{"start":{"line":27,"column":4},"end":{"line":29,"column":5}}],"line":27},"8":{"loc":{"start":{"line":77,"column":18},"end":{"line":77,"column":96}},"type":"cond-expr","locations":[{"start":{"line":77,"column":71},"end":{"line":77,"column":83}},{"start":{"line":77,"column":86},"end":{"line":77,"column":96}}],"line":77},"9":{"loc":{"start":{"line":77,"column":18},"end":{"line":77,"column":68}},"type":"binary-expr","locations":[{"start":{"line":77,"column":18},"end":{"line":77,"column":38}},{"start":{"line":77,"column":42},"end":{"line":77,"column":68}}],"line":77},"10":{"loc":{"start":{"line":96,"column":6},"end":{"line":100,"column":7}},"type":"if","locations":[{"start":{"line":96,"column":6},"end":{"line":100,"column":7}},{"start":{"line":96,"column":6},"end":{"line":100,"column":7}}],"line":96},"11":{"loc":{"start":{"line":103,"column":6},"end":{"line":107,"column":7}},"type":"if","locations":[{"start":{"line":103,"column":6},"end":{"line":107,"column":7}},{"start":{"line":103,"column":6},"end":{"line":107,"column":7}}],"line":103},"12":{"loc":{"start":{"line":118,"column":6},"end":{"line":125,"column":7}},"type":"if","locations":[{"start":{"line":118,"column":6},"end":{"line":125,"column":7}},{"start":{"line":118,"column":6},"end":{"line":125,"column":7}}],"line":118},"13":{"loc":{"start":{"line":126,"column":27},"end":{"line":126,"column":86}},"type":"cond-expr","locations":[{"start":{"line":126,"column":63},"end":{"line":126,"column":73}},{"start":{"line":126,"column":76},"end":{"line":126,"column":86}}],"line":126},"14":{"loc":{"start":{"line":137,"column":8},"end":{"line":142,"column":9}},"type":"if","locations":[{"start":{"line":137,"column":8},"end":{"line":142,"column":9}},{"start":{"line":137,"column":8},"end":{"line":142,"column":9}}],"line":137},"15":{"loc":{"start":{"line":137,"column":14},"end":{"line":137,"column":66}},"type":"binary-expr","locations":[{"start":{"line":137,"column":14},"end":{"line":137,"column":24}},{"start":{"line":137,"column":28},"end":{"line":137,"column":38}},{"start":{"line":137,"column":42},"end":{"line":137,"column":52}},{"start":{"line":137,"column":56},"end":{"line":137,"column":66}}],"line":137},"16":{"loc":{"start":{"line":139,"column":10},"end":{"line":141,"column":11}},"type":"if","locations":[{"start":{"line":139,"column":10},"end":{"line":141,"column":11}},{"start":{"line":139,"column":10},"end":{"line":141,"column":11}}],"line":139},"17":{"loc":{"start":{"line":139,"column":14},"end":{"line":139,"column":70}},"type":"binary-expr","locations":[{"start":{"line":139,"column":14},"end":{"line":139,"column":44}},{"start":{"line":139,"column":48},"end":{"line":139,"column":70}}],"line":139},"18":{"loc":{"start":{"line":151,"column":27},"end":{"line":151,"column":86}},"type":"cond-expr","locations":[{"start":{"line":151,"column":63},"end":{"line":151,"column":73}},{"start":{"line":151,"column":76},"end":{"line":151,"column":86}}],"line":151},"19":{"loc":{"start":{"line":152,"column":22},"end":{"line":152,"column":52}},"type":"binary-expr","locations":[{"start":{"line":152,"column":22},"end":{"line":152,"column":43}},{"start":{"line":152,"column":47},"end":{"line":152,"column":52}}],"line":152},"20":{"loc":{"start":{"line":155,"column":8},"end":{"line":173,"column":9}},"type":"if","locations":[{"start":{"line":155,"column":8},"end":{"line":173,"column":9}},{"start":{"line":155,"column":8},"end":{"line":173,"column":9}}],"line":155},"21":{"loc":{"start":{"line":155,"column":12},"end":{"line":155,"column":64}},"type":"binary-expr","locations":[{"start":{"line":155,"column":12},"end":{"line":155,"column":22}},{"start":{"line":155,"column":26},"end":{"line":155,"column":36}},{"start":{"line":155,"column":40},"end":{"line":155,"column":50}},{"start":{"line":155,"column":54},"end":{"line":155,"column":64}}],"line":155},"22":{"loc":{"start":{"line":161,"column":10},"end":{"line":172,"column":11}},"type":"if","locations":[{"start":{"line":161,"column":10},"end":{"line":172,"column":11}},{"start":{"line":161,"column":10},"end":{"line":172,"column":11}}],"line":161},"23":{"loc":{"start":{"line":164,"column":17},"end":{"line":172,"column":11}},"type":"if","locations":[{"start":{"line":164,"column":17},"end":{"line":172,"column":11}},{"start":{"line":164,"column":17},"end":{"line":172,"column":11}}],"line":164},"24":{"loc":{"start":{"line":164,"column":21},"end":{"line":164,"column":60}},"type":"binary-expr","locations":[{"start":{"line":164,"column":21},"end":{"line":164,"column":51}},{"start":{"line":164,"column":55},"end":{"line":164,"column":60}}],"line":164},"25":{"loc":{"start":{"line":180,"column":6},"end":{"line":184,"column":7}},"type":"if","locations":[{"start":{"line":180,"column":6},"end":{"line":184,"column":7}},{"start":{"line":180,"column":6},"end":{"line":184,"column":7}}],"line":180},"26":{"loc":{"start":{"line":188,"column":10},"end":{"line":190,"column":11}},"type":"if","locations":[{"start":{"line":188,"column":10},"end":{"line":190,"column":11}},{"start":{"line":188,"column":10},"end":{"line":190,"column":11}}],"line":188},"27":{"loc":{"start":{"line":194,"column":6},"end":{"line":212,"column":7}},"type":"if","locations":[{"start":{"line":194,"column":6},"end":{"line":212,"column":7}},{"start":{"line":194,"column":6},"end":{"line":212,"column":7}}],"line":194},"28":{"loc":{"start":{"line":195,"column":25},"end":{"line":195,"column":65}},"type":"binary-expr","locations":[{"start":{"line":195,"column":25},"end":{"line":195,"column":44}},{"start":{"line":195,"column":48},"end":{"line":195,"column":65}}],"line":195},"29":{"loc":{"start":{"line":200,"column":10},"end":{"line":202,"column":11}},"type":"if","locations":[{"start":{"line":200,"column":10},"end":{"line":202,"column":11}},{"start":{"line":200,"column":10},"end":{"line":202,"column":11}}],"line":200},"30":{"loc":{"start":{"line":207,"column":10},"end":{"line":209,"column":11}},"type":"if","locations":[{"start":{"line":207,"column":10},"end":{"line":209,"column":11}},{"start":{"line":207,"column":10},"end":{"line":209,"column":11}}],"line":207},"31":{"loc":{"start":{"line":213,"column":6},"end":{"line":219,"column":7}},"type":"if","locations":[{"start":{"line":213,"column":6},"end":{"line":219,"column":7}},{"start":{"line":213,"column":6},"end":{"line":219,"column":7}}],"line":213},"32":{"loc":{"start":{"line":225,"column":6},"end":{"line":225,"column":60}},"type":"if","locations":[{"start":{"line":225,"column":6},"end":{"line":225,"column":60}},{"start":{"line":225,"column":6},"end":{"line":225,"column":60}}],"line":225},"33":{"loc":{"start":{"line":231,"column":13},"end":{"line":231,"column":56}},"type":"cond-expr","locations":[{"start":{"line":231,"column":51},"end":{"line":231,"column":52}},{"start":{"line":231,"column":55},"end":{"line":231,"column":56}}],"line":231},"34":{"loc":{"start":{"line":232,"column":13},"end":{"line":232,"column":56}},"type":"cond-expr","locations":[{"start":{"line":232,"column":51},"end":{"line":232,"column":52}},{"start":{"line":232,"column":55},"end":{"line":232,"column":56}}],"line":232},"35":{"loc":{"start":{"line":245,"column":22},"end":{"line":245,"column":88}},"type":"binary-expr","locations":[{"start":{"line":245,"column":22},"end":{"line":245,"column":39}},{"start":{"line":245,"column":44},"end":{"line":245,"column":50}},{"start":{"line":245,"column":54},"end":{"line":245,"column":59}},{"start":{"line":245,"column":63},"end":{"line":245,"column":68}},{"start":{"line":245,"column":72},"end":{"line":245,"column":77}},{"start":{"line":245,"column":81},"end":{"line":245,"column":87}}],"line":245},"36":{"loc":{"start":{"line":246,"column":24},"end":{"line":246,"column":90}},"type":"binary-expr","locations":[{"start":{"line":246,"column":24},"end":{"line":246,"column":41}},{"start":{"line":246,"column":46},"end":{"line":246,"column":52}},{"start":{"line":246,"column":56},"end":{"line":246,"column":61}},{"start":{"line":246,"column":65},"end":{"line":246,"column":70}},{"start":{"line":246,"column":74},"end":{"line":246,"column":79}},{"start":{"line":246,"column":83},"end":{"line":246,"column":89}}],"line":246},"37":{"loc":{"start":{"line":248,"column":10},"end":{"line":250,"column":11}},"type":"if","locations":[{"start":{"line":248,"column":10},"end":{"line":250,"column":11}},{"start":{"line":248,"column":10},"end":{"line":250,"column":11}}],"line":248},"38":{"loc":{"start":{"line":252,"column":10},"end":{"line":254,"column":11}},"type":"if","locations":[{"start":{"line":252,"column":10},"end":{"line":254,"column":11}},{"start":{"line":252,"column":10},"end":{"line":254,"column":11}}],"line":252},"39":{"loc":{"start":{"line":256,"column":10},"end":{"line":258,"column":11}},"type":"if","locations":[{"start":{"line":256,"column":10},"end":{"line":258,"column":11}},{"start":{"line":256,"column":10},"end":{"line":258,"column":11}}],"line":256},"40":{"loc":{"start":{"line":260,"column":10},"end":{"line":262,"column":11}},"type":"if","locations":[{"start":{"line":260,"column":10},"end":{"line":262,"column":11}},{"start":{"line":260,"column":10},"end":{"line":262,"column":11}}],"line":260},"41":{"loc":{"start":{"line":264,"column":10},"end":{"line":266,"column":11}},"type":"if","locations":[{"start":{"line":264,"column":10},"end":{"line":266,"column":11}},{"start":{"line":264,"column":10},"end":{"line":266,"column":11}}],"line":264},"42":{"loc":{"start":{"line":269,"column":6},"end":{"line":276,"column":7}},"type":"if","locations":[{"start":{"line":269,"column":6},"end":{"line":276,"column":7}},{"start":{"line":269,"column":6},"end":{"line":276,"column":7}}],"line":269},"43":{"loc":{"start":{"line":269,"column":10},"end":{"line":269,"column":53}},"type":"binary-expr","locations":[{"start":{"line":269,"column":10},"end":{"line":269,"column":16}},{"start":{"line":269,"column":20},"end":{"line":269,"column":25}},{"start":{"line":269,"column":29},"end":{"line":269,"column":34}},{"start":{"line":269,"column":38},"end":{"line":269,"column":43}},{"start":{"line":269,"column":47},"end":{"line":269,"column":53}}],"line":269},"44":{"loc":{"start":{"line":291,"column":6},"end":{"line":294,"column":7}},"type":"if","locations":[{"start":{"line":291,"column":6},"end":{"line":294,"column":7}},{"start":{"line":291,"column":6},"end":{"line":294,"column":7}}],"line":291},"45":{"loc":{"start":{"line":292,"column":29},"end":{"line":292,"column":88}},"type":"cond-expr","locations":[{"start":{"line":292,"column":65},"end":{"line":292,"column":75}},{"start":{"line":292,"column":78},"end":{"line":292,"column":88}}],"line":292},"46":{"loc":{"start":{"line":295,"column":13},"end":{"line":295,"column":97}},"type":"binary-expr","locations":[{"start":{"line":295,"column":13},"end":{"line":295,"column":36}},{"start":{"line":295,"column":40},"end":{"line":295,"column":97}}],"line":295},"47":{"loc":{"start":{"line":302,"column":22},"end":{"line":302,"column":37}},"type":"binary-expr","locations":[{"start":{"line":302,"column":22},"end":{"line":302,"column":28}},{"start":{"line":302,"column":32},"end":{"line":302,"column":37}}],"line":302},"48":{"loc":{"start":{"line":303,"column":19},"end":{"line":303,"column":66}},"type":"cond-expr","locations":[{"start":{"line":303,"column":28},"end":{"line":303,"column":42}},{"start":{"line":303,"column":45},"end":{"line":303,"column":66}}],"line":303},"49":{"loc":{"start":{"line":304,"column":8},"end":{"line":318,"column":9}},"type":"if","locations":[{"start":{"line":304,"column":8},"end":{"line":318,"column":9}},{"start":{"line":304,"column":8},"end":{"line":318,"column":9}}],"line":304},"50":{"loc":{"start":{"line":308,"column":10},"end":{"line":315,"column":11}},"type":"if","locations":[{"start":{"line":308,"column":10},"end":{"line":315,"column":11}},{"start":{"line":308,"column":10},"end":{"line":315,"column":11}}],"line":308},"51":{"loc":{"start":{"line":310,"column":33},"end":{"line":310,"column":92}},"type":"cond-expr","locations":[{"start":{"line":310,"column":69},"end":{"line":310,"column":79}},{"start":{"line":310,"column":82},"end":{"line":310,"column":92}}],"line":310},"52":{"loc":{"start":{"line":312,"column":12},"end":{"line":314,"column":13}},"type":"if","locations":[{"start":{"line":312,"column":12},"end":{"line":314,"column":13}},{"start":{"line":312,"column":12},"end":{"line":314,"column":13}}],"line":312},"53":{"loc":{"start":{"line":339,"column":10},"end":{"line":346,"column":11}},"type":"if","locations":[{"start":{"line":339,"column":10},"end":{"line":346,"column":11}},{"start":{"line":339,"column":10},"end":{"line":346,"column":11}}],"line":339},"54":{"loc":{"start":{"line":343,"column":12},"end":{"line":345,"column":13}},"type":"if","locations":[{"start":{"line":343,"column":12},"end":{"line":345,"column":13}},{"start":{"line":343,"column":12},"end":{"line":345,"column":13}}],"line":343},"55":{"loc":{"start":{"line":356,"column":17},"end":{"line":356,"column":52}},"type":"cond-expr","locations":[{"start":{"line":356,"column":27},"end":{"line":356,"column":30}},{"start":{"line":356,"column":33},"end":{"line":356,"column":52}}],"line":356},"56":{"loc":{"start":{"line":356,"column":33},"end":{"line":356,"column":52}},"type":"cond-expr","locations":[{"start":{"line":356,"column":43},"end":{"line":356,"column":46}},{"start":{"line":356,"column":49},"end":{"line":356,"column":52}}],"line":356},"57":{"loc":{"start":{"line":360,"column":17},"end":{"line":360,"column":58}},"type":"cond-expr","locations":[{"start":{"line":360,"column":29},"end":{"line":360,"column":33}},{"start":{"line":360,"column":36},"end":{"line":360,"column":58}}],"line":360},"58":{"loc":{"start":{"line":360,"column":36},"end":{"line":360,"column":58}},"type":"cond-expr","locations":[{"start":{"line":360,"column":48},"end":{"line":360,"column":52}},{"start":{"line":360,"column":55},"end":{"line":360,"column":58}}],"line":360},"59":{"loc":{"start":{"line":375,"column":24},"end":{"line":375,"column":97}},"type":"cond-expr","locations":[{"start":{"line":375,"column":77},"end":{"line":375,"column":89}},{"start":{"line":375,"column":92},"end":{"line":375,"column":97}}],"line":375},"60":{"loc":{"start":{"line":375,"column":24},"end":{"line":375,"column":74}},"type":"binary-expr","locations":[{"start":{"line":375,"column":24},"end":{"line":375,"column":44}},{"start":{"line":375,"column":48},"end":{"line":375,"column":74}}],"line":375},"61":{"loc":{"start":{"line":377,"column":6},"end":{"line":377,"column":31}},"type":"if","locations":[{"start":{"line":377,"column":6},"end":{"line":377,"column":31}},{"start":{"line":377,"column":6},"end":{"line":377,"column":31}}],"line":377},"62":{"loc":{"start":{"line":379,"column":8},"end":{"line":379,"column":36}},"type":"if","locations":[{"start":{"line":379,"column":8},"end":{"line":379,"column":36}},{"start":{"line":379,"column":8},"end":{"line":379,"column":36}}],"line":379},"63":{"loc":{"start":{"line":385,"column":6},"end":{"line":390,"column":7}},"type":"if","locations":[{"start":{"line":385,"column":6},"end":{"line":390,"column":7}},{"start":{"line":385,"column":6},"end":{"line":390,"column":7}}],"line":385},"64":{"loc":{"start":{"line":396,"column":18},"end":{"line":396,"column":90}},"type":"cond-expr","locations":[{"start":{"line":396,"column":71},"end":{"line":396,"column":83}},{"start":{"line":396,"column":86},"end":{"line":396,"column":90}}],"line":396},"65":{"loc":{"start":{"line":396,"column":18},"end":{"line":396,"column":68}},"type":"binary-expr","locations":[{"start":{"line":396,"column":18},"end":{"line":396,"column":38}},{"start":{"line":396,"column":42},"end":{"line":396,"column":68}}],"line":396},"66":{"loc":{"start":{"line":405,"column":29},"end":{"line":405,"column":118}},"type":"cond-expr","locations":[{"start":{"line":405,"column":82},"end":{"line":405,"column":94}},{"start":{"line":405,"column":97},"end":{"line":405,"column":118}}],"line":405},"67":{"loc":{"start":{"line":405,"column":29},"end":{"line":405,"column":79}},"type":"binary-expr","locations":[{"start":{"line":405,"column":29},"end":{"line":405,"column":49}},{"start":{"line":405,"column":53},"end":{"line":405,"column":79}}],"line":405},"68":{"loc":{"start":{"line":406,"column":26},"end":{"line":406,"column":112}},"type":"cond-expr","locations":[{"start":{"line":406,"column":79},"end":{"line":406,"column":91}},{"start":{"line":406,"column":94},"end":{"line":406,"column":112}}],"line":406},"69":{"loc":{"start":{"line":406,"column":26},"end":{"line":406,"column":76}},"type":"binary-expr","locations":[{"start":{"line":406,"column":26},"end":{"line":406,"column":46}},{"start":{"line":406,"column":50},"end":{"line":406,"column":76}}],"line":406},"70":{"loc":{"start":{"line":414,"column":20},"end":{"line":414,"column":89}},"type":"cond-expr","locations":[{"start":{"line":414,"column":73},"end":{"line":414,"column":85}},{"start":{"line":414,"column":88},"end":{"line":414,"column":89}}],"line":414},"71":{"loc":{"start":{"line":414,"column":20},"end":{"line":414,"column":70}},"type":"binary-expr","locations":[{"start":{"line":414,"column":20},"end":{"line":414,"column":40}},{"start":{"line":414,"column":44},"end":{"line":414,"column":70}}],"line":414},"72":{"loc":{"start":{"line":415,"column":18},"end":{"line":415,"column":96}},"type":"cond-expr","locations":[{"start":{"line":415,"column":71},"end":{"line":415,"column":83}},{"start":{"line":415,"column":86},"end":{"line":415,"column":96}}],"line":415},"73":{"loc":{"start":{"line":415,"column":18},"end":{"line":415,"column":68}},"type":"binary-expr","locations":[{"start":{"line":415,"column":18},"end":{"line":415,"column":38}},{"start":{"line":415,"column":42},"end":{"line":415,"column":68}}],"line":415},"74":{"loc":{"start":{"line":417,"column":6},"end":{"line":417,"column":61}},"type":"if","locations":[{"start":{"line":417,"column":6},"end":{"line":417,"column":61}},{"start":{"line":417,"column":6},"end":{"line":417,"column":61}}],"line":417},"75":{"loc":{"start":{"line":423,"column":6},"end":{"line":430,"column":7}},"type":"if","locations":[{"start":{"line":423,"column":6},"end":{"line":430,"column":7}},{"start":{"line":423,"column":6},"end":{"line":430,"column":7}}],"line":423},"76":{"loc":{"start":{"line":425,"column":29},"end":{"line":425,"column":88}},"type":"cond-expr","locations":[{"start":{"line":425,"column":65},"end":{"line":425,"column":75}},{"start":{"line":425,"column":78},"end":{"line":425,"column":88}}],"line":425},"77":{"loc":{"start":{"line":427,"column":8},"end":{"line":429,"column":9}},"type":"if","locations":[{"start":{"line":427,"column":8},"end":{"line":429,"column":9}},{"start":{"line":427,"column":8},"end":{"line":429,"column":9}}],"line":427},"78":{"loc":{"start":{"line":436,"column":18},"end":{"line":436,"column":96}},"type":"cond-expr","locations":[{"start":{"line":436,"column":71},"end":{"line":436,"column":83}},{"start":{"line":436,"column":86},"end":{"line":436,"column":96}}],"line":436},"79":{"loc":{"start":{"line":436,"column":18},"end":{"line":436,"column":68}},"type":"binary-expr","locations":[{"start":{"line":436,"column":18},"end":{"line":436,"column":38}},{"start":{"line":436,"column":42},"end":{"line":436,"column":68}}],"line":436},"80":{"loc":{"start":{"line":438,"column":6},"end":{"line":438,"column":37}},"type":"if","locations":[{"start":{"line":438,"column":6},"end":{"line":438,"column":37}},{"start":{"line":438,"column":6},"end":{"line":438,"column":37}}],"line":438},"81":{"loc":{"start":{"line":443,"column":22},"end":{"line":443,"column":52}},"type":"binary-expr","locations":[{"start":{"line":443,"column":22},"end":{"line":443,"column":43}},{"start":{"line":443,"column":47},"end":{"line":443,"column":52}}],"line":443},"82":{"loc":{"start":{"line":447,"column":6},"end":{"line":451,"column":7}},"type":"if","locations":[{"start":{"line":447,"column":6},"end":{"line":451,"column":7}},{"start":{"line":447,"column":6},"end":{"line":451,"column":7}}],"line":447},"83":{"loc":{"start":{"line":458,"column":26},"end":{"line":458,"column":96}},"type":"cond-expr","locations":[{"start":{"line":458,"column":79},"end":{"line":458,"column":91}},{"start":{"line":458,"column":94},"end":{"line":458,"column":96}}],"line":458},"84":{"loc":{"start":{"line":458,"column":26},"end":{"line":458,"column":76}},"type":"binary-expr","locations":[{"start":{"line":458,"column":26},"end":{"line":458,"column":46}},{"start":{"line":458,"column":50},"end":{"line":458,"column":76}}],"line":458},"85":{"loc":{"start":{"line":460,"column":6},"end":{"line":460,"column":40}},"type":"if","locations":[{"start":{"line":460,"column":6},"end":{"line":460,"column":40}},{"start":{"line":460,"column":6},"end":{"line":460,"column":40}}],"line":460},"86":{"loc":{"start":{"line":465,"column":25},"end":{"line":465,"column":69}},"type":"cond-expr","locations":[{"start":{"line":465,"column":38},"end":{"line":465,"column":42}},{"start":{"line":465,"column":45},"end":{"line":465,"column":69}}],"line":465},"87":{"loc":{"start":{"line":465,"column":45},"end":{"line":465,"column":69}},"type":"cond-expr","locations":[{"start":{"line":465,"column":58},"end":{"line":465,"column":62}},{"start":{"line":465,"column":65},"end":{"line":465,"column":69}}],"line":465},"88":{"loc":{"start":{"line":473,"column":26},"end":{"line":473,"column":96}},"type":"cond-expr","locations":[{"start":{"line":473,"column":79},"end":{"line":473,"column":91}},{"start":{"line":473,"column":94},"end":{"line":473,"column":96}}],"line":473},"89":{"loc":{"start":{"line":473,"column":26},"end":{"line":473,"column":76}},"type":"binary-expr","locations":[{"start":{"line":473,"column":26},"end":{"line":473,"column":46}},{"start":{"line":473,"column":50},"end":{"line":473,"column":76}}],"line":473},"90":{"loc":{"start":{"line":475,"column":6},"end":{"line":475,"column":40}},"type":"if","locations":[{"start":{"line":475,"column":6},"end":{"line":475,"column":40}},{"start":{"line":475,"column":6},"end":{"line":475,"column":40}}],"line":475},"91":{"loc":{"start":{"line":488,"column":6},"end":{"line":493,"column":7}},"type":"if","locations":[{"start":{"line":488,"column":6},"end":{"line":493,"column":7}},{"start":{"line":488,"column":6},"end":{"line":493,"column":7}}],"line":488},"92":{"loc":{"start":{"line":499,"column":22},"end":{"line":499,"column":104}},"type":"cond-expr","locations":[{"start":{"line":499,"column":75},"end":{"line":499,"column":87}},{"start":{"line":499,"column":90},"end":{"line":499,"column":104}}],"line":499},"93":{"loc":{"start":{"line":499,"column":22},"end":{"line":499,"column":72}},"type":"binary-expr","locations":[{"start":{"line":499,"column":22},"end":{"line":499,"column":42}},{"start":{"line":499,"column":46},"end":{"line":499,"column":72}}],"line":499},"94":{"loc":{"start":{"line":502,"column":15},"end":{"line":502,"column":48}},"type":"cond-expr","locations":[{"start":{"line":502,"column":27},"end":{"line":502,"column":28}},{"start":{"line":502,"column":31},"end":{"line":502,"column":48}}],"line":502},"95":{"loc":{"start":{"line":502,"column":31},"end":{"line":502,"column":48}},"type":"cond-expr","locations":[{"start":{"line":502,"column":43},"end":{"line":502,"column":44}},{"start":{"line":502,"column":47},"end":{"line":502,"column":48}}],"line":502},"96":{"loc":{"start":{"line":508,"column":22},"end":{"line":508,"column":104}},"type":"cond-expr","locations":[{"start":{"line":508,"column":75},"end":{"line":508,"column":87}},{"start":{"line":508,"column":90},"end":{"line":508,"column":104}}],"line":508},"97":{"loc":{"start":{"line":508,"column":22},"end":{"line":508,"column":72}},"type":"binary-expr","locations":[{"start":{"line":508,"column":22},"end":{"line":508,"column":42}},{"start":{"line":508,"column":46},"end":{"line":508,"column":72}}],"line":508},"98":{"loc":{"start":{"line":510,"column":6},"end":{"line":512,"column":7}},"type":"if","locations":[{"start":{"line":510,"column":6},"end":{"line":512,"column":7}},{"start":{"line":510,"column":6},"end":{"line":512,"column":7}}],"line":510},"99":{"loc":{"start":{"line":516,"column":6},"end":{"line":521,"column":7}},"type":"if","locations":[{"start":{"line":516,"column":6},"end":{"line":521,"column":7}},{"start":{"line":516,"column":6},"end":{"line":521,"column":7}}],"line":516},"100":{"loc":{"start":{"line":523,"column":15},"end":{"line":523,"column":62}},"type":"cond-expr","locations":[{"start":{"line":523,"column":31},"end":{"line":523,"column":34}},{"start":{"line":523,"column":37},"end":{"line":523,"column":62}}],"line":523},"101":{"loc":{"start":{"line":523,"column":37},"end":{"line":523,"column":62}},"type":"cond-expr","locations":[{"start":{"line":523,"column":53},"end":{"line":523,"column":56}},{"start":{"line":523,"column":59},"end":{"line":523,"column":62}}],"line":523},"102":{"loc":{"start":{"line":529,"column":22},"end":{"line":529,"column":104}},"type":"cond-expr","locations":[{"start":{"line":529,"column":75},"end":{"line":529,"column":87}},{"start":{"line":529,"column":90},"end":{"line":529,"column":104}}],"line":529},"103":{"loc":{"start":{"line":529,"column":22},"end":{"line":529,"column":72}},"type":"binary-expr","locations":[{"start":{"line":529,"column":22},"end":{"line":529,"column":42}},{"start":{"line":529,"column":46},"end":{"line":529,"column":72}}],"line":529},"104":{"loc":{"start":{"line":536,"column":22},"end":{"line":536,"column":104}},"type":"cond-expr","locations":[{"start":{"line":536,"column":75},"end":{"line":536,"column":87}},{"start":{"line":536,"column":90},"end":{"line":536,"column":104}}],"line":536},"105":{"loc":{"start":{"line":536,"column":22},"end":{"line":536,"column":72}},"type":"binary-expr","locations":[{"start":{"line":536,"column":22},"end":{"line":536,"column":42}},{"start":{"line":536,"column":46},"end":{"line":536,"column":72}}],"line":536},"106":{"loc":{"start":{"line":545,"column":23},"end":{"line":545,"column":93}},"type":"cond-expr","locations":[{"start":{"line":545,"column":76},"end":{"line":545,"column":88}},{"start":{"line":545,"column":91},"end":{"line":545,"column":93}}],"line":545},"107":{"loc":{"start":{"line":545,"column":23},"end":{"line":545,"column":73}},"type":"binary-expr","locations":[{"start":{"line":545,"column":23},"end":{"line":545,"column":43}},{"start":{"line":545,"column":47},"end":{"line":545,"column":73}}],"line":545},"108":{"loc":{"start":{"line":549,"column":17},"end":{"line":549,"column":74}},"type":"cond-expr","locations":[{"start":{"line":549,"column":38},"end":{"line":549,"column":41}},{"start":{"line":549,"column":44},"end":{"line":549,"column":74}}],"line":549},"109":{"loc":{"start":{"line":549,"column":44},"end":{"line":549,"column":74}},"type":"cond-expr","locations":[{"start":{"line":549,"column":65},"end":{"line":549,"column":68}},{"start":{"line":549,"column":71},"end":{"line":549,"column":74}}],"line":549},"110":{"loc":{"start":{"line":556,"column":23},"end":{"line":556,"column":93}},"type":"cond-expr","locations":[{"start":{"line":556,"column":76},"end":{"line":556,"column":88}},{"start":{"line":556,"column":91},"end":{"line":556,"column":93}}],"line":556},"111":{"loc":{"start":{"line":556,"column":23},"end":{"line":556,"column":73}},"type":"binary-expr","locations":[{"start":{"line":556,"column":23},"end":{"line":556,"column":43}},{"start":{"line":556,"column":47},"end":{"line":556,"column":73}}],"line":556},"112":{"loc":{"start":{"line":561,"column":10},"end":{"line":561,"column":51}},"type":"if","locations":[{"start":{"line":561,"column":10},"end":{"line":561,"column":51}},{"start":{"line":561,"column":10},"end":{"line":561,"column":51}}],"line":561},"113":{"loc":{"start":{"line":570,"column":23},"end":{"line":570,"column":93}},"type":"cond-expr","locations":[{"start":{"line":570,"column":76},"end":{"line":570,"column":88}},{"start":{"line":570,"column":91},"end":{"line":570,"column":93}}],"line":570},"114":{"loc":{"start":{"line":570,"column":23},"end":{"line":570,"column":73}},"type":"binary-expr","locations":[{"start":{"line":570,"column":23},"end":{"line":570,"column":43}},{"start":{"line":570,"column":47},"end":{"line":570,"column":73}}],"line":570},"115":{"loc":{"start":{"line":575,"column":8},"end":{"line":575,"column":49}},"type":"if","locations":[{"start":{"line":575,"column":8},"end":{"line":575,"column":49}},{"start":{"line":575,"column":8},"end":{"line":575,"column":49}}],"line":575},"116":{"loc":{"start":{"line":583,"column":23},"end":{"line":583,"column":93}},"type":"cond-expr","locations":[{"start":{"line":583,"column":76},"end":{"line":583,"column":88}},{"start":{"line":583,"column":91},"end":{"line":583,"column":93}}],"line":583},"117":{"loc":{"start":{"line":583,"column":23},"end":{"line":583,"column":73}},"type":"binary-expr","locations":[{"start":{"line":583,"column":23},"end":{"line":583,"column":43}},{"start":{"line":583,"column":47},"end":{"line":583,"column":73}}],"line":583},"118":{"loc":{"start":{"line":588,"column":8},"end":{"line":588,"column":49}},"type":"if","locations":[{"start":{"line":588,"column":8},"end":{"line":588,"column":49}},{"start":{"line":588,"column":8},"end":{"line":588,"column":49}}],"line":588},"119":{"loc":{"start":{"line":596,"column":24},"end":{"line":596,"column":97}},"type":"cond-expr","locations":[{"start":{"line":596,"column":77},"end":{"line":596,"column":89}},{"start":{"line":596,"column":92},"end":{"line":596,"column":97}}],"line":596},"120":{"loc":{"start":{"line":596,"column":24},"end":{"line":596,"column":74}},"type":"binary-expr","locations":[{"start":{"line":596,"column":24},"end":{"line":596,"column":44}},{"start":{"line":596,"column":48},"end":{"line":596,"column":74}}],"line":596},"121":{"loc":{"start":{"line":598,"column":13},"end":{"line":600,"column":17}},"type":"binary-expr","locations":[{"start":{"line":598,"column":13},"end":{"line":598,"column":24}},{"start":{"line":598,"column":28},"end":{"line":600,"column":17}}],"line":598},"122":{"loc":{"start":{"line":599,"column":15},"end":{"line":599,"column":63}},"type":"cond-expr","locations":[{"start":{"line":599,"column":30},"end":{"line":599,"column":34}},{"start":{"line":599,"column":37},"end":{"line":599,"column":63}}],"line":599},"123":{"loc":{"start":{"line":599,"column":37},"end":{"line":599,"column":63}},"type":"cond-expr","locations":[{"start":{"line":599,"column":52},"end":{"line":599,"column":56}},{"start":{"line":599,"column":59},"end":{"line":599,"column":63}}],"line":599},"124":{"loc":{"start":{"line":605,"column":24},"end":{"line":605,"column":97}},"type":"cond-expr","locations":[{"start":{"line":605,"column":77},"end":{"line":605,"column":89}},{"start":{"line":605,"column":92},"end":{"line":605,"column":97}}],"line":605},"125":{"loc":{"start":{"line":605,"column":24},"end":{"line":605,"column":74}},"type":"binary-expr","locations":[{"start":{"line":605,"column":24},"end":{"line":605,"column":44}},{"start":{"line":605,"column":48},"end":{"line":605,"column":74}}],"line":605},"126":{"loc":{"start":{"line":607,"column":6},"end":{"line":607,"column":31}},"type":"if","locations":[{"start":{"line":607,"column":6},"end":{"line":607,"column":31}},{"start":{"line":607,"column":6},"end":{"line":607,"column":31}}],"line":607},"127":{"loc":{"start":{"line":614,"column":6},"end":{"line":617,"column":7}},"type":"if","locations":[{"start":{"line":614,"column":6},"end":{"line":617,"column":7}},{"start":{"line":614,"column":6},"end":{"line":617,"column":7}}],"line":614},"128":{"loc":{"start":{"line":615,"column":29},"end":{"line":615,"column":88}},"type":"cond-expr","locations":[{"start":{"line":615,"column":65},"end":{"line":615,"column":75}},{"start":{"line":615,"column":78},"end":{"line":615,"column":88}}],"line":615},"129":{"loc":{"start":{"line":618,"column":13},"end":{"line":618,"column":97}},"type":"binary-expr","locations":[{"start":{"line":618,"column":13},"end":{"line":618,"column":36}},{"start":{"line":618,"column":40},"end":{"line":618,"column":97}}],"line":618},"130":{"loc":{"start":{"line":623,"column":29},"end":{"line":623,"column":98}},"type":"cond-expr","locations":[{"start":{"line":623,"column":82},"end":{"line":623,"column":94}},{"start":{"line":623,"column":97},"end":{"line":623,"column":98}}],"line":623},"131":{"loc":{"start":{"line":623,"column":29},"end":{"line":623,"column":79}},"type":"binary-expr","locations":[{"start":{"line":623,"column":29},"end":{"line":623,"column":49}},{"start":{"line":623,"column":53},"end":{"line":623,"column":79}}],"line":623},"132":{"loc":{"start":{"line":624,"column":26},"end":{"line":624,"column":95}},"type":"cond-expr","locations":[{"start":{"line":624,"column":79},"end":{"line":624,"column":91}},{"start":{"line":624,"column":94},"end":{"line":624,"column":95}}],"line":624},"133":{"loc":{"start":{"line":624,"column":26},"end":{"line":624,"column":76}},"type":"binary-expr","locations":[{"start":{"line":624,"column":26},"end":{"line":624,"column":46}},{"start":{"line":624,"column":50},"end":{"line":624,"column":76}}],"line":624},"134":{"loc":{"start":{"line":626,"column":6},"end":{"line":628,"column":7}},"type":"if","locations":[{"start":{"line":626,"column":6},"end":{"line":628,"column":7}},{"start":{"line":626,"column":6},"end":{"line":628,"column":7}}],"line":626},"135":{"loc":{"start":{"line":629,"column":6},"end":{"line":631,"column":7}},"type":"if","locations":[{"start":{"line":629,"column":6},"end":{"line":631,"column":7}},{"start":{"line":629,"column":6},"end":{"line":631,"column":7}}],"line":629},"136":{"loc":{"start":{"line":645,"column":24},"end":{"line":645,"column":93}},"type":"cond-expr","locations":[{"start":{"line":645,"column":77},"end":{"line":645,"column":89}},{"start":{"line":645,"column":92},"end":{"line":645,"column":93}}],"line":645},"137":{"loc":{"start":{"line":645,"column":24},"end":{"line":645,"column":74}},"type":"binary-expr","locations":[{"start":{"line":645,"column":24},"end":{"line":645,"column":44}},{"start":{"line":645,"column":48},"end":{"line":645,"column":74}}],"line":645},"138":{"loc":{"start":{"line":647,"column":6},"end":{"line":647,"column":31}},"type":"if","locations":[{"start":{"line":647,"column":6},"end":{"line":647,"column":31}},{"start":{"line":647,"column":6},"end":{"line":647,"column":31}}],"line":647},"139":{"loc":{"start":{"line":661,"column":24},"end":{"line":661,"column":93}},"type":"cond-expr","locations":[{"start":{"line":661,"column":77},"end":{"line":661,"column":89}},{"start":{"line":661,"column":92},"end":{"line":661,"column":93}}],"line":661},"140":{"loc":{"start":{"line":661,"column":24},"end":{"line":661,"column":74}},"type":"binary-expr","locations":[{"start":{"line":661,"column":24},"end":{"line":661,"column":44}},{"start":{"line":661,"column":48},"end":{"line":661,"column":74}}],"line":661},"141":{"loc":{"start":{"line":663,"column":20},"end":{"line":663,"column":67}},"type":"binary-expr","locations":[{"start":{"line":663,"column":20},"end":{"line":663,"column":31}},{"start":{"line":663,"column":35},"end":{"line":663,"column":67}}],"line":663},"142":{"loc":{"start":{"line":665,"column":6},"end":{"line":670,"column":7}},"type":"if","locations":[{"start":{"line":665,"column":6},"end":{"line":670,"column":7}},{"start":{"line":665,"column":6},"end":{"line":670,"column":7}}],"line":665},"143":{"loc":{"start":{"line":673,"column":8},"end":{"line":681,"column":9}},"type":"if","locations":[{"start":{"line":673,"column":8},"end":{"line":681,"column":9}},{"start":{"line":673,"column":8},"end":{"line":681,"column":9}}],"line":673},"144":{"loc":{"start":{"line":689,"column":18},"end":{"line":689,"column":96}},"type":"cond-expr","locations":[{"start":{"line":689,"column":71},"end":{"line":689,"column":83}},{"start":{"line":689,"column":86},"end":{"line":689,"column":96}}],"line":689},"145":{"loc":{"start":{"line":689,"column":18},"end":{"line":689,"column":68}},"type":"binary-expr","locations":[{"start":{"line":689,"column":18},"end":{"line":689,"column":38}},{"start":{"line":689,"column":42},"end":{"line":689,"column":68}}],"line":689},"146":{"loc":{"start":{"line":691,"column":6},"end":{"line":691,"column":54}},"type":"if","locations":[{"start":{"line":691,"column":6},"end":{"line":691,"column":54}},{"start":{"line":691,"column":6},"end":{"line":691,"column":54}}],"line":691},"147":{"loc":{"start":{"line":697,"column":8},"end":{"line":713,"column":9}},"type":"switch","locations":[{"start":{"line":698,"column":10},"end":{"line":702,"column":18}},{"start":{"line":703,"column":10},"end":{"line":705,"column":18}},{"start":{"line":706,"column":10},"end":{"line":708,"column":18}},{"start":{"line":709,"column":10},"end":{"line":710,"column":18}},{"start":{"line":711,"column":10},"end":{"line":712,"column":70}}],"line":697},"148":{"loc":{"start":{"line":729,"column":18},"end":{"line":729,"column":88}},"type":"cond-expr","locations":[{"start":{"line":729,"column":71},"end":{"line":729,"column":83}},{"start":{"line":729,"column":86},"end":{"line":729,"column":88}}],"line":729},"149":{"loc":{"start":{"line":729,"column":18},"end":{"line":729,"column":68}},"type":"binary-expr","locations":[{"start":{"line":729,"column":18},"end":{"line":729,"column":38}},{"start":{"line":729,"column":42},"end":{"line":729,"column":68}}],"line":729},"150":{"loc":{"start":{"line":737,"column":6},"end":{"line":737,"column":91}},"type":"if","locations":[{"start":{"line":737,"column":6},"end":{"line":737,"column":91}},{"start":{"line":737,"column":6},"end":{"line":737,"column":91}}],"line":737},"151":{"loc":{"start":{"line":738,"column":6},"end":{"line":738,"column":90}},"type":"if","locations":[{"start":{"line":738,"column":6},"end":{"line":738,"column":90}},{"start":{"line":738,"column":6},"end":{"line":738,"column":90}}],"line":738},"152":{"loc":{"start":{"line":739,"column":6},"end":{"line":739,"column":90}},"type":"if","locations":[{"start":{"line":739,"column":6},"end":{"line":739,"column":90}},{"start":{"line":739,"column":6},"end":{"line":739,"column":90}}],"line":739},"153":{"loc":{"start":{"line":740,"column":6},"end":{"line":740,"column":90}},"type":"if","locations":[{"start":{"line":740,"column":6},"end":{"line":740,"column":90}},{"start":{"line":740,"column":6},"end":{"line":740,"column":90}}],"line":740},"154":{"loc":{"start":{"line":741,"column":6},"end":{"line":741,"column":91}},"type":"if","locations":[{"start":{"line":741,"column":6},"end":{"line":741,"column":91}},{"start":{"line":741,"column":6},"end":{"line":741,"column":91}}],"line":741},"155":{"loc":{"start":{"line":750,"column":15},"end":{"line":750,"column":97}},"type":"cond-expr","locations":[{"start":{"line":750,"column":68},"end":{"line":750,"column":80}},{"start":{"line":750,"column":83},"end":{"line":750,"column":97}}],"line":750},"156":{"loc":{"start":{"line":750,"column":15},"end":{"line":750,"column":65}},"type":"binary-expr","locations":[{"start":{"line":750,"column":15},"end":{"line":750,"column":35}},{"start":{"line":750,"column":39},"end":{"line":750,"column":65}}],"line":750},"157":{"loc":{"start":{"line":751,"column":17},"end":{"line":751,"column":88}},"type":"cond-expr","locations":[{"start":{"line":751,"column":70},"end":{"line":751,"column":82}},{"start":{"line":751,"column":85},"end":{"line":751,"column":88}}],"line":751},"158":{"loc":{"start":{"line":751,"column":17},"end":{"line":751,"column":67}},"type":"binary-expr","locations":[{"start":{"line":751,"column":17},"end":{"line":751,"column":37}},{"start":{"line":751,"column":41},"end":{"line":751,"column":67}}],"line":751},"159":{"loc":{"start":{"line":763,"column":8},"end":{"line":767,"column":9}},"type":"if","locations":[{"start":{"line":763,"column":8},"end":{"line":767,"column":9}},{"start":{"line":763,"column":8},"end":{"line":767,"column":9}}],"line":763},"160":{"loc":{"start":{"line":763,"column":12},"end":{"line":763,"column":69}},"type":"binary-expr","locations":[{"start":{"line":763,"column":12},"end":{"line":763,"column":35}},{"start":{"line":763,"column":39},"end":{"line":763,"column":69}}],"line":763},"161":{"loc":{"start":{"line":777,"column":8},"end":{"line":786,"column":9}},"type":"if","locations":[{"start":{"line":777,"column":8},"end":{"line":786,"column":9}},{"start":{"line":777,"column":8},"end":{"line":786,"column":9}}],"line":777},"162":{"loc":{"start":{"line":780,"column":15},"end":{"line":786,"column":9}},"type":"if","locations":[{"start":{"line":780,"column":15},"end":{"line":786,"column":9}},{"start":{"line":780,"column":15},"end":{"line":786,"column":9}}],"line":780},"163":{"loc":{"start":{"line":792,"column":22},"end":{"line":792,"column":52}},"type":"cond-expr","locations":[{"start":{"line":792,"column":39},"end":{"line":792,"column":44}},{"start":{"line":792,"column":47},"end":{"line":792,"column":52}}],"line":792},"164":{"loc":{"start":{"line":800,"column":10},"end":{"line":817,"column":11}},"type":"switch","locations":[{"start":{"line":801,"column":12},"end":{"line":805,"column":20}},{"start":{"line":806,"column":12},"end":{"line":810,"column":20}},{"start":{"line":811,"column":12},"end":{"line":814,"column":20}},{"start":{"line":815,"column":12},"end":{"line":816,"column":23}}],"line":800},"165":{"loc":{"start":{"line":802,"column":14},"end":{"line":802,"column":66}},"type":"if","locations":[{"start":{"line":802,"column":14},"end":{"line":802,"column":66}},{"start":{"line":802,"column":14},"end":{"line":802,"column":66}}],"line":802},"166":{"loc":{"start":{"line":807,"column":14},"end":{"line":807,"column":66}},"type":"if","locations":[{"start":{"line":807,"column":14},"end":{"line":807,"column":66}},{"start":{"line":807,"column":14},"end":{"line":807,"column":66}}],"line":807}},"s":{"0":1,"1":1,"2":1,"3":45,"4":45,"5":45,"6":45,"7":45,"8":45,"9":1,"10":1,"11":1,"12":1,"13":0,"14":1,"15":1,"16":1,"17":1,"18":1773,"19":0,"20":1,"21":1773,"22":1773,"23":1773,"24":1773,"25":1773,"26":1773,"27":1773,"28":1773,"29":1772,"30":1,"31":1775,"32":1775,"33":1775,"34":1775,"35":1775,"36":1775,"37":1775,"38":1775,"39":1775,"40":1775,"41":1775,"42":1775,"43":1775,"44":14200,"45":1775,"46":14200,"47":1775,"48":1775,"49":1775,"50":1775,"51":1775,"52":1775,"53":1775,"54":1775,"55":1775,"56":1775,"57":1775,"58":1775,"59":1775,"60":1775,"61":1775,"62":1775,"63":2,"64":2,"65":2,"66":2,"67":2,"68":2,"69":2,"70":2,"71":1893,"72":1893,"73":1893,"74":0,"75":0,"76":0,"77":1893,"78":1893,"79":848,"80":848,"81":848,"82":1045,"83":1045,"84":2226,"85":2226,"86":2226,"87":1339,"88":1339,"89":1339,"90":1045,"91":583,"92":583,"93":462,"94":462,"95":462,"96":583,"97":1893,"98":1893,"99":1893,"100":15144,"101":15144,"102":15144,"103":15144,"104":11535,"105":11535,"106":2226,"107":1893,"108":2226,"109":2226,"110":2226,"111":2226,"112":5809,"113":5809,"114":5809,"115":376,"116":376,"117":5433,"118":5433,"119":3583,"120":1850,"121":802,"122":1048,"123":1048,"124":2226,"125":4,"126":4,"127":4,"128":4,"129":0,"130":0,"131":0,"132":0,"133":0,"134":0,"135":0,"136":0,"137":0,"138":0,"139":0,"140":0,"141":0,"142":0,"143":0,"144":0,"145":0,"146":0,"147":0,"148":0,"149":0,"150":0,"151":0,"152":0,"153":2,"154":2,"155":0,"156":2,"157":2,"158":2,"159":128,"160":128,"161":128,"162":128,"163":2,"164":2,"165":2,"166":2,"167":2,"168":2,"169":2,"170":2,"171":4,"172":24,"173":4,"174":24,"175":8,"176":24,"177":8,"178":24,"179":2,"180":24,"181":2,"182":2,"183":0,"184":0,"185":0,"186":0,"187":0,"188":0,"189":1,"190":1,"191":60,"192":0,"193":0,"194":0,"195":0,"196":0,"197":1,"198":1,"199":1,"200":60,"201":60,"202":60,"203":60,"204":60,"205":60,"206":0,"207":0,"208":0,"209":0,"210":0,"211":0,"212":1,"213":1,"214":1,"215":1,"216":1,"217":1,"218":1,"219":1,"220":1,"221":60,"222":60,"223":480,"224":3840,"225":1772,"226":1772,"227":1772,"228":1772,"229":463,"230":60,"231":0,"232":0,"233":0,"234":0,"235":0,"236":0,"237":181,"238":2,"239":2,"240":2,"241":0,"242":2,"243":120,"244":0,"245":120,"246":120,"247":120,"248":120,"249":2,"250":2,"251":2,"252":2,"253":2,"254":2,"255":1,"256":1,"257":1,"258":0,"259":0,"260":0,"261":0,"262":0,"263":60,"264":60,"265":60,"266":0,"267":60,"268":60,"269":60,"270":60,"271":60,"272":60,"273":1,"274":1,"275":1,"276":1,"277":0,"278":60,"279":1,"280":1,"281":0,"282":1,"283":1,"284":1,"285":1,"286":1,"287":60,"288":1,"289":1,"290":1,"291":1,"292":1,"293":1,"294":2,"295":2,"296":0,"297":2,"298":2,"299":16,"300":128,"301":128,"302":2,"303":2,"304":2,"305":0,"306":2,"307":2,"308":2,"309":0,"310":0,"311":0,"312":0,"313":0,"314":0,"315":0,"316":0,"317":0,"318":0,"319":0,"320":0,"321":0,"322":0,"323":0,"324":0,"325":0,"326":0,"327":0,"328":0,"329":0,"330":0,"331":0,"332":0,"333":0,"334":0,"335":0,"336":0,"337":0,"338":0,"339":0,"340":0,"341":0,"342":0,"343":0,"344":0,"345":0,"346":0,"347":0,"348":0,"349":0,"350":0,"351":0,"352":0,"353":0,"354":0,"355":0,"356":0,"357":0,"358":0,"359":0,"360":0,"361":0,"362":0,"363":0,"364":0,"365":0,"366":0,"367":0,"368":1,"369":1,"370":0,"371":1,"372":59,"373":59,"374":1,"375":1,"376":59,"377":0,"378":0,"379":0,"380":0,"381":0,"382":0,"383":0,"384":0,"385":0,"386":0,"387":2,"388":0,"389":0,"390":0,"391":0,"392":0,"393":0,"394":0,"395":0,"396":0,"397":0,"398":0,"399":0,"400":0,"401":0,"402":0,"403":0,"404":0,"405":0,"406":0,"407":0,"408":0,"409":0,"410":0,"411":0,"412":0,"413":0,"414":0,"415":0,"416":0,"417":0,"418":0,"419":0,"420":0,"421":0,"422":0,"423":0,"424":0,"425":0,"426":0,"427":0,"428":0,"429":0,"430":0,"431":0,"432":0,"433":0,"434":60,"435":0,"436":0,"437":0,"438":0,"439":0,"440":0,"441":0,"442":0,"443":0,"444":0,"445":0,"446":0,"447":0,"448":0,"449":0,"450":0,"451":0,"452":0,"453":0,"454":0,"455":0,"456":0,"457":0,"458":0,"459":0,"460":0,"461":0,"462":0,"463":0,"464":0,"465":0,"466":0,"467":0,"468":0,"469":0,"470":0,"471":0,"472":0,"473":0,"474":0,"475":0,"476":0,"477":0,"478":0,"479":0,"480":0,"481":0,"482":0,"483":0,"484":0,"485":0,"486":0,"487":0,"488":0,"489":0,"490":0,"491":0,"492":0,"493":0,"494":0,"495":0,"496":0,"497":0,"498":0,"499":0,"500":0,"501":0,"502":1,"503":1},"f":{"0":1,"1":1,"2":1,"3":1,"4":1773,"5":1,"6":1773,"7":1775,"8":14200,"9":14200,"10":2,"11":2,"12":1893,"13":1893,"14":2226,"15":4,"16":2,"17":2,"18":1,"19":60,"20":0,"21":1,"22":60,"23":0,"24":0,"25":0,"26":0,"27":0,"28":181,"29":2,"30":120,"31":1,"32":0,"33":60,"34":1,"35":2,"36":2,"37":2,"38":0,"39":0,"40":0,"41":0,"42":0,"43":0,"44":0,"45":0,"46":0,"47":0,"48":0,"49":0,"50":0,"51":0,"52":0,"53":1,"54":59,"55":0,"56":2,"57":0,"58":0,"59":0,"60":0,"61":0,"62":0,"63":0,"64":60,"65":0,"66":0,"67":0,"68":0},"b":{"0":[45,45],"1":[45,0],"2":[1,0],"3":[0,1],"4":[0,1],"5":[1,1],"6":[0,1773],"7":[1772,1],"8":[0,2],"9":[2,0],"10":[0,1893],"11":[848,1045],"12":[583,462],"13":[279,304],"14":[11535,3609],"15":[15144,14256,13266,12339],"16":[2226,9309],"17":[11535,9831],"18":[1073,1153],"19":[8035,8013],"20":[376,5433],"21":[5809,5683,5628,5535],"22":[3583,1850],"23":[802,1048],"24":[1850,802],"25":[4,0],"26":[0,0],"27":[0,0],"28":[0,0],"29":[0,0],"30":[0,0],"31":[0,0],"32":[0,2],"33":[94,34],"34":[34,94],"35":[6,6,2,2,2,2],"36":[28,26,6,6,6,6],"37":[4,20],"38":[8,16],"39":[8,16],"40":[2,22],"41":[2,22],"42":[0,2],"43":[2,2,2,2,2],"44":[0,0],"45":[0,0],"46":[0,0],"47":[61,60],"48":[1,59],"49":[60,0],"50":[0,60],"51":[0,0],"52":[0,0],"53":[1772,2068],"54":[463,1309],"55":[0,0],"56":[0,0],"57":[0,0],"58":[0,0],"59":[2,0],"60":[2,2],"61":[0,2],"62":[0,120],"63":[2,0],"64":[1,0],"65":[1,1],"66":[0,0],"67":[0,0],"68":[0,0],"69":[0,0],"70":[60,0],"71":[60,60],"72":[0,60],"73":[60,0],"74":[0,60],"75":[1,59],"76":[1,0],"77":[0,1],"78":[1,0],"79":[1,1],"80":[0,1],"81":[61,60],"82":[1,0],"83":[2,0],"84":[2,2],"85":[0,2],"86":[34,94],"87":[94,0],"88":[2,0],"89":[2,2],"90":[0,2],"91":[0,0],"92":[0,0],"93":[0,0],"94":[0,0],"95":[0,0],"96":[0,0],"97":[0,0],"98":[0,0],"99":[0,0],"100":[0,0],"101":[0,0],"102":[0,0],"103":[0,0],"104":[0,0],"105":[0,0],"106":[0,0],"107":[0,0],"108":[0,0],"109":[0,0],"110":[0,0],"111":[0,0],"112":[0,0],"113":[0,0],"114":[0,0],"115":[0,0],"116":[0,0],"117":[0,0],"118":[0,0],"119":[0,0],"120":[0,0],"121":[0,0],"122":[0,0],"123":[0,0],"124":[1,0],"125":[1,1],"126":[0,1],"127":[1,58],"128":[1,0],"129":[59,59],"130":[0,0],"131":[0,0],"132":[0,0],"133":[0,0],"134":[0,0],"135":[0,0],"136":[0,0],"137":[0,0],"138":[0,0],"139":[0,0],"140":[0,0],"141":[0,0],"142":[0,0],"143":[0,0],"144":[0,0],"145":[0,0],"146":[0,0],"147":[0,0,0,0,0],"148":[0,0],"149":[0,0],"150":[0,0],"151":[0,0],"152":[0,0],"153":[0,0],"154":[0,0],"155":[0,0],"156":[0,0],"157":[0,0],"158":[0,0],"159":[0,0],"160":[0,0],"161":[0,0],"162":[0,0],"163":[0,0],"164":[0,0,0,0],"165":[0,0],"166":[0,0]},"_coverageSchema":"332fd63041d2c1bcb487cc26dd0d5f7d97098a6c","hash":"65616b8a43c61d7f2106ea538a3948f5cd3d4794"}
}
