{"/Users/billy/clovers/clovers-reversi/lib/reversi.js": {"path":"/Users/billy/clovers/clovers-reversi/lib/reversi.js","statementMap":{"0":{"start":{"line":3,"column":0},"end":{"line":5,"column":3}},"1":{"start":{"line":7,"column":19},"end":{"line":7,"column":563}},"2":{"start":{"line":7,"column":76},"end":{"line":7,"column":347}},"3":{"start":{"line":7,"column":134},"end":{"line":7,"column":142}},"4":{"start":{"line":7,"column":144},"end":{"line":7,"column":199}},"5":{"start":{"line":7,"column":200},"end":{"line":7,"column":231}},"6":{"start":{"line":7,"column":232},"end":{"line":7,"column":286}},"7":{"start":{"line":7,"column":259},"end":{"line":7,"column":286}},"8":{"start":{"line":7,"column":287},"end":{"line":7,"column":345}},"9":{"start":{"line":7,"column":350},"end":{"line":7,"column":559}},"10":{"start":{"line":7,"column":407},"end":{"line":7,"column":475}},"11":{"start":{"line":7,"column":423},"end":{"line":7,"column":475}},"12":{"start":{"line":7,"column":476},"end":{"line":7,"column":536}},"13":{"start":{"line":7,"column":493},"end":{"line":7,"column":536}},"14":{"start":{"line":7,"column":537},"end":{"line":7,"column":556}},"15":{"start":{"line":9,"column":10},"end":{"line":9,"column":26}},"16":{"start":{"line":11,"column":11},"end":{"line":11,"column":38}},"17":{"start":{"line":13,"column":39},"end":{"line":13,"column":93}},"18":{"start":{"line":15,"column":50},"end":{"line":15,"column":151}},"19":{"start":{"line":15,"column":92},"end":{"line":15,"column":149}},"20":{"start":{"line":17,"column":14},"end":{"line":738,"column":3}},"21":{"start":{"line":19,"column":4},"end":{"line":19,"column":35}},"22":{"start":{"line":21,"column":4},"end":{"line":21,"column":28}},"23":{"start":{"line":22,"column":4},"end":{"line":22,"column":22}},"24":{"start":{"line":23,"column":4},"end":{"line":23,"column":19}},"25":{"start":{"line":24,"column":4},"end":{"line":24,"column":19}},"26":{"start":{"line":25,"column":4},"end":{"line":25,"column":19}},"27":{"start":{"line":26,"column":4},"end":{"line":26,"column":22}},"28":{"start":{"line":27,"column":4},"end":{"line":29,"column":5}},"29":{"start":{"line":28,"column":6},"end":{"line":28,"column":36}},"30":{"start":{"line":32,"column":2},"end":{"line":735,"column":6}},"31":{"start":{"line":35,"column":18},"end":{"line":35,"column":22}},"32":{"start":{"line":37,"column":6},"end":{"line":37,"column":25}},"33":{"start":{"line":38,"column":6},"end":{"line":38,"column":28}},"34":{"start":{"line":39,"column":6},"end":{"line":39,"column":31}},"35":{"start":{"line":40,"column":6},"end":{"line":40,"column":26}},"36":{"start":{"line":41,"column":6},"end":{"line":41,"column":25}},"37":{"start":{"line":42,"column":6},"end":{"line":42,"column":25}},"38":{"start":{"line":43,"column":6},"end":{"line":43,"column":25}},"39":{"start":{"line":44,"column":6},"end":{"line":44,"column":26}},"40":{"start":{"line":45,"column":6},"end":{"line":45,"column":38}},"41":{"start":{"line":46,"column":6},"end":{"line":46,"column":26}},"42":{"start":{"line":47,"column":6},"end":{"line":47,"column":26}},"43":{"start":{"line":49,"column":6},"end":{"line":51,"column":9}},"44":{"start":{"line":50,"column":8},"end":{"line":50,"column":59}},"45":{"start":{"line":52,"column":6},"end":{"line":54,"column":9}},"46":{"start":{"line":53,"column":8},"end":{"line":53,"column":59}},"47":{"start":{"line":55,"column":6},"end":{"line":55,"column":28}},"48":{"start":{"line":56,"column":6},"end":{"line":56,"column":76}},"49":{"start":{"line":57,"column":6},"end":{"line":57,"column":68}},"50":{"start":{"line":58,"column":6},"end":{"line":58,"column":72}},"51":{"start":{"line":59,"column":6},"end":{"line":59,"column":72}},"52":{"start":{"line":61,"column":6},"end":{"line":61,"column":79}},"53":{"start":{"line":62,"column":6},"end":{"line":62,"column":71}},"54":{"start":{"line":63,"column":6},"end":{"line":63,"column":75}},"55":{"start":{"line":64,"column":6},"end":{"line":64,"column":75}},"56":{"start":{"line":66,"column":6},"end":{"line":66,"column":22}},"57":{"start":{"line":67,"column":6},"end":{"line":67,"column":28}},"58":{"start":{"line":68,"column":6},"end":{"line":68,"column":26}},"59":{"start":{"line":69,"column":6},"end":{"line":69,"column":33}},"60":{"start":{"line":70,"column":6},"end":{"line":70,"column":30}},"61":{"start":{"line":71,"column":6},"end":{"line":71,"column":23}},"62":{"start":{"line":72,"column":6},"end":{"line":72,"column":20}},"63":{"start":{"line":77,"column":18},"end":{"line":77,"column":96}},"64":{"start":{"line":79,"column":6},"end":{"line":79,"column":79}},"65":{"start":{"line":80,"column":16},"end":{"line":80,"column":45}},"66":{"start":{"line":81,"column":16},"end":{"line":81,"column":45}},"67":{"start":{"line":82,"column":6},"end":{"line":82,"column":47}},"68":{"start":{"line":83,"column":6},"end":{"line":83,"column":44}},"69":{"start":{"line":88,"column":6},"end":{"line":88,"column":65}},"70":{"start":{"line":93,"column":16},"end":{"line":93,"column":23}},"71":{"start":{"line":94,"column":16},"end":{"line":94,"column":23}},"72":{"start":{"line":95,"column":6},"end":{"line":99,"column":7}},"73":{"start":{"line":96,"column":8},"end":{"line":96,"column":26}},"74":{"start":{"line":97,"column":8},"end":{"line":97,"column":63}},"75":{"start":{"line":98,"column":8},"end":{"line":98,"column":15}},"76":{"start":{"line":101,"column":31},"end":{"line":101,"column":64}},"77":{"start":{"line":102,"column":6},"end":{"line":106,"column":7}},"78":{"start":{"line":103,"column":8},"end":{"line":103,"column":26}},"79":{"start":{"line":104,"column":8},"end":{"line":104,"column":62}},"80":{"start":{"line":105,"column":8},"end":{"line":105,"column":15}},"81":{"start":{"line":107,"column":20},"end":{"line":107,"column":25}},"82":{"start":{"line":108,"column":6},"end":{"line":116,"column":7}},"83":{"start":{"line":109,"column":32},"end":{"line":109,"column":53}},"84":{"start":{"line":110,"column":20},"end":{"line":110,"column":71}},"85":{"start":{"line":111,"column":8},"end":{"line":115,"column":9}},"86":{"start":{"line":112,"column":10},"end":{"line":112,"column":25}},"87":{"start":{"line":113,"column":10},"end":{"line":113,"column":68}},"88":{"start":{"line":114,"column":10},"end":{"line":114,"column":71}},"89":{"start":{"line":117,"column":6},"end":{"line":124,"column":7}},"90":{"start":{"line":118,"column":8},"end":{"line":118,"column":50}},"91":{"start":{"line":119,"column":8},"end":{"line":119,"column":53}},"92":{"start":{"line":121,"column":8},"end":{"line":121,"column":26}},"93":{"start":{"line":122,"column":8},"end":{"line":122,"column":64}},"94":{"start":{"line":123,"column":8},"end":{"line":123,"column":15}},"95":{"start":{"line":125,"column":6},"end":{"line":125,"column":87}},"96":{"start":{"line":130,"column":17},"end":{"line":130,"column":87}},"97":{"start":{"line":131,"column":31},"end":{"line":131,"column":33}},"98":{"start":{"line":132,"column":6},"end":{"line":142,"column":7}},"99":{"start":{"line":133,"column":18},"end":{"line":133,"column":25}},"100":{"start":{"line":134,"column":21},"end":{"line":134,"column":33}},"101":{"start":{"line":135,"column":21},"end":{"line":135,"column":33}},"102":{"start":{"line":136,"column":8},"end":{"line":141,"column":9}},"103":{"start":{"line":137,"column":24},"end":{"line":137,"column":50}},"104":{"start":{"line":138,"column":10},"end":{"line":140,"column":11}},"105":{"start":{"line":139,"column":12},"end":{"line":139,"column":41}},"106":{"start":{"line":143,"column":6},"end":{"line":143,"column":32}},"107":{"start":{"line":148,"column":18},"end":{"line":148,"column":20}},"108":{"start":{"line":149,"column":17},"end":{"line":149,"column":22}},"109":{"start":{"line":150,"column":27},"end":{"line":150,"column":86}},"110":{"start":{"line":151,"column":6},"end":{"line":173,"column":7}},"111":{"start":{"line":152,"column":21},"end":{"line":152,"column":51}},"112":{"start":{"line":153,"column":21},"end":{"line":153,"column":51}},"113":{"start":{"line":154,"column":8},"end":{"line":172,"column":9}},"114":{"start":{"line":156,"column":10},"end":{"line":156,"column":22}},"115":{"start":{"line":157,"column":10},"end":{"line":157,"column":21}},"116":{"start":{"line":159,"column":24},"end":{"line":159,"column":50}},"117":{"start":{"line":160,"column":10},"end":{"line":171,"column":11}},"118":{"start":{"line":162,"column":12},"end":{"line":162,"column":41}},"119":{"start":{"line":163,"column":17},"end":{"line":171,"column":11}},"120":{"start":{"line":165,"column":12},"end":{"line":165,"column":24}},"121":{"start":{"line":169,"column":12},"end":{"line":169,"column":23}},"122":{"start":{"line":170,"column":12},"end":{"line":170,"column":24}},"123":{"start":{"line":174,"column":6},"end":{"line":174,"column":19}},"124":{"start":{"line":179,"column":6},"end":{"line":183,"column":7}},"125":{"start":{"line":180,"column":8},"end":{"line":180,"column":29}},"126":{"start":{"line":181,"column":8},"end":{"line":181,"column":31}},"127":{"start":{"line":182,"column":8},"end":{"line":182,"column":15}},"128":{"start":{"line":184,"column":20},"end":{"line":184,"column":22}},"129":{"start":{"line":185,"column":6},"end":{"line":191,"column":7}},"130":{"start":{"line":186,"column":8},"end":{"line":190,"column":9}},"131":{"start":{"line":187,"column":10},"end":{"line":189,"column":11}},"132":{"start":{"line":188,"column":12},"end":{"line":188,"column":33}},"133":{"start":{"line":192,"column":29},"end":{"line":192,"column":34}},"134":{"start":{"line":193,"column":6},"end":{"line":211,"column":7}},"135":{"start":{"line":194,"column":8},"end":{"line":210,"column":9}},"136":{"start":{"line":195,"column":25},"end":{"line":195,"column":42}},"137":{"start":{"line":197,"column":10},"end":{"line":197,"column":46}},"138":{"start":{"line":198,"column":10},"end":{"line":198,"column":41}},"139":{"start":{"line":199,"column":10},"end":{"line":201,"column":11}},"140":{"start":{"line":200,"column":12},"end":{"line":200,"column":36}},"141":{"start":{"line":202,"column":10},"end":{"line":202,"column":39}},"142":{"start":{"line":204,"column":10},"end":{"line":204,"column":46}},"143":{"start":{"line":205,"column":10},"end":{"line":205,"column":41}},"144":{"start":{"line":206,"column":10},"end":{"line":208,"column":11}},"145":{"start":{"line":207,"column":12},"end":{"line":207,"column":36}},"146":{"start":{"line":209,"column":10},"end":{"line":209,"column":31}},"147":{"start":{"line":212,"column":6},"end":{"line":218,"column":7}},"148":{"start":{"line":213,"column":8},"end":{"line":213,"column":26}},"149":{"start":{"line":214,"column":8},"end":{"line":214,"column":58}},"150":{"start":{"line":216,"column":8},"end":{"line":216,"column":29}},"151":{"start":{"line":217,"column":8},"end":{"line":217,"column":31}},"152":{"start":{"line":223,"column":6},"end":{"line":223,"column":24}},"153":{"start":{"line":224,"column":6},"end":{"line":224,"column":60}},"154":{"start":{"line":224,"column":22},"end":{"line":224,"column":60}},"155":{"start":{"line":225,"column":14},"end":{"line":225,"column":15}},"156":{"start":{"line":226,"column":14},"end":{"line":226,"column":15}},"157":{"start":{"line":227,"column":6},"end":{"line":232,"column":7}},"158":{"start":{"line":228,"column":18},"end":{"line":228,"column":35}},"159":{"start":{"line":229,"column":18},"end":{"line":229,"column":23}},"160":{"start":{"line":230,"column":8},"end":{"line":230,"column":57}},"161":{"start":{"line":231,"column":8},"end":{"line":231,"column":57}},"162":{"start":{"line":233,"column":6},"end":{"line":233,"column":26}},"163":{"start":{"line":234,"column":6},"end":{"line":234,"column":26}},"164":{"start":{"line":239,"column":19},"end":{"line":239,"column":23}},"165":{"start":{"line":240,"column":18},"end":{"line":240,"column":22}},"166":{"start":{"line":241,"column":18},"end":{"line":241,"column":22}},"167":{"start":{"line":242,"column":18},"end":{"line":242,"column":22}},"168":{"start":{"line":243,"column":19},"end":{"line":243,"column":23}},"169":{"start":{"line":244,"column":6},"end":{"line":267,"column":7}},"170":{"start":{"line":245,"column":8},"end":{"line":266,"column":9}},"171":{"start":{"line":247,"column":10},"end":{"line":249,"column":11}},"172":{"start":{"line":248,"column":12},"end":{"line":248,"column":27}},"173":{"start":{"line":251,"column":10},"end":{"line":253,"column":11}},"174":{"start":{"line":252,"column":12},"end":{"line":252,"column":26}},"175":{"start":{"line":255,"column":10},"end":{"line":257,"column":11}},"176":{"start":{"line":256,"column":12},"end":{"line":256,"column":26}},"177":{"start":{"line":259,"column":10},"end":{"line":261,"column":11}},"178":{"start":{"line":260,"column":12},"end":{"line":260,"column":26}},"179":{"start":{"line":263,"column":10},"end":{"line":265,"column":11}},"180":{"start":{"line":264,"column":12},"end":{"line":264,"column":27}},"181":{"start":{"line":268,"column":6},"end":{"line":275,"column":7}},"182":{"start":{"line":269,"column":8},"end":{"line":269,"column":32}},"183":{"start":{"line":270,"column":8},"end":{"line":270,"column":29}},"184":{"start":{"line":271,"column":8},"end":{"line":271,"column":27}},"185":{"start":{"line":272,"column":8},"end":{"line":272,"column":27}},"186":{"start":{"line":273,"column":8},"end":{"line":273,"column":27}},"187":{"start":{"line":274,"column":8},"end":{"line":274,"column":29}},"188":{"start":{"line":280,"column":19},"end":{"line":280,"column":23}},"189":{"start":{"line":282,"column":6},"end":{"line":284,"column":18}},"190":{"start":{"line":283,"column":8},"end":{"line":283,"column":52}},"191":{"start":{"line":289,"column":23},"end":{"line":289,"column":43}},"192":{"start":{"line":290,"column":6},"end":{"line":293,"column":7}},"193":{"start":{"line":291,"column":8},"end":{"line":291,"column":89}},"194":{"start":{"line":292,"column":8},"end":{"line":292,"column":42}},"195":{"start":{"line":294,"column":6},"end":{"line":294,"column":98}},"196":{"start":{"line":299,"column":6},"end":{"line":299,"column":24}},"197":{"start":{"line":300,"column":17},"end":{"line":300,"column":22}},"198":{"start":{"line":301,"column":6},"end":{"line":319,"column":7}},"199":{"start":{"line":302,"column":19},"end":{"line":302,"column":66}},"200":{"start":{"line":303,"column":8},"end":{"line":318,"column":9}},"201":{"start":{"line":304,"column":10},"end":{"line":304,"column":32}},"202":{"start":{"line":305,"column":10},"end":{"line":305,"column":34}},"203":{"start":{"line":306,"column":10},"end":{"line":306,"column":25}},"204":{"start":{"line":307,"column":10},"end":{"line":307,"column":30}},"205":{"start":{"line":308,"column":10},"end":{"line":315,"column":11}},"206":{"start":{"line":309,"column":12},"end":{"line":309,"column":31}},"207":{"start":{"line":310,"column":12},"end":{"line":310,"column":93}},"208":{"start":{"line":311,"column":12},"end":{"line":311,"column":32}},"209":{"start":{"line":312,"column":12},"end":{"line":314,"column":13}},"210":{"start":{"line":313,"column":14},"end":{"line":313,"column":26}},"211":{"start":{"line":317,"column":10},"end":{"line":317,"column":22}},"212":{"start":{"line":320,"column":6},"end":{"line":320,"column":34}},"213":{"start":{"line":321,"column":6},"end":{"line":321,"column":24}},"214":{"start":{"line":322,"column":6},"end":{"line":322,"column":25}},"215":{"start":{"line":323,"column":6},"end":{"line":323,"column":27}},"216":{"start":{"line":324,"column":6},"end":{"line":324,"column":34}},"217":{"start":{"line":329,"column":23},"end":{"line":329,"column":25}},"218":{"start":{"line":330,"column":6},"end":{"line":341,"column":7}},"219":{"start":{"line":331,"column":8},"end":{"line":340,"column":9}},"220":{"start":{"line":332,"column":10},"end":{"line":339,"column":11}},"221":{"start":{"line":333,"column":23},"end":{"line":333,"column":29}},"222":{"start":{"line":334,"column":27},"end":{"line":334,"column":72}},"223":{"start":{"line":335,"column":12},"end":{"line":335,"column":36}},"224":{"start":{"line":336,"column":12},"end":{"line":338,"column":13}},"225":{"start":{"line":337,"column":14},"end":{"line":337,"column":36}},"226":{"start":{"line":342,"column":6},"end":{"line":342,"column":24}},"227":{"start":{"line":347,"column":6},"end":{"line":355,"column":9}},"228":{"start":{"line":348,"column":8},"end":{"line":350,"column":20}},"229":{"start":{"line":349,"column":10},"end":{"line":349,"column":53}},"230":{"start":{"line":352,"column":8},"end":{"line":354,"column":11}},"231":{"start":{"line":353,"column":10},"end":{"line":353,"column":59}},"232":{"start":{"line":356,"column":6},"end":{"line":356,"column":30}},"233":{"start":{"line":361,"column":6},"end":{"line":361,"column":97}},"234":{"start":{"line":366,"column":19},"end":{"line":366,"column":23}},"235":{"start":{"line":368,"column":24},"end":{"line":368,"column":97}},"236":{"start":{"line":370,"column":6},"end":{"line":370,"column":31}},"237":{"start":{"line":370,"column":24},"end":{"line":370,"column":31}},"238":{"start":{"line":371,"column":6},"end":{"line":377,"column":18}},"239":{"start":{"line":372,"column":8},"end":{"line":372,"column":36}},"240":{"start":{"line":372,"column":29},"end":{"line":372,"column":36}},"241":{"start":{"line":373,"column":24},"end":{"line":373,"column":45}},"242":{"start":{"line":374,"column":16},"end":{"line":374,"column":45}},"243":{"start":{"line":375,"column":18},"end":{"line":375,"column":56}},"244":{"start":{"line":376,"column":8},"end":{"line":376,"column":31}},"245":{"start":{"line":378,"column":6},"end":{"line":383,"column":7}},"246":{"start":{"line":379,"column":22},"end":{"line":379,"column":49}},"247":{"start":{"line":380,"column":8},"end":{"line":380,"column":37}},"248":{"start":{"line":381,"column":8},"end":{"line":381,"column":45}},"249":{"start":{"line":382,"column":8},"end":{"line":382,"column":31}},"250":{"start":{"line":384,"column":6},"end":{"line":384,"column":25}},"251":{"start":{"line":389,"column":18},"end":{"line":389,"column":90}},"252":{"start":{"line":391,"column":6},"end":{"line":391,"column":74}},"253":{"start":{"line":396,"column":29},"end":{"line":396,"column":118}},"254":{"start":{"line":397,"column":26},"end":{"line":397,"column":112}},"255":{"start":{"line":399,"column":6},"end":{"line":399,"column":93}},"256":{"start":{"line":400,"column":6},"end":{"line":400,"column":18}},"257":{"start":{"line":405,"column":20},"end":{"line":405,"column":89}},"258":{"start":{"line":406,"column":18},"end":{"line":406,"column":96}},"259":{"start":{"line":408,"column":6},"end":{"line":408,"column":61}},"260":{"start":{"line":408,"column":49},"end":{"line":408,"column":61}},"261":{"start":{"line":409,"column":17},"end":{"line":409,"column":31}},"262":{"start":{"line":410,"column":6},"end":{"line":410,"column":31}},"263":{"start":{"line":411,"column":17},"end":{"line":411,"column":22}},"264":{"start":{"line":412,"column":6},"end":{"line":412,"column":21}},"265":{"start":{"line":413,"column":6},"end":{"line":413,"column":44}},"266":{"start":{"line":414,"column":6},"end":{"line":421,"column":7}},"267":{"start":{"line":415,"column":8},"end":{"line":415,"column":27}},"268":{"start":{"line":416,"column":8},"end":{"line":416,"column":89}},"269":{"start":{"line":417,"column":8},"end":{"line":417,"column":46}},"270":{"start":{"line":418,"column":8},"end":{"line":420,"column":9}},"271":{"start":{"line":419,"column":10},"end":{"line":419,"column":22}},"272":{"start":{"line":422,"column":6},"end":{"line":422,"column":18}},"273":{"start":{"line":427,"column":18},"end":{"line":427,"column":96}},"274":{"start":{"line":429,"column":6},"end":{"line":429,"column":37}},"275":{"start":{"line":429,"column":30},"end":{"line":429,"column":37}},"276":{"start":{"line":430,"column":6},"end":{"line":430,"column":24}},"277":{"start":{"line":431,"column":6},"end":{"line":431,"column":25}},"278":{"start":{"line":432,"column":6},"end":{"line":432,"column":34}},"279":{"start":{"line":433,"column":17},"end":{"line":433,"column":22}},"280":{"start":{"line":434,"column":6},"end":{"line":436,"column":7}},"281":{"start":{"line":435,"column":8},"end":{"line":435,"column":32}},"282":{"start":{"line":437,"column":6},"end":{"line":437,"column":34}},"283":{"start":{"line":438,"column":6},"end":{"line":442,"column":7}},"284":{"start":{"line":439,"column":8},"end":{"line":439,"column":26}},"285":{"start":{"line":440,"column":8},"end":{"line":440,"column":27}},"286":{"start":{"line":441,"column":8},"end":{"line":441,"column":29}},"287":{"start":{"line":443,"column":6},"end":{"line":443,"column":18}},"288":{"start":{"line":449,"column":26},"end":{"line":449,"column":96}},"289":{"start":{"line":451,"column":6},"end":{"line":451,"column":40}},"290":{"start":{"line":451,"column":33},"end":{"line":451,"column":40}},"291":{"start":{"line":452,"column":24},"end":{"line":452,"column":26}},"292":{"start":{"line":453,"column":6},"end":{"line":458,"column":7}},"293":{"start":{"line":454,"column":8},"end":{"line":457,"column":9}},"294":{"start":{"line":455,"column":21},"end":{"line":455,"column":44}},"295":{"start":{"line":456,"column":10},"end":{"line":456,"column":70}},"296":{"start":{"line":459,"column":6},"end":{"line":459,"column":25}},"297":{"start":{"line":464,"column":26},"end":{"line":464,"column":96}},"298":{"start":{"line":466,"column":6},"end":{"line":466,"column":40}},"299":{"start":{"line":466,"column":33},"end":{"line":466,"column":40}},"300":{"start":{"line":467,"column":6},"end":{"line":467,"column":89}},"301":{"start":{"line":472,"column":16},"end":{"line":472,"column":48}},"302":{"start":{"line":473,"column":6},"end":{"line":473,"column":30}},"303":{"start":{"line":478,"column":16},"end":{"line":478,"column":34}},"304":{"start":{"line":479,"column":6},"end":{"line":484,"column":7}},"305":{"start":{"line":480,"column":22},"end":{"line":480,"column":34}},"306":{"start":{"line":481,"column":8},"end":{"line":481,"column":37}},"307":{"start":{"line":482,"column":8},"end":{"line":482,"column":45}},"308":{"start":{"line":483,"column":8},"end":{"line":483,"column":44}},"309":{"start":{"line":485,"column":6},"end":{"line":485,"column":123}},"310":{"start":{"line":490,"column":22},"end":{"line":490,"column":104}},"311":{"start":{"line":492,"column":6},"end":{"line":494,"column":10}},"312":{"start":{"line":493,"column":8},"end":{"line":493,"column":49}},"313":{"start":{"line":499,"column":22},"end":{"line":499,"column":104}},"314":{"start":{"line":501,"column":6},"end":{"line":503,"column":7}},"315":{"start":{"line":502,"column":8},"end":{"line":502,"column":39}},"316":{"start":{"line":504,"column":6},"end":{"line":504,"column":50}},"317":{"start":{"line":505,"column":6},"end":{"line":505,"column":40}},"318":{"start":{"line":506,"column":16},"end":{"line":506,"column":32}},"319":{"start":{"line":507,"column":6},"end":{"line":512,"column":7}},"320":{"start":{"line":508,"column":22},"end":{"line":508,"column":31}},"321":{"start":{"line":509,"column":8},"end":{"line":509,"column":37}},"322":{"start":{"line":510,"column":8},"end":{"line":510,"column":45}},"323":{"start":{"line":511,"column":8},"end":{"line":511,"column":40}},"324":{"start":{"line":513,"column":6},"end":{"line":515,"column":9}},"325":{"start":{"line":514,"column":8},"end":{"line":514,"column":63}},"326":{"start":{"line":520,"column":22},"end":{"line":520,"column":104}},"327":{"start":{"line":522,"column":6},"end":{"line":522,"column":74}},"328":{"start":{"line":527,"column":22},"end":{"line":527,"column":104}},"329":{"start":{"line":529,"column":6},"end":{"line":529,"column":74}},"330":{"start":{"line":534,"column":19},"end":{"line":534,"column":23}},"331":{"start":{"line":536,"column":23},"end":{"line":536,"column":93}},"332":{"start":{"line":538,"column":6},"end":{"line":542,"column":10}},"333":{"start":{"line":539,"column":8},"end":{"line":541,"column":11}},"334":{"start":{"line":540,"column":10},"end":{"line":540,"column":75}},"335":{"start":{"line":547,"column":23},"end":{"line":547,"column":93}},"336":{"start":{"line":549,"column":22},"end":{"line":549,"column":24}},"337":{"start":{"line":550,"column":6},"end":{"line":555,"column":7}},"338":{"start":{"line":551,"column":8},"end":{"line":554,"column":9}},"339":{"start":{"line":552,"column":10},"end":{"line":552,"column":51}},"340":{"start":{"line":552,"column":31},"end":{"line":552,"column":51}},"341":{"start":{"line":553,"column":10},"end":{"line":553,"column":50}},"342":{"start":{"line":556,"column":6},"end":{"line":556,"column":23}},"343":{"start":{"line":561,"column":23},"end":{"line":561,"column":93}},"344":{"start":{"line":563,"column":22},"end":{"line":563,"column":24}},"345":{"start":{"line":564,"column":6},"end":{"line":568,"column":7}},"346":{"start":{"line":565,"column":18},"end":{"line":565,"column":23}},"347":{"start":{"line":566,"column":8},"end":{"line":566,"column":49}},"348":{"start":{"line":566,"column":29},"end":{"line":566,"column":49}},"349":{"start":{"line":567,"column":8},"end":{"line":567,"column":43}},"350":{"start":{"line":569,"column":6},"end":{"line":569,"column":23}},"351":{"start":{"line":574,"column":23},"end":{"line":574,"column":93}},"352":{"start":{"line":576,"column":22},"end":{"line":576,"column":24}},"353":{"start":{"line":577,"column":6},"end":{"line":581,"column":7}},"354":{"start":{"line":578,"column":18},"end":{"line":578,"column":35}},"355":{"start":{"line":579,"column":8},"end":{"line":579,"column":49}},"356":{"start":{"line":579,"column":29},"end":{"line":579,"column":49}},"357":{"start":{"line":580,"column":8},"end":{"line":580,"column":43}},"358":{"start":{"line":582,"column":6},"end":{"line":582,"column":23}},"359":{"start":{"line":587,"column":24},"end":{"line":587,"column":97}},"360":{"start":{"line":589,"column":6},"end":{"line":591,"column":18}},"361":{"start":{"line":590,"column":8},"end":{"line":590,"column":64}},"362":{"start":{"line":596,"column":24},"end":{"line":596,"column":97}},"363":{"start":{"line":598,"column":6},"end":{"line":598,"column":31}},"364":{"start":{"line":598,"column":24},"end":{"line":598,"column":31}},"365":{"start":{"line":599,"column":6},"end":{"line":599,"column":42}},"366":{"start":{"line":604,"column":23},"end":{"line":604,"column":43}},"367":{"start":{"line":605,"column":6},"end":{"line":608,"column":7}},"368":{"start":{"line":606,"column":8},"end":{"line":606,"column":89}},"369":{"start":{"line":607,"column":8},"end":{"line":607,"column":42}},"370":{"start":{"line":609,"column":6},"end":{"line":609,"column":98}},"371":{"start":{"line":614,"column":29},"end":{"line":614,"column":98}},"372":{"start":{"line":615,"column":26},"end":{"line":615,"column":95}},"373":{"start":{"line":617,"column":6},"end":{"line":619,"column":7}},"374":{"start":{"line":618,"column":8},"end":{"line":618,"column":53}},"375":{"start":{"line":620,"column":6},"end":{"line":622,"column":7}},"376":{"start":{"line":621,"column":8},"end":{"line":621,"column":47}},"377":{"start":{"line":623,"column":22},"end":{"line":623,"column":54}},"378":{"start":{"line":624,"column":6},"end":{"line":624,"column":50}},"379":{"start":{"line":625,"column":24},"end":{"line":625,"column":45}},"380":{"start":{"line":626,"column":6},"end":{"line":626,"column":56}},"381":{"start":{"line":631,"column":6},"end":{"line":631,"column":57}},"382":{"start":{"line":636,"column":24},"end":{"line":636,"column":93}},"383":{"start":{"line":638,"column":6},"end":{"line":638,"column":31}},"384":{"start":{"line":638,"column":24},"end":{"line":638,"column":31}},"385":{"start":{"line":639,"column":16},"end":{"line":639,"column":48}},"386":{"start":{"line":640,"column":6},"end":{"line":640,"column":30}},"387":{"start":{"line":645,"column":6},"end":{"line":645,"column":85}},"388":{"start":{"line":650,"column":19},"end":{"line":650,"column":23}},"389":{"start":{"line":652,"column":24},"end":{"line":652,"column":93}},"390":{"start":{"line":654,"column":6},"end":{"line":654,"column":68}},"391":{"start":{"line":655,"column":6},"end":{"line":655,"column":44}},"392":{"start":{"line":656,"column":6},"end":{"line":661,"column":7}},"393":{"start":{"line":657,"column":22},"end":{"line":657,"column":49}},"394":{"start":{"line":658,"column":8},"end":{"line":658,"column":37}},"395":{"start":{"line":659,"column":8},"end":{"line":659,"column":45}},"396":{"start":{"line":660,"column":8},"end":{"line":660,"column":31}},"397":{"start":{"line":662,"column":6},"end":{"line":675,"column":32}},"398":{"start":{"line":663,"column":8},"end":{"line":663,"column":54}},"399":{"start":{"line":664,"column":8},"end":{"line":672,"column":9}},"400":{"start":{"line":665,"column":10},"end":{"line":665,"column":23}},"401":{"start":{"line":667,"column":10},"end":{"line":667,"column":21}},"402":{"start":{"line":668,"column":20},"end":{"line":668,"column":28}},"403":{"start":{"line":669,"column":10},"end":{"line":669,"column":22}},"404":{"start":{"line":670,"column":20},"end":{"line":670,"column":28}},"405":{"start":{"line":671,"column":10},"end":{"line":671,"column":46}},"406":{"start":{"line":674,"column":8},"end":{"line":674,"column":20}},"407":{"start":{"line":680,"column":18},"end":{"line":680,"column":96}},"408":{"start":{"line":682,"column":6},"end":{"line":682,"column":54}},"409":{"start":{"line":682,"column":25},"end":{"line":682,"column":54}},"410":{"start":{"line":683,"column":23},"end":{"line":683,"column":25}},"411":{"start":{"line":684,"column":6},"end":{"line":708,"column":7}},"412":{"start":{"line":685,"column":19},"end":{"line":685,"column":27}},"413":{"start":{"line":686,"column":8},"end":{"line":686,"column":38}},"414":{"start":{"line":688,"column":8},"end":{"line":704,"column":9}},"415":{"start":{"line":690,"column":12},"end":{"line":692,"column":15}},"416":{"start":{"line":691,"column":14},"end":{"line":691,"column":27}},"417":{"start":{"line":693,"column":12},"end":{"line":693,"column":18}},"418":{"start":{"line":695,"column":12},"end":{"line":695,"column":38}},"419":{"start":{"line":696,"column":12},"end":{"line":696,"column":18}},"420":{"start":{"line":698,"column":12},"end":{"line":698,"column":46}},"421":{"start":{"line":699,"column":12},"end":{"line":699,"column":18}},"422":{"start":{"line":701,"column":12},"end":{"line":701,"column":18}},"423":{"start":{"line":703,"column":12},"end":{"line":703,"column":70}},"424":{"start":{"line":706,"column":8},"end":{"line":706,"column":50}},"425":{"start":{"line":707,"column":8},"end":{"line":707,"column":29}},"426":{"start":{"line":709,"column":6},"end":{"line":709,"column":30}},"427":{"start":{"line":710,"column":6},"end":{"line":710,"column":32}},"428":{"start":{"line":715,"column":6},"end":{"line":715,"column":59}},"429":{"start":{"line":720,"column":18},"end":{"line":720,"column":88}},"430":{"start":{"line":722,"column":6},"end":{"line":722,"column":72}},"431":{"start":{"line":727,"column":23},"end":{"line":727,"column":42}},"432":{"start":{"line":728,"column":6},"end":{"line":728,"column":62}},"433":{"start":{"line":728,"column":23},"end":{"line":728,"column":62}},"434":{"start":{"line":729,"column":6},"end":{"line":729,"column":61}},"435":{"start":{"line":729,"column":22},"end":{"line":729,"column":61}},"436":{"start":{"line":730,"column":6},"end":{"line":730,"column":61}},"437":{"start":{"line":730,"column":22},"end":{"line":730,"column":61}},"438":{"start":{"line":731,"column":6},"end":{"line":731,"column":61}},"439":{"start":{"line":731,"column":22},"end":{"line":731,"column":61}},"440":{"start":{"line":732,"column":6},"end":{"line":732,"column":62}},"441":{"start":{"line":732,"column":23},"end":{"line":732,"column":62}},"442":{"start":{"line":733,"column":6},"end":{"line":733,"column":24}},"443":{"start":{"line":737,"column":2},"end":{"line":737,"column":17}},"444":{"start":{"line":740,"column":0},"end":{"line":740,"column":26}}},"fnMap":{"0":{"name":"(anonymous_0)","decl":{"start":{"line":7,"column":19},"end":{"line":7,"column":20}},"loc":{"start":{"line":7,"column":31},"end":{"line":7,"column":561}},"line":7},"1":{"name":"defineProperties","decl":{"start":{"line":7,"column":42},"end":{"line":7,"column":58}},"loc":{"start":{"line":7,"column":74},"end":{"line":7,"column":349}},"line":7},"2":{"name":"(anonymous_2)","decl":{"start":{"line":7,"column":357},"end":{"line":7,"column":358}},"loc":{"start":{"line":7,"column":405},"end":{"line":7,"column":558}},"line":7},"3":{"name":"_interopRequireDefault","decl":{"start":{"line":13,"column":9},"end":{"line":13,"column":31}},"loc":{"start":{"line":13,"column":37},"end":{"line":13,"column":95}},"line":13},"4":{"name":"_classCallCheck","decl":{"start":{"line":15,"column":9},"end":{"line":15,"column":24}},"loc":{"start":{"line":15,"column":48},"end":{"line":15,"column":153}},"line":15},"5":{"name":"(anonymous_5)","decl":{"start":{"line":17,"column":14},"end":{"line":17,"column":15}},"loc":{"start":{"line":17,"column":26},"end":{"line":738,"column":1}},"line":17},"6":{"name":"Reversi","decl":{"start":{"line":18,"column":11},"end":{"line":18,"column":18}},"loc":{"start":{"line":18,"column":29},"end":{"line":30,"column":3}},"line":18},"7":{"name":"clearAttrs","decl":{"start":{"line":34,"column":20},"end":{"line":34,"column":30}},"loc":{"start":{"line":34,"column":33},"end":{"line":73,"column":5}},"line":34},"8":{"name":"(anonymous_8)","decl":{"start":{"line":49,"column":56},"end":{"line":49,"column":57}},"loc":{"start":{"line":49,"column":69},"end":{"line":51,"column":7}},"line":49},"9":{"name":"(anonymous_9)","decl":{"start":{"line":52,"column":59},"end":{"line":52,"column":60}},"loc":{"start":{"line":52,"column":72},"end":{"line":54,"column":7}},"line":52},"10":{"name":"thisMovesToByteMoves","decl":{"start":{"line":76,"column":20},"end":{"line":76,"column":40}},"loc":{"start":{"line":76,"column":43},"end":{"line":84,"column":5}},"line":76},"11":{"name":"thisBoardToByteBoard","decl":{"start":{"line":87,"column":20},"end":{"line":87,"column":40}},"loc":{"start":{"line":87,"column":43},"end":{"line":89,"column":5}},"line":87},"12":{"name":"makeMove","decl":{"start":{"line":92,"column":20},"end":{"line":92,"column":28}},"loc":{"start":{"line":92,"column":35},"end":{"line":126,"column":5}},"line":92},"13":{"name":"possibleDirections","decl":{"start":{"line":129,"column":20},"end":{"line":129,"column":38}},"loc":{"start":{"line":129,"column":49},"end":{"line":144,"column":5}},"line":129},"14":{"name":"traverseDirection","decl":{"start":{"line":147,"column":20},"end":{"line":147,"column":37}},"loc":{"start":{"line":147,"column":67},"end":{"line":175,"column":5}},"line":147},"15":{"name":"isComplete","decl":{"start":{"line":178,"column":20},"end":{"line":178,"column":30}},"loc":{"start":{"line":178,"column":33},"end":{"line":219,"column":5}},"line":178},"16":{"name":"calcWinners","decl":{"start":{"line":222,"column":20},"end":{"line":222,"column":31}},"loc":{"start":{"line":222,"column":34},"end":{"line":235,"column":5}},"line":222},"17":{"name":"isSymmetrical","decl":{"start":{"line":238,"column":20},"end":{"line":238,"column":33}},"loc":{"start":{"line":238,"column":36},"end":{"line":276,"column":5}},"line":238},"18":{"name":"buildMovesString","decl":{"start":{"line":279,"column":20},"end":{"line":279,"column":36}},"loc":{"start":{"line":279,"column":39},"end":{"line":285,"column":5}},"line":279},"19":{"name":"(anonymous_19)","decl":{"start":{"line":282,"column":40},"end":{"line":282,"column":41}},"loc":{"start":{"line":282,"column":56},"end":{"line":284,"column":7}},"line":282},"20":{"name":"pickRandomMove","decl":{"start":{"line":288,"column":20},"end":{"line":288,"column":34}},"loc":{"start":{"line":288,"column":37},"end":{"line":295,"column":5}},"line":288},"21":{"name":"mine","decl":{"start":{"line":298,"column":20},"end":{"line":298,"column":24}},"loc":{"start":{"line":298,"column":27},"end":{"line":325,"column":5}},"line":298},"22":{"name":"getValidMoves","decl":{"start":{"line":328,"column":20},"end":{"line":328,"column":33}},"loc":{"start":{"line":328,"column":36},"end":{"line":343,"column":5}},"line":328},"23":{"name":"makeVisualBoard","decl":{"start":{"line":346,"column":20},"end":{"line":346,"column":35}},"loc":{"start":{"line":346,"column":38},"end":{"line":357,"column":5}},"line":346},"24":{"name":"(anonymous_24)","decl":{"start":{"line":347,"column":62},"end":{"line":347,"column":63}},"loc":{"start":{"line":347,"column":75},"end":{"line":351,"column":7}},"line":347},"25":{"name":"(anonymous_25)","decl":{"start":{"line":348,"column":21},"end":{"line":348,"column":22}},"loc":{"start":{"line":348,"column":34},"end":{"line":350,"column":9}},"line":348},"26":{"name":"(anonymous_26)","decl":{"start":{"line":351,"column":40},"end":{"line":351,"column":41}},"loc":{"start":{"line":351,"column":53},"end":{"line":355,"column":7}},"line":351},"27":{"name":"(anonymous_27)","decl":{"start":{"line":352,"column":21},"end":{"line":352,"column":22}},"loc":{"start":{"line":352,"column":34},"end":{"line":354,"column":9}},"line":352},"28":{"name":"moveToArray","decl":{"start":{"line":360,"column":20},"end":{"line":360,"column":31}},"loc":{"start":{"line":360,"column":43},"end":{"line":362,"column":5}},"line":360},"29":{"name":"stringMovesToBinaryMoves","decl":{"start":{"line":365,"column":20},"end":{"line":365,"column":44}},"loc":{"start":{"line":365,"column":47},"end":{"line":385,"column":5}},"line":365},"30":{"name":"(anonymous_30)","decl":{"start":{"line":371,"column":53},"end":{"line":371,"column":54}},"loc":{"start":{"line":371,"column":69},"end":{"line":377,"column":7}},"line":371},"31":{"name":"playGameMovesString","decl":{"start":{"line":388,"column":20},"end":{"line":388,"column":39}},"loc":{"start":{"line":388,"column":42},"end":{"line":392,"column":5}},"line":388},"32":{"name":"playGameByteMoves","decl":{"start":{"line":395,"column":20},"end":{"line":395,"column":37}},"loc":{"start":{"line":395,"column":40},"end":{"line":401,"column":5}},"line":395},"33":{"name":"playMove","decl":{"start":{"line":404,"column":20},"end":{"line":404,"column":28}},"loc":{"start":{"line":404,"column":31},"end":{"line":423,"column":5}},"line":404},"34":{"name":"playGameMovesArray","decl":{"start":{"line":426,"column":20},"end":{"line":426,"column":38}},"loc":{"start":{"line":426,"column":41},"end":{"line":445,"column":5}},"line":426},"35":{"name":"colArrayBoardToBinaryBoard","decl":{"start":{"line":448,"column":20},"end":{"line":448,"column":46}},"loc":{"start":{"line":448,"column":49},"end":{"line":460,"column":5}},"line":448},"36":{"name":"colArrayBoardToByteBoard","decl":{"start":{"line":463,"column":20},"end":{"line":463,"column":44}},"loc":{"start":{"line":463,"column":47},"end":{"line":468,"column":5}},"line":463},"37":{"name":"binaryBoardToByteBoard","decl":{"start":{"line":471,"column":20},"end":{"line":471,"column":42}},"loc":{"start":{"line":471,"column":56},"end":{"line":474,"column":5}},"line":471},"38":{"name":"sliceBinaryMovesToBytes","decl":{"start":{"line":477,"column":20},"end":{"line":477,"column":43}},"loc":{"start":{"line":477,"column":57},"end":{"line":486,"column":5}},"line":477},"39":{"name":"byteBoardPopulateBoard","decl":{"start":{"line":489,"column":20},"end":{"line":489,"column":42}},"loc":{"start":{"line":489,"column":45},"end":{"line":495,"column":5}},"line":489},"40":{"name":"(anonymous_40)","decl":{"start":{"line":492,"column":83},"end":{"line":492,"column":84}},"loc":{"start":{"line":492,"column":96},"end":{"line":494,"column":7}},"line":492},"41":{"name":"byteBoardToArrayBoard","decl":{"start":{"line":498,"column":20},"end":{"line":498,"column":41}},"loc":{"start":{"line":498,"column":44},"end":{"line":516,"column":5}},"line":498},"42":{"name":"(anonymous_42)","decl":{"start":{"line":513,"column":44},"end":{"line":513,"column":45}},"loc":{"start":{"line":513,"column":60},"end":{"line":515,"column":7}},"line":513},"43":{"name":"byteBoardToRowArray","decl":{"start":{"line":519,"column":20},"end":{"line":519,"column":39}},"loc":{"start":{"line":519,"column":42},"end":{"line":523,"column":5}},"line":519},"44":{"name":"byteBoardToColArray","decl":{"start":{"line":526,"column":20},"end":{"line":526,"column":39}},"loc":{"start":{"line":526,"column":42},"end":{"line":530,"column":5}},"line":526},"45":{"name":"multiArrayBoardToRows","decl":{"start":{"line":533,"column":20},"end":{"line":533,"column":41}},"loc":{"start":{"line":533,"column":44},"end":{"line":543,"column":5}},"line":533},"46":{"name":"(anonymous_46)","decl":{"start":{"line":538,"column":52},"end":{"line":538,"column":53}},"loc":{"start":{"line":538,"column":65},"end":{"line":542,"column":7}},"line":538},"47":{"name":"(anonymous_47)","decl":{"start":{"line":539,"column":21},"end":{"line":539,"column":22}},"loc":{"start":{"line":539,"column":34},"end":{"line":541,"column":9}},"line":539},"48":{"name":"arrayBoardToRows2D","decl":{"start":{"line":546,"column":20},"end":{"line":546,"column":38}},"loc":{"start":{"line":546,"column":41},"end":{"line":557,"column":5}},"line":546},"49":{"name":"arrayBoardToRows","decl":{"start":{"line":560,"column":20},"end":{"line":560,"column":36}},"loc":{"start":{"line":560,"column":39},"end":{"line":570,"column":5}},"line":560},"50":{"name":"arrayBoardToCols","decl":{"start":{"line":573,"column":20},"end":{"line":573,"column":36}},"loc":{"start":{"line":573,"column":39},"end":{"line":583,"column":5}},"line":573},"51":{"name":"stringBoardToArrayBoard","decl":{"start":{"line":586,"column":20},"end":{"line":586,"column":43}},"loc":{"start":{"line":586,"column":46},"end":{"line":592,"column":5}},"line":586},"52":{"name":"(anonymous_52)","decl":{"start":{"line":589,"column":61},"end":{"line":589,"column":62}},"loc":{"start":{"line":589,"column":77},"end":{"line":591,"column":7}},"line":589},"53":{"name":"stringMovesToArrayMoves","decl":{"start":{"line":595,"column":20},"end":{"line":595,"column":43}},"loc":{"start":{"line":595,"column":46},"end":{"line":600,"column":5}},"line":595},"54":{"name":"pickRandomMove","decl":{"start":{"line":603,"column":20},"end":{"line":603,"column":34}},"loc":{"start":{"line":603,"column":37},"end":{"line":610,"column":5}},"line":603},"55":{"name":"byteMovesToStringMoves","decl":{"start":{"line":613,"column":20},"end":{"line":613,"column":42}},"loc":{"start":{"line":613,"column":45},"end":{"line":627,"column":5}},"line":613},"56":{"name":"returnByteMoves","decl":{"start":{"line":630,"column":20},"end":{"line":630,"column":35}},"loc":{"start":{"line":630,"column":38},"end":{"line":632,"column":5}},"line":630},"57":{"name":"binaryMovesToByteMoves","decl":{"start":{"line":635,"column":20},"end":{"line":635,"column":42}},"loc":{"start":{"line":635,"column":45},"end":{"line":641,"column":5}},"line":635},"58":{"name":"stringMovesToByteMoves","decl":{"start":{"line":644,"column":20},"end":{"line":644,"column":42}},"loc":{"start":{"line":644,"column":56},"end":{"line":646,"column":5}},"line":644},"59":{"name":"binaryMovesToStringMoves","decl":{"start":{"line":649,"column":20},"end":{"line":649,"column":44}},"loc":{"start":{"line":649,"column":47},"end":{"line":676,"column":5}},"line":649},"60":{"name":"(anonymous_60)","decl":{"start":{"line":662,"column":46},"end":{"line":662,"column":47}},"loc":{"start":{"line":662,"column":62},"end":{"line":673,"column":7}},"line":662},"61":{"name":"(anonymous_61)","decl":{"start":{"line":673,"column":16},"end":{"line":673,"column":17}},"loc":{"start":{"line":673,"column":32},"end":{"line":675,"column":7}},"line":673},"62":{"name":"translateToC4Version","decl":{"start":{"line":679,"column":20},"end":{"line":679,"column":40}},"loc":{"start":{"line":679,"column":43},"end":{"line":711,"column":5}},"line":679},"63":{"name":"(anonymous_63)","decl":{"start":{"line":690,"column":28},"end":{"line":690,"column":29}},"loc":{"start":{"line":690,"column":41},"end":{"line":692,"column":13}},"line":690},"64":{"name":"arrayToMove","decl":{"start":{"line":714,"column":20},"end":{"line":714,"column":31}},"loc":{"start":{"line":714,"column":42},"end":{"line":716,"column":5}},"line":714},"65":{"name":"sliceMovesStringToBytes","decl":{"start":{"line":719,"column":20},"end":{"line":719,"column":43}},"loc":{"start":{"line":719,"column":46},"end":{"line":723,"column":5}},"line":719},"66":{"name":"returnSymmetriesAsBN","decl":{"start":{"line":726,"column":20},"end":{"line":726,"column":40}},"loc":{"start":{"line":726,"column":43},"end":{"line":734,"column":5}},"line":726}},"branchMap":{"0":{"loc":{"start":{"line":7,"column":168},"end":{"line":7,"column":198}},"type":"binary-expr","locations":[{"start":{"line":7,"column":168},"end":{"line":7,"column":189}},{"start":{"line":7,"column":193},"end":{"line":7,"column":198}}],"line":7},"1":{"loc":{"start":{"line":7,"column":232},"end":{"line":7,"column":286}},"type":"if","locations":[{"start":{"line":7,"column":232},"end":{"line":7,"column":286}},{"start":{"line":7,"column":232},"end":{"line":7,"column":286}}],"line":7},"2":{"loc":{"start":{"line":7,"column":407},"end":{"line":7,"column":475}},"type":"if","locations":[{"start":{"line":7,"column":407},"end":{"line":7,"column":475}},{"start":{"line":7,"column":407},"end":{"line":7,"column":475}}],"line":7},"3":{"loc":{"start":{"line":7,"column":476},"end":{"line":7,"column":536}},"type":"if","locations":[{"start":{"line":7,"column":476},"end":{"line":7,"column":536}},{"start":{"line":7,"column":476},"end":{"line":7,"column":536}}],"line":7},"4":{"loc":{"start":{"line":13,"column":46},"end":{"line":13,"column":92}},"type":"cond-expr","locations":[{"start":{"line":13,"column":70},"end":{"line":13,"column":73}},{"start":{"line":13,"column":76},"end":{"line":13,"column":92}}],"line":13},"5":{"loc":{"start":{"line":13,"column":46},"end":{"line":13,"column":67}},"type":"binary-expr","locations":[{"start":{"line":13,"column":46},"end":{"line":13,"column":49}},{"start":{"line":13,"column":53},"end":{"line":13,"column":67}}],"line":13},"6":{"loc":{"start":{"line":15,"column":50},"end":{"line":15,"column":151}},"type":"if","locations":[{"start":{"line":15,"column":50},"end":{"line":15,"column":151}},{"start":{"line":15,"column":50},"end":{"line":15,"column":151}}],"line":15},"7":{"loc":{"start":{"line":27,"column":4},"end":{"line":29,"column":5}},"type":"if","locations":[{"start":{"line":27,"column":4},"end":{"line":29,"column":5}},{"start":{"line":27,"column":4},"end":{"line":29,"column":5}}],"line":27},"8":{"loc":{"start":{"line":77,"column":18},"end":{"line":77,"column":96}},"type":"cond-expr","locations":[{"start":{"line":77,"column":71},"end":{"line":77,"column":83}},{"start":{"line":77,"column":86},"end":{"line":77,"column":96}}],"line":77},"9":{"loc":{"start":{"line":77,"column":18},"end":{"line":77,"column":68}},"type":"binary-expr","locations":[{"start":{"line":77,"column":18},"end":{"line":77,"column":38}},{"start":{"line":77,"column":42},"end":{"line":77,"column":68}}],"line":77},"10":{"loc":{"start":{"line":95,"column":6},"end":{"line":99,"column":7}},"type":"if","locations":[{"start":{"line":95,"column":6},"end":{"line":99,"column":7}},{"start":{"line":95,"column":6},"end":{"line":99,"column":7}}],"line":95},"11":{"loc":{"start":{"line":102,"column":6},"end":{"line":106,"column":7}},"type":"if","locations":[{"start":{"line":102,"column":6},"end":{"line":106,"column":7}},{"start":{"line":102,"column":6},"end":{"line":106,"column":7}}],"line":102},"12":{"loc":{"start":{"line":117,"column":6},"end":{"line":124,"column":7}},"type":"if","locations":[{"start":{"line":117,"column":6},"end":{"line":124,"column":7}},{"start":{"line":117,"column":6},"end":{"line":124,"column":7}}],"line":117},"13":{"loc":{"start":{"line":125,"column":27},"end":{"line":125,"column":86}},"type":"cond-expr","locations":[{"start":{"line":125,"column":63},"end":{"line":125,"column":73}},{"start":{"line":125,"column":76},"end":{"line":125,"column":86}}],"line":125},"14":{"loc":{"start":{"line":136,"column":8},"end":{"line":141,"column":9}},"type":"if","locations":[{"start":{"line":136,"column":8},"end":{"line":141,"column":9}},{"start":{"line":136,"column":8},"end":{"line":141,"column":9}}],"line":136},"15":{"loc":{"start":{"line":136,"column":14},"end":{"line":136,"column":66}},"type":"binary-expr","locations":[{"start":{"line":136,"column":14},"end":{"line":136,"column":24}},{"start":{"line":136,"column":28},"end":{"line":136,"column":38}},{"start":{"line":136,"column":42},"end":{"line":136,"column":52}},{"start":{"line":136,"column":56},"end":{"line":136,"column":66}}],"line":136},"16":{"loc":{"start":{"line":138,"column":10},"end":{"line":140,"column":11}},"type":"if","locations":[{"start":{"line":138,"column":10},"end":{"line":140,"column":11}},{"start":{"line":138,"column":10},"end":{"line":140,"column":11}}],"line":138},"17":{"loc":{"start":{"line":138,"column":14},"end":{"line":138,"column":70}},"type":"binary-expr","locations":[{"start":{"line":138,"column":14},"end":{"line":138,"column":44}},{"start":{"line":138,"column":48},"end":{"line":138,"column":70}}],"line":138},"18":{"loc":{"start":{"line":150,"column":27},"end":{"line":150,"column":86}},"type":"cond-expr","locations":[{"start":{"line":150,"column":63},"end":{"line":150,"column":73}},{"start":{"line":150,"column":76},"end":{"line":150,"column":86}}],"line":150},"19":{"loc":{"start":{"line":151,"column":22},"end":{"line":151,"column":52}},"type":"binary-expr","locations":[{"start":{"line":151,"column":22},"end":{"line":151,"column":43}},{"start":{"line":151,"column":47},"end":{"line":151,"column":52}}],"line":151},"20":{"loc":{"start":{"line":154,"column":8},"end":{"line":172,"column":9}},"type":"if","locations":[{"start":{"line":154,"column":8},"end":{"line":172,"column":9}},{"start":{"line":154,"column":8},"end":{"line":172,"column":9}}],"line":154},"21":{"loc":{"start":{"line":154,"column":12},"end":{"line":154,"column":64}},"type":"binary-expr","locations":[{"start":{"line":154,"column":12},"end":{"line":154,"column":22}},{"start":{"line":154,"column":26},"end":{"line":154,"column":36}},{"start":{"line":154,"column":40},"end":{"line":154,"column":50}},{"start":{"line":154,"column":54},"end":{"line":154,"column":64}}],"line":154},"22":{"loc":{"start":{"line":160,"column":10},"end":{"line":171,"column":11}},"type":"if","locations":[{"start":{"line":160,"column":10},"end":{"line":171,"column":11}},{"start":{"line":160,"column":10},"end":{"line":171,"column":11}}],"line":160},"23":{"loc":{"start":{"line":163,"column":17},"end":{"line":171,"column":11}},"type":"if","locations":[{"start":{"line":163,"column":17},"end":{"line":171,"column":11}},{"start":{"line":163,"column":17},"end":{"line":171,"column":11}}],"line":163},"24":{"loc":{"start":{"line":163,"column":21},"end":{"line":163,"column":60}},"type":"binary-expr","locations":[{"start":{"line":163,"column":21},"end":{"line":163,"column":51}},{"start":{"line":163,"column":55},"end":{"line":163,"column":60}}],"line":163},"25":{"loc":{"start":{"line":179,"column":6},"end":{"line":183,"column":7}},"type":"if","locations":[{"start":{"line":179,"column":6},"end":{"line":183,"column":7}},{"start":{"line":179,"column":6},"end":{"line":183,"column":7}}],"line":179},"26":{"loc":{"start":{"line":187,"column":10},"end":{"line":189,"column":11}},"type":"if","locations":[{"start":{"line":187,"column":10},"end":{"line":189,"column":11}},{"start":{"line":187,"column":10},"end":{"line":189,"column":11}}],"line":187},"27":{"loc":{"start":{"line":193,"column":6},"end":{"line":211,"column":7}},"type":"if","locations":[{"start":{"line":193,"column":6},"end":{"line":211,"column":7}},{"start":{"line":193,"column":6},"end":{"line":211,"column":7}}],"line":193},"28":{"loc":{"start":{"line":194,"column":25},"end":{"line":194,"column":65}},"type":"binary-expr","locations":[{"start":{"line":194,"column":25},"end":{"line":194,"column":44}},{"start":{"line":194,"column":48},"end":{"line":194,"column":65}}],"line":194},"29":{"loc":{"start":{"line":199,"column":10},"end":{"line":201,"column":11}},"type":"if","locations":[{"start":{"line":199,"column":10},"end":{"line":201,"column":11}},{"start":{"line":199,"column":10},"end":{"line":201,"column":11}}],"line":199},"30":{"loc":{"start":{"line":206,"column":10},"end":{"line":208,"column":11}},"type":"if","locations":[{"start":{"line":206,"column":10},"end":{"line":208,"column":11}},{"start":{"line":206,"column":10},"end":{"line":208,"column":11}}],"line":206},"31":{"loc":{"start":{"line":212,"column":6},"end":{"line":218,"column":7}},"type":"if","locations":[{"start":{"line":212,"column":6},"end":{"line":218,"column":7}},{"start":{"line":212,"column":6},"end":{"line":218,"column":7}}],"line":212},"32":{"loc":{"start":{"line":224,"column":6},"end":{"line":224,"column":60}},"type":"if","locations":[{"start":{"line":224,"column":6},"end":{"line":224,"column":60}},{"start":{"line":224,"column":6},"end":{"line":224,"column":60}}],"line":224},"33":{"loc":{"start":{"line":230,"column":13},"end":{"line":230,"column":56}},"type":"cond-expr","locations":[{"start":{"line":230,"column":51},"end":{"line":230,"column":52}},{"start":{"line":230,"column":55},"end":{"line":230,"column":56}}],"line":230},"34":{"loc":{"start":{"line":231,"column":13},"end":{"line":231,"column":56}},"type":"cond-expr","locations":[{"start":{"line":231,"column":51},"end":{"line":231,"column":52}},{"start":{"line":231,"column":55},"end":{"line":231,"column":56}}],"line":231},"35":{"loc":{"start":{"line":244,"column":22},"end":{"line":244,"column":88}},"type":"binary-expr","locations":[{"start":{"line":244,"column":22},"end":{"line":244,"column":39}},{"start":{"line":244,"column":44},"end":{"line":244,"column":50}},{"start":{"line":244,"column":54},"end":{"line":244,"column":59}},{"start":{"line":244,"column":63},"end":{"line":244,"column":68}},{"start":{"line":244,"column":72},"end":{"line":244,"column":77}},{"start":{"line":244,"column":81},"end":{"line":244,"column":87}}],"line":244},"36":{"loc":{"start":{"line":245,"column":24},"end":{"line":245,"column":90}},"type":"binary-expr","locations":[{"start":{"line":245,"column":24},"end":{"line":245,"column":41}},{"start":{"line":245,"column":46},"end":{"line":245,"column":52}},{"start":{"line":245,"column":56},"end":{"line":245,"column":61}},{"start":{"line":245,"column":65},"end":{"line":245,"column":70}},{"start":{"line":245,"column":74},"end":{"line":245,"column":79}},{"start":{"line":245,"column":83},"end":{"line":245,"column":89}}],"line":245},"37":{"loc":{"start":{"line":247,"column":10},"end":{"line":249,"column":11}},"type":"if","locations":[{"start":{"line":247,"column":10},"end":{"line":249,"column":11}},{"start":{"line":247,"column":10},"end":{"line":249,"column":11}}],"line":247},"38":{"loc":{"start":{"line":251,"column":10},"end":{"line":253,"column":11}},"type":"if","locations":[{"start":{"line":251,"column":10},"end":{"line":253,"column":11}},{"start":{"line":251,"column":10},"end":{"line":253,"column":11}}],"line":251},"39":{"loc":{"start":{"line":255,"column":10},"end":{"line":257,"column":11}},"type":"if","locations":[{"start":{"line":255,"column":10},"end":{"line":257,"column":11}},{"start":{"line":255,"column":10},"end":{"line":257,"column":11}}],"line":255},"40":{"loc":{"start":{"line":259,"column":10},"end":{"line":261,"column":11}},"type":"if","locations":[{"start":{"line":259,"column":10},"end":{"line":261,"column":11}},{"start":{"line":259,"column":10},"end":{"line":261,"column":11}}],"line":259},"41":{"loc":{"start":{"line":263,"column":10},"end":{"line":265,"column":11}},"type":"if","locations":[{"start":{"line":263,"column":10},"end":{"line":265,"column":11}},{"start":{"line":263,"column":10},"end":{"line":265,"column":11}}],"line":263},"42":{"loc":{"start":{"line":268,"column":6},"end":{"line":275,"column":7}},"type":"if","locations":[{"start":{"line":268,"column":6},"end":{"line":275,"column":7}},{"start":{"line":268,"column":6},"end":{"line":275,"column":7}}],"line":268},"43":{"loc":{"start":{"line":268,"column":10},"end":{"line":268,"column":53}},"type":"binary-expr","locations":[{"start":{"line":268,"column":10},"end":{"line":268,"column":16}},{"start":{"line":268,"column":20},"end":{"line":268,"column":25}},{"start":{"line":268,"column":29},"end":{"line":268,"column":34}},{"start":{"line":268,"column":38},"end":{"line":268,"column":43}},{"start":{"line":268,"column":47},"end":{"line":268,"column":53}}],"line":268},"44":{"loc":{"start":{"line":290,"column":6},"end":{"line":293,"column":7}},"type":"if","locations":[{"start":{"line":290,"column":6},"end":{"line":293,"column":7}},{"start":{"line":290,"column":6},"end":{"line":293,"column":7}}],"line":290},"45":{"loc":{"start":{"line":291,"column":29},"end":{"line":291,"column":88}},"type":"cond-expr","locations":[{"start":{"line":291,"column":65},"end":{"line":291,"column":75}},{"start":{"line":291,"column":78},"end":{"line":291,"column":88}}],"line":291},"46":{"loc":{"start":{"line":294,"column":13},"end":{"line":294,"column":97}},"type":"binary-expr","locations":[{"start":{"line":294,"column":13},"end":{"line":294,"column":36}},{"start":{"line":294,"column":40},"end":{"line":294,"column":97}}],"line":294},"47":{"loc":{"start":{"line":301,"column":22},"end":{"line":301,"column":37}},"type":"binary-expr","locations":[{"start":{"line":301,"column":22},"end":{"line":301,"column":28}},{"start":{"line":301,"column":32},"end":{"line":301,"column":37}}],"line":301},"48":{"loc":{"start":{"line":302,"column":19},"end":{"line":302,"column":66}},"type":"cond-expr","locations":[{"start":{"line":302,"column":28},"end":{"line":302,"column":42}},{"start":{"line":302,"column":45},"end":{"line":302,"column":66}}],"line":302},"49":{"loc":{"start":{"line":303,"column":8},"end":{"line":318,"column":9}},"type":"if","locations":[{"start":{"line":303,"column":8},"end":{"line":318,"column":9}},{"start":{"line":303,"column":8},"end":{"line":318,"column":9}}],"line":303},"50":{"loc":{"start":{"line":308,"column":10},"end":{"line":315,"column":11}},"type":"if","locations":[{"start":{"line":308,"column":10},"end":{"line":315,"column":11}},{"start":{"line":308,"column":10},"end":{"line":315,"column":11}}],"line":308},"51":{"loc":{"start":{"line":310,"column":33},"end":{"line":310,"column":92}},"type":"cond-expr","locations":[{"start":{"line":310,"column":69},"end":{"line":310,"column":79}},{"start":{"line":310,"column":82},"end":{"line":310,"column":92}}],"line":310},"52":{"loc":{"start":{"line":312,"column":12},"end":{"line":314,"column":13}},"type":"if","locations":[{"start":{"line":312,"column":12},"end":{"line":314,"column":13}},{"start":{"line":312,"column":12},"end":{"line":314,"column":13}}],"line":312},"53":{"loc":{"start":{"line":332,"column":10},"end":{"line":339,"column":11}},"type":"if","locations":[{"start":{"line":332,"column":10},"end":{"line":339,"column":11}},{"start":{"line":332,"column":10},"end":{"line":339,"column":11}}],"line":332},"54":{"loc":{"start":{"line":336,"column":12},"end":{"line":338,"column":13}},"type":"if","locations":[{"start":{"line":336,"column":12},"end":{"line":338,"column":13}},{"start":{"line":336,"column":12},"end":{"line":338,"column":13}}],"line":336},"55":{"loc":{"start":{"line":349,"column":17},"end":{"line":349,"column":52}},"type":"cond-expr","locations":[{"start":{"line":349,"column":27},"end":{"line":349,"column":30}},{"start":{"line":349,"column":33},"end":{"line":349,"column":52}}],"line":349},"56":{"loc":{"start":{"line":349,"column":33},"end":{"line":349,"column":52}},"type":"cond-expr","locations":[{"start":{"line":349,"column":43},"end":{"line":349,"column":46}},{"start":{"line":349,"column":49},"end":{"line":349,"column":52}}],"line":349},"57":{"loc":{"start":{"line":353,"column":17},"end":{"line":353,"column":58}},"type":"cond-expr","locations":[{"start":{"line":353,"column":29},"end":{"line":353,"column":33}},{"start":{"line":353,"column":36},"end":{"line":353,"column":58}}],"line":353},"58":{"loc":{"start":{"line":353,"column":36},"end":{"line":353,"column":58}},"type":"cond-expr","locations":[{"start":{"line":353,"column":48},"end":{"line":353,"column":52}},{"start":{"line":353,"column":55},"end":{"line":353,"column":58}}],"line":353},"59":{"loc":{"start":{"line":368,"column":24},"end":{"line":368,"column":97}},"type":"cond-expr","locations":[{"start":{"line":368,"column":77},"end":{"line":368,"column":89}},{"start":{"line":368,"column":92},"end":{"line":368,"column":97}}],"line":368},"60":{"loc":{"start":{"line":368,"column":24},"end":{"line":368,"column":74}},"type":"binary-expr","locations":[{"start":{"line":368,"column":24},"end":{"line":368,"column":44}},{"start":{"line":368,"column":48},"end":{"line":368,"column":74}}],"line":368},"61":{"loc":{"start":{"line":370,"column":6},"end":{"line":370,"column":31}},"type":"if","locations":[{"start":{"line":370,"column":6},"end":{"line":370,"column":31}},{"start":{"line":370,"column":6},"end":{"line":370,"column":31}}],"line":370},"62":{"loc":{"start":{"line":372,"column":8},"end":{"line":372,"column":36}},"type":"if","locations":[{"start":{"line":372,"column":8},"end":{"line":372,"column":36}},{"start":{"line":372,"column":8},"end":{"line":372,"column":36}}],"line":372},"63":{"loc":{"start":{"line":378,"column":6},"end":{"line":383,"column":7}},"type":"if","locations":[{"start":{"line":378,"column":6},"end":{"line":383,"column":7}},{"start":{"line":378,"column":6},"end":{"line":383,"column":7}}],"line":378},"64":{"loc":{"start":{"line":389,"column":18},"end":{"line":389,"column":90}},"type":"cond-expr","locations":[{"start":{"line":389,"column":71},"end":{"line":389,"column":83}},{"start":{"line":389,"column":86},"end":{"line":389,"column":90}}],"line":389},"65":{"loc":{"start":{"line":389,"column":18},"end":{"line":389,"column":68}},"type":"binary-expr","locations":[{"start":{"line":389,"column":18},"end":{"line":389,"column":38}},{"start":{"line":389,"column":42},"end":{"line":389,"column":68}}],"line":389},"66":{"loc":{"start":{"line":396,"column":29},"end":{"line":396,"column":118}},"type":"cond-expr","locations":[{"start":{"line":396,"column":82},"end":{"line":396,"column":94}},{"start":{"line":396,"column":97},"end":{"line":396,"column":118}}],"line":396},"67":{"loc":{"start":{"line":396,"column":29},"end":{"line":396,"column":79}},"type":"binary-expr","locations":[{"start":{"line":396,"column":29},"end":{"line":396,"column":49}},{"start":{"line":396,"column":53},"end":{"line":396,"column":79}}],"line":396},"68":{"loc":{"start":{"line":397,"column":26},"end":{"line":397,"column":112}},"type":"cond-expr","locations":[{"start":{"line":397,"column":79},"end":{"line":397,"column":91}},{"start":{"line":397,"column":94},"end":{"line":397,"column":112}}],"line":397},"69":{"loc":{"start":{"line":397,"column":26},"end":{"line":397,"column":76}},"type":"binary-expr","locations":[{"start":{"line":397,"column":26},"end":{"line":397,"column":46}},{"start":{"line":397,"column":50},"end":{"line":397,"column":76}}],"line":397},"70":{"loc":{"start":{"line":405,"column":20},"end":{"line":405,"column":89}},"type":"cond-expr","locations":[{"start":{"line":405,"column":73},"end":{"line":405,"column":85}},{"start":{"line":405,"column":88},"end":{"line":405,"column":89}}],"line":405},"71":{"loc":{"start":{"line":405,"column":20},"end":{"line":405,"column":70}},"type":"binary-expr","locations":[{"start":{"line":405,"column":20},"end":{"line":405,"column":40}},{"start":{"line":405,"column":44},"end":{"line":405,"column":70}}],"line":405},"72":{"loc":{"start":{"line":406,"column":18},"end":{"line":406,"column":96}},"type":"cond-expr","locations":[{"start":{"line":406,"column":71},"end":{"line":406,"column":83}},{"start":{"line":406,"column":86},"end":{"line":406,"column":96}}],"line":406},"73":{"loc":{"start":{"line":406,"column":18},"end":{"line":406,"column":68}},"type":"binary-expr","locations":[{"start":{"line":406,"column":18},"end":{"line":406,"column":38}},{"start":{"line":406,"column":42},"end":{"line":406,"column":68}}],"line":406},"74":{"loc":{"start":{"line":408,"column":6},"end":{"line":408,"column":61}},"type":"if","locations":[{"start":{"line":408,"column":6},"end":{"line":408,"column":61}},{"start":{"line":408,"column":6},"end":{"line":408,"column":61}}],"line":408},"75":{"loc":{"start":{"line":414,"column":6},"end":{"line":421,"column":7}},"type":"if","locations":[{"start":{"line":414,"column":6},"end":{"line":421,"column":7}},{"start":{"line":414,"column":6},"end":{"line":421,"column":7}}],"line":414},"76":{"loc":{"start":{"line":416,"column":29},"end":{"line":416,"column":88}},"type":"cond-expr","locations":[{"start":{"line":416,"column":65},"end":{"line":416,"column":75}},{"start":{"line":416,"column":78},"end":{"line":416,"column":88}}],"line":416},"77":{"loc":{"start":{"line":418,"column":8},"end":{"line":420,"column":9}},"type":"if","locations":[{"start":{"line":418,"column":8},"end":{"line":420,"column":9}},{"start":{"line":418,"column":8},"end":{"line":420,"column":9}}],"line":418},"78":{"loc":{"start":{"line":427,"column":18},"end":{"line":427,"column":96}},"type":"cond-expr","locations":[{"start":{"line":427,"column":71},"end":{"line":427,"column":83}},{"start":{"line":427,"column":86},"end":{"line":427,"column":96}}],"line":427},"79":{"loc":{"start":{"line":427,"column":18},"end":{"line":427,"column":68}},"type":"binary-expr","locations":[{"start":{"line":427,"column":18},"end":{"line":427,"column":38}},{"start":{"line":427,"column":42},"end":{"line":427,"column":68}}],"line":427},"80":{"loc":{"start":{"line":429,"column":6},"end":{"line":429,"column":37}},"type":"if","locations":[{"start":{"line":429,"column":6},"end":{"line":429,"column":37}},{"start":{"line":429,"column":6},"end":{"line":429,"column":37}}],"line":429},"81":{"loc":{"start":{"line":434,"column":22},"end":{"line":434,"column":52}},"type":"binary-expr","locations":[{"start":{"line":434,"column":22},"end":{"line":434,"column":43}},{"start":{"line":434,"column":47},"end":{"line":434,"column":52}}],"line":434},"82":{"loc":{"start":{"line":438,"column":6},"end":{"line":442,"column":7}},"type":"if","locations":[{"start":{"line":438,"column":6},"end":{"line":442,"column":7}},{"start":{"line":438,"column":6},"end":{"line":442,"column":7}}],"line":438},"83":{"loc":{"start":{"line":449,"column":26},"end":{"line":449,"column":96}},"type":"cond-expr","locations":[{"start":{"line":449,"column":79},"end":{"line":449,"column":91}},{"start":{"line":449,"column":94},"end":{"line":449,"column":96}}],"line":449},"84":{"loc":{"start":{"line":449,"column":26},"end":{"line":449,"column":76}},"type":"binary-expr","locations":[{"start":{"line":449,"column":26},"end":{"line":449,"column":46}},{"start":{"line":449,"column":50},"end":{"line":449,"column":76}}],"line":449},"85":{"loc":{"start":{"line":451,"column":6},"end":{"line":451,"column":40}},"type":"if","locations":[{"start":{"line":451,"column":6},"end":{"line":451,"column":40}},{"start":{"line":451,"column":6},"end":{"line":451,"column":40}}],"line":451},"86":{"loc":{"start":{"line":456,"column":25},"end":{"line":456,"column":69}},"type":"cond-expr","locations":[{"start":{"line":456,"column":38},"end":{"line":456,"column":42}},{"start":{"line":456,"column":45},"end":{"line":456,"column":69}}],"line":456},"87":{"loc":{"start":{"line":456,"column":45},"end":{"line":456,"column":69}},"type":"cond-expr","locations":[{"start":{"line":456,"column":58},"end":{"line":456,"column":62}},{"start":{"line":456,"column":65},"end":{"line":456,"column":69}}],"line":456},"88":{"loc":{"start":{"line":464,"column":26},"end":{"line":464,"column":96}},"type":"cond-expr","locations":[{"start":{"line":464,"column":79},"end":{"line":464,"column":91}},{"start":{"line":464,"column":94},"end":{"line":464,"column":96}}],"line":464},"89":{"loc":{"start":{"line":464,"column":26},"end":{"line":464,"column":76}},"type":"binary-expr","locations":[{"start":{"line":464,"column":26},"end":{"line":464,"column":46}},{"start":{"line":464,"column":50},"end":{"line":464,"column":76}}],"line":464},"90":{"loc":{"start":{"line":466,"column":6},"end":{"line":466,"column":40}},"type":"if","locations":[{"start":{"line":466,"column":6},"end":{"line":466,"column":40}},{"start":{"line":466,"column":6},"end":{"line":466,"column":40}}],"line":466},"91":{"loc":{"start":{"line":479,"column":6},"end":{"line":484,"column":7}},"type":"if","locations":[{"start":{"line":479,"column":6},"end":{"line":484,"column":7}},{"start":{"line":479,"column":6},"end":{"line":484,"column":7}}],"line":479},"92":{"loc":{"start":{"line":490,"column":22},"end":{"line":490,"column":104}},"type":"cond-expr","locations":[{"start":{"line":490,"column":75},"end":{"line":490,"column":87}},{"start":{"line":490,"column":90},"end":{"line":490,"column":104}}],"line":490},"93":{"loc":{"start":{"line":490,"column":22},"end":{"line":490,"column":72}},"type":"binary-expr","locations":[{"start":{"line":490,"column":22},"end":{"line":490,"column":42}},{"start":{"line":490,"column":46},"end":{"line":490,"column":72}}],"line":490},"94":{"loc":{"start":{"line":493,"column":15},"end":{"line":493,"column":48}},"type":"cond-expr","locations":[{"start":{"line":493,"column":27},"end":{"line":493,"column":28}},{"start":{"line":493,"column":31},"end":{"line":493,"column":48}}],"line":493},"95":{"loc":{"start":{"line":493,"column":31},"end":{"line":493,"column":48}},"type":"cond-expr","locations":[{"start":{"line":493,"column":43},"end":{"line":493,"column":44}},{"start":{"line":493,"column":47},"end":{"line":493,"column":48}}],"line":493},"96":{"loc":{"start":{"line":499,"column":22},"end":{"line":499,"column":104}},"type":"cond-expr","locations":[{"start":{"line":499,"column":75},"end":{"line":499,"column":87}},{"start":{"line":499,"column":90},"end":{"line":499,"column":104}}],"line":499},"97":{"loc":{"start":{"line":499,"column":22},"end":{"line":499,"column":72}},"type":"binary-expr","locations":[{"start":{"line":499,"column":22},"end":{"line":499,"column":42}},{"start":{"line":499,"column":46},"end":{"line":499,"column":72}}],"line":499},"98":{"loc":{"start":{"line":501,"column":6},"end":{"line":503,"column":7}},"type":"if","locations":[{"start":{"line":501,"column":6},"end":{"line":503,"column":7}},{"start":{"line":501,"column":6},"end":{"line":503,"column":7}}],"line":501},"99":{"loc":{"start":{"line":507,"column":6},"end":{"line":512,"column":7}},"type":"if","locations":[{"start":{"line":507,"column":6},"end":{"line":512,"column":7}},{"start":{"line":507,"column":6},"end":{"line":512,"column":7}}],"line":507},"100":{"loc":{"start":{"line":514,"column":15},"end":{"line":514,"column":62}},"type":"cond-expr","locations":[{"start":{"line":514,"column":31},"end":{"line":514,"column":34}},{"start":{"line":514,"column":37},"end":{"line":514,"column":62}}],"line":514},"101":{"loc":{"start":{"line":514,"column":37},"end":{"line":514,"column":62}},"type":"cond-expr","locations":[{"start":{"line":514,"column":53},"end":{"line":514,"column":56}},{"start":{"line":514,"column":59},"end":{"line":514,"column":62}}],"line":514},"102":{"loc":{"start":{"line":520,"column":22},"end":{"line":520,"column":104}},"type":"cond-expr","locations":[{"start":{"line":520,"column":75},"end":{"line":520,"column":87}},{"start":{"line":520,"column":90},"end":{"line":520,"column":104}}],"line":520},"103":{"loc":{"start":{"line":520,"column":22},"end":{"line":520,"column":72}},"type":"binary-expr","locations":[{"start":{"line":520,"column":22},"end":{"line":520,"column":42}},{"start":{"line":520,"column":46},"end":{"line":520,"column":72}}],"line":520},"104":{"loc":{"start":{"line":527,"column":22},"end":{"line":527,"column":104}},"type":"cond-expr","locations":[{"start":{"line":527,"column":75},"end":{"line":527,"column":87}},{"start":{"line":527,"column":90},"end":{"line":527,"column":104}}],"line":527},"105":{"loc":{"start":{"line":527,"column":22},"end":{"line":527,"column":72}},"type":"binary-expr","locations":[{"start":{"line":527,"column":22},"end":{"line":527,"column":42}},{"start":{"line":527,"column":46},"end":{"line":527,"column":72}}],"line":527},"106":{"loc":{"start":{"line":536,"column":23},"end":{"line":536,"column":93}},"type":"cond-expr","locations":[{"start":{"line":536,"column":76},"end":{"line":536,"column":88}},{"start":{"line":536,"column":91},"end":{"line":536,"column":93}}],"line":536},"107":{"loc":{"start":{"line":536,"column":23},"end":{"line":536,"column":73}},"type":"binary-expr","locations":[{"start":{"line":536,"column":23},"end":{"line":536,"column":43}},{"start":{"line":536,"column":47},"end":{"line":536,"column":73}}],"line":536},"108":{"loc":{"start":{"line":540,"column":17},"end":{"line":540,"column":74}},"type":"cond-expr","locations":[{"start":{"line":540,"column":38},"end":{"line":540,"column":41}},{"start":{"line":540,"column":44},"end":{"line":540,"column":74}}],"line":540},"109":{"loc":{"start":{"line":540,"column":44},"end":{"line":540,"column":74}},"type":"cond-expr","locations":[{"start":{"line":540,"column":65},"end":{"line":540,"column":68}},{"start":{"line":540,"column":71},"end":{"line":540,"column":74}}],"line":540},"110":{"loc":{"start":{"line":547,"column":23},"end":{"line":547,"column":93}},"type":"cond-expr","locations":[{"start":{"line":547,"column":76},"end":{"line":547,"column":88}},{"start":{"line":547,"column":91},"end":{"line":547,"column":93}}],"line":547},"111":{"loc":{"start":{"line":547,"column":23},"end":{"line":547,"column":73}},"type":"binary-expr","locations":[{"start":{"line":547,"column":23},"end":{"line":547,"column":43}},{"start":{"line":547,"column":47},"end":{"line":547,"column":73}}],"line":547},"112":{"loc":{"start":{"line":552,"column":10},"end":{"line":552,"column":51}},"type":"if","locations":[{"start":{"line":552,"column":10},"end":{"line":552,"column":51}},{"start":{"line":552,"column":10},"end":{"line":552,"column":51}}],"line":552},"113":{"loc":{"start":{"line":561,"column":23},"end":{"line":561,"column":93}},"type":"cond-expr","locations":[{"start":{"line":561,"column":76},"end":{"line":561,"column":88}},{"start":{"line":561,"column":91},"end":{"line":561,"column":93}}],"line":561},"114":{"loc":{"start":{"line":561,"column":23},"end":{"line":561,"column":73}},"type":"binary-expr","locations":[{"start":{"line":561,"column":23},"end":{"line":561,"column":43}},{"start":{"line":561,"column":47},"end":{"line":561,"column":73}}],"line":561},"115":{"loc":{"start":{"line":566,"column":8},"end":{"line":566,"column":49}},"type":"if","locations":[{"start":{"line":566,"column":8},"end":{"line":566,"column":49}},{"start":{"line":566,"column":8},"end":{"line":566,"column":49}}],"line":566},"116":{"loc":{"start":{"line":574,"column":23},"end":{"line":574,"column":93}},"type":"cond-expr","locations":[{"start":{"line":574,"column":76},"end":{"line":574,"column":88}},{"start":{"line":574,"column":91},"end":{"line":574,"column":93}}],"line":574},"117":{"loc":{"start":{"line":574,"column":23},"end":{"line":574,"column":73}},"type":"binary-expr","locations":[{"start":{"line":574,"column":23},"end":{"line":574,"column":43}},{"start":{"line":574,"column":47},"end":{"line":574,"column":73}}],"line":574},"118":{"loc":{"start":{"line":579,"column":8},"end":{"line":579,"column":49}},"type":"if","locations":[{"start":{"line":579,"column":8},"end":{"line":579,"column":49}},{"start":{"line":579,"column":8},"end":{"line":579,"column":49}}],"line":579},"119":{"loc":{"start":{"line":587,"column":24},"end":{"line":587,"column":97}},"type":"cond-expr","locations":[{"start":{"line":587,"column":77},"end":{"line":587,"column":89}},{"start":{"line":587,"column":92},"end":{"line":587,"column":97}}],"line":587},"120":{"loc":{"start":{"line":587,"column":24},"end":{"line":587,"column":74}},"type":"binary-expr","locations":[{"start":{"line":587,"column":24},"end":{"line":587,"column":44}},{"start":{"line":587,"column":48},"end":{"line":587,"column":74}}],"line":587},"121":{"loc":{"start":{"line":589,"column":13},"end":{"line":591,"column":17}},"type":"binary-expr","locations":[{"start":{"line":589,"column":13},"end":{"line":589,"column":24}},{"start":{"line":589,"column":28},"end":{"line":591,"column":17}}],"line":589},"122":{"loc":{"start":{"line":590,"column":15},"end":{"line":590,"column":63}},"type":"cond-expr","locations":[{"start":{"line":590,"column":30},"end":{"line":590,"column":34}},{"start":{"line":590,"column":37},"end":{"line":590,"column":63}}],"line":590},"123":{"loc":{"start":{"line":590,"column":37},"end":{"line":590,"column":63}},"type":"cond-expr","locations":[{"start":{"line":590,"column":52},"end":{"line":590,"column":56}},{"start":{"line":590,"column":59},"end":{"line":590,"column":63}}],"line":590},"124":{"loc":{"start":{"line":596,"column":24},"end":{"line":596,"column":97}},"type":"cond-expr","locations":[{"start":{"line":596,"column":77},"end":{"line":596,"column":89}},{"start":{"line":596,"column":92},"end":{"line":596,"column":97}}],"line":596},"125":{"loc":{"start":{"line":596,"column":24},"end":{"line":596,"column":74}},"type":"binary-expr","locations":[{"start":{"line":596,"column":24},"end":{"line":596,"column":44}},{"start":{"line":596,"column":48},"end":{"line":596,"column":74}}],"line":596},"126":{"loc":{"start":{"line":598,"column":6},"end":{"line":598,"column":31}},"type":"if","locations":[{"start":{"line":598,"column":6},"end":{"line":598,"column":31}},{"start":{"line":598,"column":6},"end":{"line":598,"column":31}}],"line":598},"127":{"loc":{"start":{"line":605,"column":6},"end":{"line":608,"column":7}},"type":"if","locations":[{"start":{"line":605,"column":6},"end":{"line":608,"column":7}},{"start":{"line":605,"column":6},"end":{"line":608,"column":7}}],"line":605},"128":{"loc":{"start":{"line":606,"column":29},"end":{"line":606,"column":88}},"type":"cond-expr","locations":[{"start":{"line":606,"column":65},"end":{"line":606,"column":75}},{"start":{"line":606,"column":78},"end":{"line":606,"column":88}}],"line":606},"129":{"loc":{"start":{"line":609,"column":13},"end":{"line":609,"column":97}},"type":"binary-expr","locations":[{"start":{"line":609,"column":13},"end":{"line":609,"column":36}},{"start":{"line":609,"column":40},"end":{"line":609,"column":97}}],"line":609},"130":{"loc":{"start":{"line":614,"column":29},"end":{"line":614,"column":98}},"type":"cond-expr","locations":[{"start":{"line":614,"column":82},"end":{"line":614,"column":94}},{"start":{"line":614,"column":97},"end":{"line":614,"column":98}}],"line":614},"131":{"loc":{"start":{"line":614,"column":29},"end":{"line":614,"column":79}},"type":"binary-expr","locations":[{"start":{"line":614,"column":29},"end":{"line":614,"column":49}},{"start":{"line":614,"column":53},"end":{"line":614,"column":79}}],"line":614},"132":{"loc":{"start":{"line":615,"column":26},"end":{"line":615,"column":95}},"type":"cond-expr","locations":[{"start":{"line":615,"column":79},"end":{"line":615,"column":91}},{"start":{"line":615,"column":94},"end":{"line":615,"column":95}}],"line":615},"133":{"loc":{"start":{"line":615,"column":26},"end":{"line":615,"column":76}},"type":"binary-expr","locations":[{"start":{"line":615,"column":26},"end":{"line":615,"column":46}},{"start":{"line":615,"column":50},"end":{"line":615,"column":76}}],"line":615},"134":{"loc":{"start":{"line":617,"column":6},"end":{"line":619,"column":7}},"type":"if","locations":[{"start":{"line":617,"column":6},"end":{"line":619,"column":7}},{"start":{"line":617,"column":6},"end":{"line":619,"column":7}}],"line":617},"135":{"loc":{"start":{"line":620,"column":6},"end":{"line":622,"column":7}},"type":"if","locations":[{"start":{"line":620,"column":6},"end":{"line":622,"column":7}},{"start":{"line":620,"column":6},"end":{"line":622,"column":7}}],"line":620},"136":{"loc":{"start":{"line":636,"column":24},"end":{"line":636,"column":93}},"type":"cond-expr","locations":[{"start":{"line":636,"column":77},"end":{"line":636,"column":89}},{"start":{"line":636,"column":92},"end":{"line":636,"column":93}}],"line":636},"137":{"loc":{"start":{"line":636,"column":24},"end":{"line":636,"column":74}},"type":"binary-expr","locations":[{"start":{"line":636,"column":24},"end":{"line":636,"column":44}},{"start":{"line":636,"column":48},"end":{"line":636,"column":74}}],"line":636},"138":{"loc":{"start":{"line":638,"column":6},"end":{"line":638,"column":31}},"type":"if","locations":[{"start":{"line":638,"column":6},"end":{"line":638,"column":31}},{"start":{"line":638,"column":6},"end":{"line":638,"column":31}}],"line":638},"139":{"loc":{"start":{"line":652,"column":24},"end":{"line":652,"column":93}},"type":"cond-expr","locations":[{"start":{"line":652,"column":77},"end":{"line":652,"column":89}},{"start":{"line":652,"column":92},"end":{"line":652,"column":93}}],"line":652},"140":{"loc":{"start":{"line":652,"column":24},"end":{"line":652,"column":74}},"type":"binary-expr","locations":[{"start":{"line":652,"column":24},"end":{"line":652,"column":44}},{"start":{"line":652,"column":48},"end":{"line":652,"column":74}}],"line":652},"141":{"loc":{"start":{"line":654,"column":20},"end":{"line":654,"column":67}},"type":"binary-expr","locations":[{"start":{"line":654,"column":20},"end":{"line":654,"column":31}},{"start":{"line":654,"column":35},"end":{"line":654,"column":67}}],"line":654},"142":{"loc":{"start":{"line":656,"column":6},"end":{"line":661,"column":7}},"type":"if","locations":[{"start":{"line":656,"column":6},"end":{"line":661,"column":7}},{"start":{"line":656,"column":6},"end":{"line":661,"column":7}}],"line":656},"143":{"loc":{"start":{"line":664,"column":8},"end":{"line":672,"column":9}},"type":"if","locations":[{"start":{"line":664,"column":8},"end":{"line":672,"column":9}},{"start":{"line":664,"column":8},"end":{"line":672,"column":9}}],"line":664},"144":{"loc":{"start":{"line":680,"column":18},"end":{"line":680,"column":96}},"type":"cond-expr","locations":[{"start":{"line":680,"column":71},"end":{"line":680,"column":83}},{"start":{"line":680,"column":86},"end":{"line":680,"column":96}}],"line":680},"145":{"loc":{"start":{"line":680,"column":18},"end":{"line":680,"column":68}},"type":"binary-expr","locations":[{"start":{"line":680,"column":18},"end":{"line":680,"column":38}},{"start":{"line":680,"column":42},"end":{"line":680,"column":68}}],"line":680},"146":{"loc":{"start":{"line":682,"column":6},"end":{"line":682,"column":54}},"type":"if","locations":[{"start":{"line":682,"column":6},"end":{"line":682,"column":54}},{"start":{"line":682,"column":6},"end":{"line":682,"column":54}}],"line":682},"147":{"loc":{"start":{"line":688,"column":8},"end":{"line":704,"column":9}},"type":"switch","locations":[{"start":{"line":689,"column":10},"end":{"line":693,"column":18}},{"start":{"line":694,"column":10},"end":{"line":696,"column":18}},{"start":{"line":697,"column":10},"end":{"line":699,"column":18}},{"start":{"line":700,"column":10},"end":{"line":701,"column":18}},{"start":{"line":702,"column":10},"end":{"line":703,"column":70}}],"line":688},"148":{"loc":{"start":{"line":720,"column":18},"end":{"line":720,"column":88}},"type":"cond-expr","locations":[{"start":{"line":720,"column":71},"end":{"line":720,"column":83}},{"start":{"line":720,"column":86},"end":{"line":720,"column":88}}],"line":720},"149":{"loc":{"start":{"line":720,"column":18},"end":{"line":720,"column":68}},"type":"binary-expr","locations":[{"start":{"line":720,"column":18},"end":{"line":720,"column":38}},{"start":{"line":720,"column":42},"end":{"line":720,"column":68}}],"line":720},"150":{"loc":{"start":{"line":728,"column":6},"end":{"line":728,"column":62}},"type":"if","locations":[{"start":{"line":728,"column":6},"end":{"line":728,"column":62}},{"start":{"line":728,"column":6},"end":{"line":728,"column":62}}],"line":728},"151":{"loc":{"start":{"line":729,"column":6},"end":{"line":729,"column":61}},"type":"if","locations":[{"start":{"line":729,"column":6},"end":{"line":729,"column":61}},{"start":{"line":729,"column":6},"end":{"line":729,"column":61}}],"line":729},"152":{"loc":{"start":{"line":730,"column":6},"end":{"line":730,"column":61}},"type":"if","locations":[{"start":{"line":730,"column":6},"end":{"line":730,"column":61}},{"start":{"line":730,"column":6},"end":{"line":730,"column":61}}],"line":730},"153":{"loc":{"start":{"line":731,"column":6},"end":{"line":731,"column":61}},"type":"if","locations":[{"start":{"line":731,"column":6},"end":{"line":731,"column":61}},{"start":{"line":731,"column":6},"end":{"line":731,"column":61}}],"line":731},"154":{"loc":{"start":{"line":732,"column":6},"end":{"line":732,"column":62}},"type":"if","locations":[{"start":{"line":732,"column":6},"end":{"line":732,"column":62}},{"start":{"line":732,"column":6},"end":{"line":732,"column":62}}],"line":732}},"s":{"0":1,"1":1,"2":1,"3":44,"4":44,"5":44,"6":44,"7":44,"8":44,"9":1,"10":1,"11":1,"12":1,"13":0,"14":1,"15":1,"16":1,"17":1,"18":5,"19":0,"20":1,"21":5,"22":5,"23":5,"24":5,"25":5,"26":5,"27":5,"28":5,"29":0,"30":1,"31":13,"32":13,"33":13,"34":13,"35":13,"36":13,"37":13,"38":13,"39":13,"40":13,"41":13,"42":13,"43":13,"44":104,"45":13,"46":104,"47":13,"48":13,"49":13,"50":13,"51":13,"52":13,"53":13,"54":13,"55":13,"56":13,"57":13,"58":13,"59":13,"60":13,"61":13,"62":13,"63":9,"64":9,"65":9,"66":9,"67":9,"68":9,"69":9,"70":489,"71":489,"72":489,"73":0,"74":0,"75":0,"76":489,"77":489,"78":8,"79":8,"80":8,"81":481,"82":481,"83":1161,"84":1161,"85":1161,"86":1113,"87":1113,"88":1113,"89":481,"90":481,"91":481,"92":0,"93":0,"94":0,"95":481,"96":489,"97":489,"98":489,"99":3912,"100":3912,"101":3912,"102":3912,"103":3136,"104":3136,"105":1161,"106":489,"107":1161,"108":1161,"109":1161,"110":1161,"111":3154,"112":3154,"113":3154,"114":160,"115":160,"116":2994,"117":2994,"118":1993,"119":1001,"120":657,"121":344,"122":344,"123":1161,"124":16,"125":16,"126":16,"127":16,"128":0,"129":0,"130":0,"131":0,"132":0,"133":0,"134":0,"135":0,"136":0,"137":0,"138":0,"139":0,"140":0,"141":0,"142":0,"143":0,"144":0,"145":0,"146":0,"147":0,"148":0,"149":0,"150":0,"151":0,"152":8,"153":8,"154":0,"155":8,"156":8,"157":8,"158":512,"159":512,"160":512,"161":512,"162":8,"163":8,"164":8,"165":8,"166":8,"167":8,"168":8,"169":8,"170":64,"171":512,"172":192,"173":512,"174":96,"175":512,"176":96,"177":512,"178":0,"179":512,"180":192,"181":8,"182":8,"183":8,"184":8,"185":8,"186":8,"187":8,"188":60,"189":60,"190":1830,"191":0,"192":0,"193":0,"194":0,"195":0,"196":1,"197":1,"198":1,"199":60,"200":60,"201":60,"202":60,"203":60,"204":60,"205":60,"206":1,"207":1,"208":1,"209":1,"210":0,"211":0,"212":1,"213":1,"214":1,"215":1,"216":1,"217":0,"218":0,"219":0,"220":0,"221":0,"222":0,"223":0,"224":0,"225":0,"226":0,"227":0,"228":0,"229":0,"230":0,"231":0,"232":0,"233":1237,"234":9,"235":9,"236":9,"237":0,"238":9,"239":570,"240":0,"241":570,"242":570,"243":570,"244":570,"245":9,"246":9,"247":9,"248":9,"249":9,"250":9,"251":4,"252":4,"253":0,"254":0,"255":0,"256":0,"257":420,"258":420,"259":420,"260":0,"261":420,"262":420,"263":420,"264":420,"265":420,"266":420,"267":7,"268":7,"269":7,"270":7,"271":0,"272":420,"273":7,"274":7,"275":0,"276":7,"277":7,"278":7,"279":7,"280":7,"281":420,"282":7,"283":7,"284":7,"285":7,"286":7,"287":7,"288":9,"289":9,"290":0,"291":9,"292":9,"293":72,"294":576,"295":576,"296":9,"297":9,"298":9,"299":0,"300":9,"301":9,"302":9,"303":0,"304":0,"305":0,"306":0,"307":0,"308":0,"309":0,"310":0,"311":0,"312":0,"313":0,"314":0,"315":0,"316":0,"317":0,"318":0,"319":0,"320":0,"321":0,"322":0,"323":0,"324":0,"325":0,"326":0,"327":0,"328":0,"329":0,"330":0,"331":0,"332":0,"333":0,"334":0,"335":0,"336":0,"337":0,"338":0,"339":0,"340":0,"341":0,"342":0,"343":0,"344":0,"345":0,"346":0,"347":0,"348":0,"349":0,"350":0,"351":0,"352":0,"353":0,"354":0,"355":0,"356":0,"357":0,"358":0,"359":0,"360":0,"361":0,"362":7,"363":7,"364":0,"365":7,"366":0,"367":0,"368":0,"369":0,"370":0,"371":0,"372":0,"373":0,"374":0,"375":0,"376":0,"377":0,"378":0,"379":0,"380":0,"381":0,"382":0,"383":0,"384":0,"385":0,"386":0,"387":0,"388":0,"389":0,"390":0,"391":0,"392":0,"393":0,"394":0,"395":0,"396":0,"397":0,"398":0,"399":0,"400":0,"401":0,"402":0,"403":0,"404":0,"405":0,"406":0,"407":3,"408":3,"409":0,"410":3,"411":3,"412":180,"413":180,"414":180,"415":60,"416":120,"417":60,"418":60,"419":60,"420":60,"421":60,"422":0,"423":0,"424":180,"425":180,"426":3,"427":3,"428":2010,"429":0,"430":0,"431":0,"432":0,"433":0,"434":0,"435":0,"436":0,"437":0,"438":0,"439":0,"440":0,"441":0,"442":0,"443":1,"444":1},"f":{"0":1,"1":1,"2":1,"3":1,"4":5,"5":1,"6":5,"7":13,"8":104,"9":104,"10":9,"11":9,"12":489,"13":489,"14":1161,"15":16,"16":8,"17":8,"18":60,"19":1830,"20":0,"21":1,"22":0,"23":0,"24":0,"25":0,"26":0,"27":0,"28":1237,"29":9,"30":570,"31":4,"32":0,"33":420,"34":7,"35":9,"36":9,"37":9,"38":0,"39":0,"40":0,"41":0,"42":0,"43":0,"44":0,"45":0,"46":0,"47":0,"48":0,"49":0,"50":0,"51":0,"52":0,"53":7,"54":0,"55":0,"56":0,"57":0,"58":0,"59":0,"60":0,"61":0,"62":3,"63":120,"64":2010,"65":0,"66":0},"b":{"0":[44,44],"1":[44,0],"2":[1,0],"3":[0,1],"4":[0,1],"5":[1,1],"6":[0,5],"7":[0,5],"8":[1,8],"9":[9,1],"10":[0,489],"11":[8,481],"12":[481,0],"13":[249,232],"14":[3136,776],"15":[3912,3702,3504,3316],"16":[1161,1975],"17":[3136,2639],"18":[553,608],"19":[4315,4315],"20":[160,2994],"21":[3154,3126,3074,3038],"22":[1993,1001],"23":[657,344],"24":[1001,657],"25":[16,0],"26":[0,0],"27":[0,0],"28":[0,0],"29":[0,0],"30":[0,0],"31":[0,0],"32":[0,8],"33":[96,416],"34":[416,96],"35":[72,64,48,40,40,0],"36":[576,512,424,368,368,0],"37":[192,320],"38":[96,416],"39":[96,416],"40":[0,512],"41":[192,320],"42":[8,0],"43":[8,8,8,8,0],"44":[0,0],"45":[0,0],"46":[0,0],"47":[61,60],"48":[1,59],"49":[60,0],"50":[1,59],"51":[0,1],"52":[0,1],"53":[0,0],"54":[0,0],"55":[0,0],"56":[0,0],"57":[0,0],"58":[0,0],"59":[9,0],"60":[9,9],"61":[0,9],"62":[0,570],"63":[9,0],"64":[4,0],"65":[4,4],"66":[0,0],"67":[0,0],"68":[0,0],"69":[0,0],"70":[420,0],"71":[420,420],"72":[0,420],"73":[420,0],"74":[0,420],"75":[7,413],"76":[0,7],"77":[0,7],"78":[4,3],"79":[7,4],"80":[0,7],"81":[427,420],"82":[7,0],"83":[9,0],"84":[9,9],"85":[0,9],"86":[468,108],"87":[108,0],"88":[9,0],"89":[9,9],"90":[0,9],"91":[0,0],"92":[0,0],"93":[0,0],"94":[0,0],"95":[0,0],"96":[0,0],"97":[0,0],"98":[0,0],"99":[0,0],"100":[0,0],"101":[0,0],"102":[0,0],"103":[0,0],"104":[0,0],"105":[0,0],"106":[0,0],"107":[0,0],"108":[0,0],"109":[0,0],"110":[0,0],"111":[0,0],"112":[0,0],"113":[0,0],"114":[0,0],"115":[0,0],"116":[0,0],"117":[0,0],"118":[0,0],"119":[0,0],"120":[0,0],"121":[0,0],"122":[0,0],"123":[0,0],"124":[7,0],"125":[7,7],"126":[0,7],"127":[0,0],"128":[0,0],"129":[0,0],"130":[0,0],"131":[0,0],"132":[0,0],"133":[0,0],"134":[0,0],"135":[0,0],"136":[0,0],"137":[0,0],"138":[0,0],"139":[0,0],"140":[0,0],"141":[0,0],"142":[0,0],"143":[0,0],"144":[0,3],"145":[3,0],"146":[0,3],"147":[60,60,60,0,0],"148":[0,0],"149":[0,0],"150":[0,0],"151":[0,0],"152":[0,0],"153":[0,0],"154":[0,0]},"_coverageSchema":"332fd63041d2c1bcb487cc26dd0d5f7d97098a6c","hash":"beae67e42776831c25db572d295b770f7614b287"}
}
