TN:
SF:/home/billyrennekamp/GitHub.com/clovers-network/clovers-reversi/lib/reversi.js
FN:7,(anonymous_0)
FN:7,defineProperties
FN:7,(anonymous_2)
FN:13,_interopRequireDefault
FN:15,_classCallCheck
FN:17,(anonymous_5)
FN:18,Reversi
FN:34,clearAttrs
FN:49,(anonymous_8)
FN:52,(anonymous_9)
FN:76,thisMovesToByteMoves
FN:88,thisBoardToByteBoard
FN:93,makeMove
FN:130,possibleDirections
FN:148,traverseDirection
FN:179,isComplete
FN:223,calcWinners
FN:239,isSymmetrical
FN:280,buildMovesString
FN:283,(anonymous_19)
FN:289,pickRandomMove
FN:299,mine
FN:335,getValidMoves
FN:353,makeVisualBoard
FN:354,(anonymous_24)
FN:355,(anonymous_25)
FN:358,(anonymous_26)
FN:359,(anonymous_27)
FN:367,moveToArray
FN:372,stringMovesToBinaryMoves
FN:378,(anonymous_30)
FN:395,playGameMovesString
FN:404,playGameByteMoves
FN:413,playMove
FN:435,playGameMovesArray
FN:457,colArrayBoardToBinaryBoard
FN:472,colArrayBoardToByteBoard
FN:480,binaryBoardToByteBoard
FN:486,sliceBinaryMovesToBytes
FN:498,byteBoardPopulateBoard
FN:501,(anonymous_40)
FN:507,byteBoardToArrayBoard
FN:522,(anonymous_42)
FN:528,byteBoardToRowArray
FN:535,byteBoardToColArray
FN:542,multiArrayBoardToRows
FN:547,(anonymous_46)
FN:548,(anonymous_47)
FN:555,arrayBoardToRows2D
FN:569,arrayBoardToRows
FN:582,arrayBoardToCols
FN:595,stringBoardToArrayBoard
FN:598,(anonymous_52)
FN:604,stringMovesToArrayMoves
FN:612,pickRandomMove
FN:622,byteMovesToStringMoves
FN:639,returnByteMoves
FN:644,binaryMovesToByteMoves
FN:653,stringMovesToByteMoves
FN:658,binaryMovesToStringMoves
FN:671,(anonymous_60)
FN:682,(anonymous_61)
FN:688,translateToC4Version
FN:699,(anonymous_63)
FN:723,arrayToMove
FN:728,sliceMovesStringToBytes
FN:735,returnSymmetriesAsBN
FN:747,toSVG
FN:754,(anonymous_68)
FNF:69
FNH:35
FNDA:1,(anonymous_0)
FNDA:1,defineProperties
FNDA:1,(anonymous_2)
FNDA:1,_interopRequireDefault
FNDA:1773,_classCallCheck
FNDA:1,(anonymous_5)
FNDA:1773,Reversi
FNDA:1775,clearAttrs
FNDA:14200,(anonymous_8)
FNDA:14200,(anonymous_9)
FNDA:2,thisMovesToByteMoves
FNDA:2,thisBoardToByteBoard
FNDA:1893,makeMove
FNDA:1893,possibleDirections
FNDA:2226,traverseDirection
FNDA:4,isComplete
FNDA:2,calcWinners
FNDA:2,isSymmetrical
FNDA:1,buildMovesString
FNDA:60,(anonymous_19)
FNDA:0,pickRandomMove
FNDA:1,mine
FNDA:60,getValidMoves
FNDA:0,makeVisualBoard
FNDA:0,(anonymous_24)
FNDA:0,(anonymous_25)
FNDA:0,(anonymous_26)
FNDA:0,(anonymous_27)
FNDA:181,moveToArray
FNDA:2,stringMovesToBinaryMoves
FNDA:120,(anonymous_30)
FNDA:1,playGameMovesString
FNDA:0,playGameByteMoves
FNDA:60,playMove
FNDA:1,playGameMovesArray
FNDA:2,colArrayBoardToBinaryBoard
FNDA:2,colArrayBoardToByteBoard
FNDA:2,binaryBoardToByteBoard
FNDA:0,sliceBinaryMovesToBytes
FNDA:0,byteBoardPopulateBoard
FNDA:0,(anonymous_40)
FNDA:0,byteBoardToArrayBoard
FNDA:0,(anonymous_42)
FNDA:0,byteBoardToRowArray
FNDA:0,byteBoardToColArray
FNDA:0,multiArrayBoardToRows
FNDA:0,(anonymous_46)
FNDA:0,(anonymous_47)
FNDA:0,arrayBoardToRows2D
FNDA:0,arrayBoardToRows
FNDA:0,arrayBoardToCols
FNDA:0,stringBoardToArrayBoard
FNDA:0,(anonymous_52)
FNDA:1,stringMovesToArrayMoves
FNDA:59,pickRandomMove
FNDA:0,byteMovesToStringMoves
FNDA:2,returnByteMoves
FNDA:0,binaryMovesToByteMoves
FNDA:0,stringMovesToByteMoves
FNDA:0,binaryMovesToStringMoves
FNDA:0,(anonymous_60)
FNDA:0,(anonymous_61)
FNDA:0,translateToC4Version
FNDA:0,(anonymous_63)
FNDA:60,arrayToMove
FNDA:0,sliceMovesStringToBytes
FNDA:0,returnSymmetriesAsBN
FNDA:0,toSVG
FNDA:0,(anonymous_68)
DA:3,1
DA:7,45
DA:9,1
DA:11,1
DA:13,1
DA:15,1773
DA:17,1
DA:19,1773
DA:21,1773
DA:22,1773
DA:23,1773
DA:24,1773
DA:25,1773
DA:26,1773
DA:27,1773
DA:28,1772
DA:32,1
DA:35,1775
DA:37,1775
DA:38,1775
DA:39,1775
DA:40,1775
DA:41,1775
DA:42,1775
DA:43,1775
DA:44,1775
DA:45,1775
DA:46,1775
DA:47,1775
DA:49,1775
DA:50,14200
DA:52,1775
DA:53,14200
DA:55,1775
DA:56,1775
DA:57,1775
DA:58,1775
DA:59,1775
DA:61,1775
DA:62,1775
DA:63,1775
DA:64,1775
DA:66,1775
DA:67,1775
DA:68,1775
DA:69,1775
DA:70,1775
DA:71,1775
DA:72,1775
DA:77,2
DA:79,2
DA:80,2
DA:81,2
DA:82,2
DA:83,2
DA:84,2
DA:89,2
DA:94,1893
DA:95,1893
DA:96,1893
DA:97,0
DA:98,0
DA:99,0
DA:102,1893
DA:103,1893
DA:104,848
DA:105,848
DA:106,848
DA:108,1045
DA:109,1045
DA:110,2226
DA:111,2226
DA:112,2226
DA:113,1339
DA:114,1339
DA:115,1339
DA:118,1045
DA:119,583
DA:120,583
DA:122,462
DA:123,462
DA:124,462
DA:126,583
DA:131,1893
DA:132,1893
DA:133,1893
DA:134,15144
DA:135,15144
DA:136,15144
DA:137,15144
DA:138,11535
DA:139,11535
DA:140,2226
DA:144,1893
DA:149,2226
DA:150,2226
DA:151,2226
DA:152,2226
DA:153,5809
DA:154,5809
DA:155,5809
DA:157,376
DA:158,376
DA:160,5433
DA:161,5433
DA:163,3583
DA:164,1850
DA:166,802
DA:170,1048
DA:171,1048
DA:175,2226
DA:180,4
DA:181,4
DA:182,4
DA:183,4
DA:185,0
DA:186,0
DA:187,0
DA:188,0
DA:189,0
DA:193,0
DA:194,0
DA:195,0
DA:196,0
DA:198,0
DA:199,0
DA:200,0
DA:201,0
DA:203,0
DA:205,0
DA:206,0
DA:207,0
DA:208,0
DA:210,0
DA:213,0
DA:214,0
DA:215,0
DA:217,0
DA:218,0
DA:224,2
DA:225,2
DA:226,2
DA:227,2
DA:228,2
DA:229,128
DA:230,128
DA:231,128
DA:232,128
DA:234,2
DA:235,2
DA:240,2
DA:241,2
DA:242,2
DA:243,2
DA:244,2
DA:245,2
DA:246,4
DA:248,24
DA:249,4
DA:252,24
DA:253,8
DA:256,24
DA:257,8
DA:260,24
DA:261,2
DA:264,24
DA:265,2
DA:269,2
DA:270,0
DA:271,0
DA:272,0
DA:273,0
DA:274,0
DA:275,0
DA:281,1
DA:283,1
DA:284,60
DA:290,0
DA:291,0
DA:292,0
DA:293,0
DA:295,0
DA:300,1
DA:301,1
DA:302,1
DA:303,60
DA:304,60
DA:305,60
DA:306,60
DA:307,60
DA:308,60
DA:309,0
DA:310,0
DA:311,0
DA:312,0
DA:313,0
DA:317,0
DA:320,1
DA:323,1
DA:325,1
DA:326,1
DA:327,1
DA:328,1
DA:329,1
DA:330,1
DA:331,1
DA:336,60
DA:337,60
DA:338,480
DA:339,3840
DA:340,1772
DA:341,1772
DA:342,1772
DA:343,1772
DA:344,463
DA:349,60
DA:354,0
DA:355,0
DA:356,0
DA:359,0
DA:360,0
DA:363,0
DA:368,181
DA:373,2
DA:375,2
DA:377,2
DA:378,2
DA:379,120
DA:380,120
DA:381,120
DA:382,120
DA:383,120
DA:385,2
DA:386,2
DA:387,2
DA:388,2
DA:389,2
DA:391,2
DA:396,1
DA:398,1
DA:399,1
DA:400,0
DA:405,0
DA:406,0
DA:408,0
DA:409,0
DA:414,60
DA:415,60
DA:417,60
DA:418,60
DA:419,60
DA:420,60
DA:421,60
DA:422,60
DA:423,60
DA:424,1
DA:425,1
DA:426,1
DA:427,1
DA:428,0
DA:431,60
DA:436,1
DA:438,1
DA:439,1
DA:440,1
DA:441,1
DA:442,1
DA:443,1
DA:444,60
DA:446,1
DA:447,1
DA:448,1
DA:449,1
DA:450,1
DA:452,1
DA:458,2
DA:460,2
DA:461,2
DA:462,2
DA:463,16
DA:464,128
DA:465,128
DA:468,2
DA:473,2
DA:475,2
DA:476,2
DA:481,2
DA:482,2
DA:487,0
DA:488,0
DA:489,0
DA:490,0
DA:491,0
DA:492,0
DA:494,0
DA:499,0
DA:501,0
DA:502,0
DA:508,0
DA:510,0
DA:511,0
DA:513,0
DA:514,0
DA:515,0
DA:516,0
DA:517,0
DA:518,0
DA:519,0
DA:520,0
DA:522,0
DA:523,0
DA:529,0
DA:531,0
DA:536,0
DA:538,0
DA:543,0
DA:545,0
DA:547,0
DA:548,0
DA:549,0
DA:556,0
DA:558,0
DA:559,0
DA:560,0
DA:561,0
DA:562,0
DA:565,0
DA:570,0
DA:572,0
DA:573,0
DA:574,0
DA:575,0
DA:576,0
DA:578,0
DA:583,0
DA:585,0
DA:586,0
DA:587,0
DA:588,0
DA:589,0
DA:591,0
DA:596,0
DA:598,0
DA:599,0
DA:605,1
DA:607,1
DA:608,1
DA:613,59
DA:614,59
DA:615,1
DA:616,1
DA:618,59
DA:623,0
DA:624,0
DA:626,0
DA:627,0
DA:629,0
DA:630,0
DA:632,0
DA:633,0
DA:634,0
DA:635,0
DA:640,2
DA:645,0
DA:647,0
DA:648,0
DA:649,0
DA:654,0
DA:659,0
DA:661,0
DA:663,0
DA:664,0
DA:665,0
DA:666,0
DA:667,0
DA:668,0
DA:669,0
DA:671,0
DA:672,0
DA:673,0
DA:674,0
DA:676,0
DA:677,0
DA:678,0
DA:679,0
DA:680,0
DA:683,0
DA:689,0
DA:691,0
DA:692,0
DA:693,0
DA:694,0
DA:695,0
DA:697,0
DA:699,0
DA:700,0
DA:702,0
DA:704,0
DA:705,0
DA:707,0
DA:708,0
DA:710,0
DA:712,0
DA:715,0
DA:716,0
DA:718,0
DA:719,0
DA:724,60
DA:729,0
DA:731,0
DA:736,0
DA:737,0
DA:738,0
DA:739,0
DA:740,0
DA:741,0
DA:743,0
DA:748,0
DA:750,0
DA:751,0
DA:753,0
DA:754,0
DA:755,0
DA:756,0
DA:757,0
DA:758,0
DA:763,0
DA:764,0
DA:765,0
DA:766,0
DA:769,0
DA:770,0
DA:771,0
DA:772,0
DA:773,0
DA:775,0
DA:777,0
DA:778,0
DA:779,0
DA:780,0
DA:781,0
DA:782,0
DA:784,0
DA:785,0
DA:792,0
DA:794,0
DA:796,0
DA:797,0
DA:798,0
DA:799,0
DA:800,0
DA:802,0
DA:803,0
DA:804,0
DA:805,0
DA:807,0
DA:808,0
DA:809,0
DA:810,0
DA:812,0
DA:813,0
DA:814,0
DA:816,0
DA:818,0
DA:819,0
DA:820,0
DA:822,0
DA:823,0
DA:836,1
DA:839,1
LF:470
LH:244
BRDA:7,0,0,45
BRDA:7,0,1,45
BRDA:7,1,0,45
BRDA:7,1,1,0
BRDA:7,2,0,1
BRDA:7,2,1,0
BRDA:7,3,0,0
BRDA:7,3,1,1
BRDA:13,4,0,0
BRDA:13,4,1,1
BRDA:13,5,0,1
BRDA:13,5,1,1
BRDA:15,6,0,0
BRDA:15,6,1,1773
BRDA:27,7,0,1772
BRDA:27,7,1,1
BRDA:77,8,0,0
BRDA:77,8,1,2
BRDA:77,9,0,2
BRDA:77,9,1,0
BRDA:96,10,0,0
BRDA:96,10,1,1893
BRDA:103,11,0,848
BRDA:103,11,1,1045
BRDA:118,12,0,583
BRDA:118,12,1,462
BRDA:126,13,0,279
BRDA:126,13,1,304
BRDA:137,14,0,11535
BRDA:137,14,1,3609
BRDA:137,15,0,15144
BRDA:137,15,1,14256
BRDA:137,15,2,13266
BRDA:137,15,3,12339
BRDA:139,16,0,2226
BRDA:139,16,1,9309
BRDA:139,17,0,11535
BRDA:139,17,1,9831
BRDA:151,18,0,1073
BRDA:151,18,1,1153
BRDA:152,19,0,8035
BRDA:152,19,1,8013
BRDA:155,20,0,376
BRDA:155,20,1,5433
BRDA:155,21,0,5809
BRDA:155,21,1,5683
BRDA:155,21,2,5628
BRDA:155,21,3,5535
BRDA:161,22,0,3583
BRDA:161,22,1,1850
BRDA:164,23,0,802
BRDA:164,23,1,1048
BRDA:164,24,0,1850
BRDA:164,24,1,802
BRDA:180,25,0,4
BRDA:180,25,1,0
BRDA:188,26,0,0
BRDA:188,26,1,0
BRDA:194,27,0,0
BRDA:194,27,1,0
BRDA:195,28,0,0
BRDA:195,28,1,0
BRDA:200,29,0,0
BRDA:200,29,1,0
BRDA:207,30,0,0
BRDA:207,30,1,0
BRDA:213,31,0,0
BRDA:213,31,1,0
BRDA:225,32,0,0
BRDA:225,32,1,2
BRDA:231,33,0,94
BRDA:231,33,1,34
BRDA:232,34,0,34
BRDA:232,34,1,94
BRDA:245,35,0,6
BRDA:245,35,1,6
BRDA:245,35,2,2
BRDA:245,35,3,2
BRDA:245,35,4,2
BRDA:245,35,5,2
BRDA:246,36,0,28
BRDA:246,36,1,26
BRDA:246,36,2,6
BRDA:246,36,3,6
BRDA:246,36,4,6
BRDA:246,36,5,6
BRDA:248,37,0,4
BRDA:248,37,1,20
BRDA:252,38,0,8
BRDA:252,38,1,16
BRDA:256,39,0,8
BRDA:256,39,1,16
BRDA:260,40,0,2
BRDA:260,40,1,22
BRDA:264,41,0,2
BRDA:264,41,1,22
BRDA:269,42,0,0
BRDA:269,42,1,2
BRDA:269,43,0,2
BRDA:269,43,1,2
BRDA:269,43,2,2
BRDA:269,43,3,2
BRDA:269,43,4,2
BRDA:291,44,0,0
BRDA:291,44,1,0
BRDA:292,45,0,0
BRDA:292,45,1,0
BRDA:295,46,0,0
BRDA:295,46,1,0
BRDA:302,47,0,61
BRDA:302,47,1,60
BRDA:303,48,0,1
BRDA:303,48,1,59
BRDA:304,49,0,60
BRDA:304,49,1,0
BRDA:308,50,0,0
BRDA:308,50,1,60
BRDA:310,51,0,0
BRDA:310,51,1,0
BRDA:312,52,0,0
BRDA:312,52,1,0
BRDA:339,53,0,1772
BRDA:339,53,1,2068
BRDA:343,54,0,463
BRDA:343,54,1,1309
BRDA:356,55,0,0
BRDA:356,55,1,0
BRDA:356,56,0,0
BRDA:356,56,1,0
BRDA:360,57,0,0
BRDA:360,57,1,0
BRDA:360,58,0,0
BRDA:360,58,1,0
BRDA:375,59,0,2
BRDA:375,59,1,0
BRDA:375,60,0,2
BRDA:375,60,1,2
BRDA:377,61,0,0
BRDA:377,61,1,2
BRDA:379,62,0,0
BRDA:379,62,1,120
BRDA:385,63,0,2
BRDA:385,63,1,0
BRDA:396,64,0,1
BRDA:396,64,1,0
BRDA:396,65,0,1
BRDA:396,65,1,1
BRDA:405,66,0,0
BRDA:405,66,1,0
BRDA:405,67,0,0
BRDA:405,67,1,0
BRDA:406,68,0,0
BRDA:406,68,1,0
BRDA:406,69,0,0
BRDA:406,69,1,0
BRDA:414,70,0,60
BRDA:414,70,1,0
BRDA:414,71,0,60
BRDA:414,71,1,60
BRDA:415,72,0,0
BRDA:415,72,1,60
BRDA:415,73,0,60
BRDA:415,73,1,0
BRDA:417,74,0,0
BRDA:417,74,1,60
BRDA:423,75,0,1
BRDA:423,75,1,59
BRDA:425,76,0,1
BRDA:425,76,1,0
BRDA:427,77,0,0
BRDA:427,77,1,1
BRDA:436,78,0,1
BRDA:436,78,1,0
BRDA:436,79,0,1
BRDA:436,79,1,1
BRDA:438,80,0,0
BRDA:438,80,1,1
BRDA:443,81,0,61
BRDA:443,81,1,60
BRDA:447,82,0,1
BRDA:447,82,1,0
BRDA:458,83,0,2
BRDA:458,83,1,0
BRDA:458,84,0,2
BRDA:458,84,1,2
BRDA:460,85,0,0
BRDA:460,85,1,2
BRDA:465,86,0,34
BRDA:465,86,1,94
BRDA:465,87,0,94
BRDA:465,87,1,0
BRDA:473,88,0,2
BRDA:473,88,1,0
BRDA:473,89,0,2
BRDA:473,89,1,2
BRDA:475,90,0,0
BRDA:475,90,1,2
BRDA:488,91,0,0
BRDA:488,91,1,0
BRDA:499,92,0,0
BRDA:499,92,1,0
BRDA:499,93,0,0
BRDA:499,93,1,0
BRDA:502,94,0,0
BRDA:502,94,1,0
BRDA:502,95,0,0
BRDA:502,95,1,0
BRDA:508,96,0,0
BRDA:508,96,1,0
BRDA:508,97,0,0
BRDA:508,97,1,0
BRDA:510,98,0,0
BRDA:510,98,1,0
BRDA:516,99,0,0
BRDA:516,99,1,0
BRDA:523,100,0,0
BRDA:523,100,1,0
BRDA:523,101,0,0
BRDA:523,101,1,0
BRDA:529,102,0,0
BRDA:529,102,1,0
BRDA:529,103,0,0
BRDA:529,103,1,0
BRDA:536,104,0,0
BRDA:536,104,1,0
BRDA:536,105,0,0
BRDA:536,105,1,0
BRDA:545,106,0,0
BRDA:545,106,1,0
BRDA:545,107,0,0
BRDA:545,107,1,0
BRDA:549,108,0,0
BRDA:549,108,1,0
BRDA:549,109,0,0
BRDA:549,109,1,0
BRDA:556,110,0,0
BRDA:556,110,1,0
BRDA:556,111,0,0
BRDA:556,111,1,0
BRDA:561,112,0,0
BRDA:561,112,1,0
BRDA:570,113,0,0
BRDA:570,113,1,0
BRDA:570,114,0,0
BRDA:570,114,1,0
BRDA:575,115,0,0
BRDA:575,115,1,0
BRDA:583,116,0,0
BRDA:583,116,1,0
BRDA:583,117,0,0
BRDA:583,117,1,0
BRDA:588,118,0,0
BRDA:588,118,1,0
BRDA:596,119,0,0
BRDA:596,119,1,0
BRDA:596,120,0,0
BRDA:596,120,1,0
BRDA:598,121,0,0
BRDA:598,121,1,0
BRDA:599,122,0,0
BRDA:599,122,1,0
BRDA:599,123,0,0
BRDA:599,123,1,0
BRDA:605,124,0,1
BRDA:605,124,1,0
BRDA:605,125,0,1
BRDA:605,125,1,1
BRDA:607,126,0,0
BRDA:607,126,1,1
BRDA:614,127,0,1
BRDA:614,127,1,58
BRDA:615,128,0,1
BRDA:615,128,1,0
BRDA:618,129,0,59
BRDA:618,129,1,59
BRDA:623,130,0,0
BRDA:623,130,1,0
BRDA:623,131,0,0
BRDA:623,131,1,0
BRDA:624,132,0,0
BRDA:624,132,1,0
BRDA:624,133,0,0
BRDA:624,133,1,0
BRDA:626,134,0,0
BRDA:626,134,1,0
BRDA:629,135,0,0
BRDA:629,135,1,0
BRDA:645,136,0,0
BRDA:645,136,1,0
BRDA:645,137,0,0
BRDA:645,137,1,0
BRDA:647,138,0,0
BRDA:647,138,1,0
BRDA:661,139,0,0
BRDA:661,139,1,0
BRDA:661,140,0,0
BRDA:661,140,1,0
BRDA:663,141,0,0
BRDA:663,141,1,0
BRDA:665,142,0,0
BRDA:665,142,1,0
BRDA:673,143,0,0
BRDA:673,143,1,0
BRDA:689,144,0,0
BRDA:689,144,1,0
BRDA:689,145,0,0
BRDA:689,145,1,0
BRDA:691,146,0,0
BRDA:691,146,1,0
BRDA:697,147,0,0
BRDA:697,147,1,0
BRDA:697,147,2,0
BRDA:697,147,3,0
BRDA:697,147,4,0
BRDA:729,148,0,0
BRDA:729,148,1,0
BRDA:729,149,0,0
BRDA:729,149,1,0
BRDA:737,150,0,0
BRDA:737,150,1,0
BRDA:738,151,0,0
BRDA:738,151,1,0
BRDA:739,152,0,0
BRDA:739,152,1,0
BRDA:740,153,0,0
BRDA:740,153,1,0
BRDA:741,154,0,0
BRDA:741,154,1,0
BRDA:750,155,0,0
BRDA:750,155,1,0
BRDA:750,156,0,0
BRDA:750,156,1,0
BRDA:751,157,0,0
BRDA:751,157,1,0
BRDA:751,158,0,0
BRDA:751,158,1,0
BRDA:763,159,0,0
BRDA:763,159,1,0
BRDA:763,160,0,0
BRDA:763,160,1,0
BRDA:777,161,0,0
BRDA:777,161,1,0
BRDA:780,162,0,0
BRDA:780,162,1,0
BRDA:792,163,0,0
BRDA:792,163,1,0
BRDA:800,164,0,0
BRDA:800,164,1,0
BRDA:800,164,2,0
BRDA:800,164,3,0
BRDA:802,165,0,0
BRDA:802,165,1,0
BRDA:807,166,0,0
BRDA:807,166,1,0
BRF:354
BRH:136
end_of_record
