TN:
SF:/Users/billy/clovers/clovers-reversi/lib/reversi.js
FN:7,(anonymous_0)
FN:7,defineProperties
FN:7,(anonymous_2)
FN:13,_interopRequireDefault
FN:15,_classCallCheck
FN:17,(anonymous_5)
FN:18,Reversi
FN:34,clearAttrs
FN:49,(anonymous_8)
FN:52,(anonymous_9)
FN:76,thisMovesToByteMoves
FN:87,thisBoardToByteBoard
FN:92,makeMove
FN:129,possibleDirections
FN:147,traverseDirection
FN:178,isComplete
FN:222,calcWinners
FN:238,isSymmetrical
FN:279,buildMovesString
FN:282,(anonymous_19)
FN:288,pickRandomMove
FN:298,mine
FN:328,getValidMoves
FN:346,makeVisualBoard
FN:347,(anonymous_24)
FN:348,(anonymous_25)
FN:351,(anonymous_26)
FN:352,(anonymous_27)
FN:360,moveToArray
FN:365,stringMovesToBinaryMoves
FN:371,(anonymous_30)
FN:388,playGameMovesString
FN:395,playGameByteMoves
FN:404,playMove
FN:426,playGameMovesArray
FN:448,colArrayBoardToBinaryBoard
FN:463,colArrayBoardToByteBoard
FN:471,binaryBoardToByteBoard
FN:477,sliceBinaryMovesToBytes
FN:489,byteBoardPopulateBoard
FN:492,(anonymous_40)
FN:498,byteBoardToArrayBoard
FN:513,(anonymous_42)
FN:519,byteBoardToRowArray
FN:526,byteBoardToColArray
FN:533,multiArrayBoardToRows
FN:538,(anonymous_46)
FN:539,(anonymous_47)
FN:546,arrayBoardToRows2D
FN:560,arrayBoardToRows
FN:573,arrayBoardToCols
FN:586,stringBoardToArrayBoard
FN:589,(anonymous_52)
FN:595,stringMovesToArrayMoves
FN:603,pickRandomMove
FN:613,byteMovesToStringMoves
FN:630,returnByteMoves
FN:635,binaryMovesToByteMoves
FN:644,stringMovesToByteMoves
FN:649,binaryMovesToStringMoves
FN:662,(anonymous_60)
FN:673,(anonymous_61)
FN:679,translateToC4Version
FN:690,(anonymous_63)
FN:714,arrayToMove
FN:719,sliceMovesStringToBytes
FN:726,returnSymmetriesAsBigNumber
FNF:67
FNH:34
FNDA:1,(anonymous_0)
FNDA:1,defineProperties
FNDA:1,(anonymous_2)
FNDA:1,_interopRequireDefault
FNDA:5,_classCallCheck
FNDA:1,(anonymous_5)
FNDA:5,Reversi
FNDA:13,clearAttrs
FNDA:104,(anonymous_8)
FNDA:104,(anonymous_9)
FNDA:9,thisMovesToByteMoves
FNDA:9,thisBoardToByteBoard
FNDA:489,makeMove
FNDA:489,possibleDirections
FNDA:1161,traverseDirection
FNDA:16,isComplete
FNDA:8,calcWinners
FNDA:8,isSymmetrical
FNDA:60,buildMovesString
FNDA:1830,(anonymous_19)
FNDA:0,pickRandomMove
FNDA:1,mine
FNDA:0,getValidMoves
FNDA:0,makeVisualBoard
FNDA:0,(anonymous_24)
FNDA:0,(anonymous_25)
FNDA:0,(anonymous_26)
FNDA:0,(anonymous_27)
FNDA:1237,moveToArray
FNDA:9,stringMovesToBinaryMoves
FNDA:570,(anonymous_30)
FNDA:4,playGameMovesString
FNDA:0,playGameByteMoves
FNDA:420,playMove
FNDA:7,playGameMovesArray
FNDA:9,colArrayBoardToBinaryBoard
FNDA:9,colArrayBoardToByteBoard
FNDA:9,binaryBoardToByteBoard
FNDA:0,sliceBinaryMovesToBytes
FNDA:0,byteBoardPopulateBoard
FNDA:0,(anonymous_40)
FNDA:0,byteBoardToArrayBoard
FNDA:0,(anonymous_42)
FNDA:0,byteBoardToRowArray
FNDA:0,byteBoardToColArray
FNDA:0,multiArrayBoardToRows
FNDA:0,(anonymous_46)
FNDA:0,(anonymous_47)
FNDA:0,arrayBoardToRows2D
FNDA:0,arrayBoardToRows
FNDA:0,arrayBoardToCols
FNDA:0,stringBoardToArrayBoard
FNDA:0,(anonymous_52)
FNDA:7,stringMovesToArrayMoves
FNDA:0,pickRandomMove
FNDA:0,byteMovesToStringMoves
FNDA:0,returnByteMoves
FNDA:0,binaryMovesToByteMoves
FNDA:0,stringMovesToByteMoves
FNDA:0,binaryMovesToStringMoves
FNDA:0,(anonymous_60)
FNDA:0,(anonymous_61)
FNDA:3,translateToC4Version
FNDA:120,(anonymous_63)
FNDA:2010,arrayToMove
FNDA:0,sliceMovesStringToBytes
FNDA:0,returnSymmetriesAsBigNumber
DA:3,1
DA:7,44
DA:9,1
DA:11,1
DA:13,1
DA:15,5
DA:17,1
DA:19,5
DA:21,5
DA:22,5
DA:23,5
DA:24,5
DA:25,5
DA:26,5
DA:27,5
DA:28,0
DA:32,1
DA:35,13
DA:37,13
DA:38,13
DA:39,13
DA:40,13
DA:41,13
DA:42,13
DA:43,13
DA:44,13
DA:45,13
DA:46,13
DA:47,13
DA:49,13
DA:50,104
DA:52,13
DA:53,104
DA:55,13
DA:56,13
DA:57,13
DA:58,13
DA:59,13
DA:61,13
DA:62,13
DA:63,13
DA:64,13
DA:66,13
DA:67,13
DA:68,13
DA:69,13
DA:70,13
DA:71,13
DA:72,13
DA:77,9
DA:79,9
DA:80,9
DA:81,9
DA:82,9
DA:83,9
DA:88,9
DA:93,489
DA:94,489
DA:95,489
DA:96,0
DA:97,0
DA:98,0
DA:101,489
DA:102,489
DA:103,8
DA:104,8
DA:105,8
DA:107,481
DA:108,481
DA:109,1161
DA:110,1161
DA:111,1161
DA:112,1113
DA:113,1113
DA:114,1113
DA:117,481
DA:118,481
DA:119,481
DA:121,0
DA:122,0
DA:123,0
DA:125,481
DA:130,489
DA:131,489
DA:132,489
DA:133,3912
DA:134,3912
DA:135,3912
DA:136,3912
DA:137,3136
DA:138,3136
DA:139,1161
DA:143,489
DA:148,1161
DA:149,1161
DA:150,1161
DA:151,1161
DA:152,3154
DA:153,3154
DA:154,3154
DA:156,160
DA:157,160
DA:159,2994
DA:160,2994
DA:162,1993
DA:163,1001
DA:165,657
DA:169,344
DA:170,344
DA:174,1161
DA:179,16
DA:180,16
DA:181,16
DA:182,16
DA:184,0
DA:185,0
DA:186,0
DA:187,0
DA:188,0
DA:192,0
DA:193,0
DA:194,0
DA:195,0
DA:197,0
DA:198,0
DA:199,0
DA:200,0
DA:202,0
DA:204,0
DA:205,0
DA:206,0
DA:207,0
DA:209,0
DA:212,0
DA:213,0
DA:214,0
DA:216,0
DA:217,0
DA:223,8
DA:224,8
DA:225,8
DA:226,8
DA:227,8
DA:228,512
DA:229,512
DA:230,512
DA:231,512
DA:233,8
DA:234,8
DA:239,8
DA:240,8
DA:241,8
DA:242,8
DA:243,8
DA:244,8
DA:245,64
DA:247,512
DA:248,192
DA:251,512
DA:252,96
DA:255,512
DA:256,96
DA:259,512
DA:260,0
DA:263,512
DA:264,192
DA:268,8
DA:269,8
DA:270,8
DA:271,8
DA:272,8
DA:273,8
DA:274,8
DA:280,60
DA:282,60
DA:283,1830
DA:289,0
DA:290,0
DA:291,0
DA:292,0
DA:294,0
DA:299,1
DA:300,1
DA:301,1
DA:302,60
DA:303,60
DA:304,60
DA:305,60
DA:306,60
DA:307,60
DA:308,60
DA:309,1
DA:310,1
DA:311,1
DA:312,1
DA:313,0
DA:317,0
DA:320,1
DA:321,1
DA:322,1
DA:323,1
DA:324,1
DA:329,0
DA:330,0
DA:331,0
DA:332,0
DA:333,0
DA:334,0
DA:335,0
DA:336,0
DA:337,0
DA:342,0
DA:347,0
DA:348,0
DA:349,0
DA:352,0
DA:353,0
DA:356,0
DA:361,1237
DA:366,9
DA:368,9
DA:370,9
DA:371,9
DA:372,570
DA:373,570
DA:374,570
DA:375,570
DA:376,570
DA:378,9
DA:379,9
DA:380,9
DA:381,9
DA:382,9
DA:384,9
DA:389,4
DA:391,4
DA:396,0
DA:397,0
DA:399,0
DA:400,0
DA:405,420
DA:406,420
DA:408,420
DA:409,420
DA:410,420
DA:411,420
DA:412,420
DA:413,420
DA:414,420
DA:415,7
DA:416,7
DA:417,7
DA:418,7
DA:419,0
DA:422,420
DA:427,7
DA:429,7
DA:430,7
DA:431,7
DA:432,7
DA:433,7
DA:434,7
DA:435,420
DA:437,7
DA:438,7
DA:439,7
DA:440,7
DA:441,7
DA:443,7
DA:449,9
DA:451,9
DA:452,9
DA:453,9
DA:454,72
DA:455,576
DA:456,576
DA:459,9
DA:464,9
DA:466,9
DA:467,9
DA:472,9
DA:473,9
DA:478,0
DA:479,0
DA:480,0
DA:481,0
DA:482,0
DA:483,0
DA:485,0
DA:490,0
DA:492,0
DA:493,0
DA:499,0
DA:501,0
DA:502,0
DA:504,0
DA:505,0
DA:506,0
DA:507,0
DA:508,0
DA:509,0
DA:510,0
DA:511,0
DA:513,0
DA:514,0
DA:520,0
DA:522,0
DA:527,0
DA:529,0
DA:534,0
DA:536,0
DA:538,0
DA:539,0
DA:540,0
DA:547,0
DA:549,0
DA:550,0
DA:551,0
DA:552,0
DA:553,0
DA:556,0
DA:561,0
DA:563,0
DA:564,0
DA:565,0
DA:566,0
DA:567,0
DA:569,0
DA:574,0
DA:576,0
DA:577,0
DA:578,0
DA:579,0
DA:580,0
DA:582,0
DA:587,0
DA:589,0
DA:590,0
DA:596,7
DA:598,7
DA:599,7
DA:604,0
DA:605,0
DA:606,0
DA:607,0
DA:609,0
DA:614,0
DA:615,0
DA:617,0
DA:618,0
DA:620,0
DA:621,0
DA:623,0
DA:624,0
DA:625,0
DA:626,0
DA:631,0
DA:636,0
DA:638,0
DA:639,0
DA:640,0
DA:645,0
DA:650,0
DA:652,0
DA:654,0
DA:655,0
DA:656,0
DA:657,0
DA:658,0
DA:659,0
DA:660,0
DA:662,0
DA:663,0
DA:664,0
DA:665,0
DA:667,0
DA:668,0
DA:669,0
DA:670,0
DA:671,0
DA:674,0
DA:680,3
DA:682,3
DA:683,3
DA:684,3
DA:685,180
DA:686,180
DA:688,180
DA:690,60
DA:691,120
DA:693,60
DA:695,60
DA:696,60
DA:698,60
DA:699,60
DA:701,0
DA:703,0
DA:706,180
DA:707,180
DA:709,3
DA:710,3
DA:715,2010
DA:720,0
DA:722,0
DA:727,0
DA:728,0
DA:729,0
DA:730,0
DA:731,0
DA:732,0
DA:733,0
DA:737,1
DA:740,1
LF:413
LH:246
BRDA:7,0,0,44
BRDA:7,0,1,44
BRDA:7,1,0,44
BRDA:7,1,1,0
BRDA:7,2,0,1
BRDA:7,2,1,0
BRDA:7,3,0,0
BRDA:7,3,1,1
BRDA:13,4,0,0
BRDA:13,4,1,1
BRDA:13,5,0,1
BRDA:13,5,1,1
BRDA:15,6,0,0
BRDA:15,6,1,5
BRDA:27,7,0,0
BRDA:27,7,1,5
BRDA:77,8,0,1
BRDA:77,8,1,8
BRDA:77,9,0,9
BRDA:77,9,1,1
BRDA:95,10,0,0
BRDA:95,10,1,489
BRDA:102,11,0,8
BRDA:102,11,1,481
BRDA:117,12,0,481
BRDA:117,12,1,0
BRDA:125,13,0,249
BRDA:125,13,1,232
BRDA:136,14,0,3136
BRDA:136,14,1,776
BRDA:136,15,0,3912
BRDA:136,15,1,3702
BRDA:136,15,2,3504
BRDA:136,15,3,3316
BRDA:138,16,0,1161
BRDA:138,16,1,1975
BRDA:138,17,0,3136
BRDA:138,17,1,2639
BRDA:150,18,0,553
BRDA:150,18,1,608
BRDA:151,19,0,4315
BRDA:151,19,1,4315
BRDA:154,20,0,160
BRDA:154,20,1,2994
BRDA:154,21,0,3154
BRDA:154,21,1,3126
BRDA:154,21,2,3074
BRDA:154,21,3,3038
BRDA:160,22,0,1993
BRDA:160,22,1,1001
BRDA:163,23,0,657
BRDA:163,23,1,344
BRDA:163,24,0,1001
BRDA:163,24,1,657
BRDA:179,25,0,16
BRDA:179,25,1,0
BRDA:187,26,0,0
BRDA:187,26,1,0
BRDA:193,27,0,0
BRDA:193,27,1,0
BRDA:194,28,0,0
BRDA:194,28,1,0
BRDA:199,29,0,0
BRDA:199,29,1,0
BRDA:206,30,0,0
BRDA:206,30,1,0
BRDA:212,31,0,0
BRDA:212,31,1,0
BRDA:224,32,0,0
BRDA:224,32,1,8
BRDA:230,33,0,96
BRDA:230,33,1,416
BRDA:231,34,0,416
BRDA:231,34,1,96
BRDA:244,35,0,72
BRDA:244,35,1,64
BRDA:244,35,2,48
BRDA:244,35,3,40
BRDA:244,35,4,40
BRDA:244,35,5,0
BRDA:245,36,0,576
BRDA:245,36,1,512
BRDA:245,36,2,424
BRDA:245,36,3,368
BRDA:245,36,4,368
BRDA:245,36,5,0
BRDA:247,37,0,192
BRDA:247,37,1,320
BRDA:251,38,0,96
BRDA:251,38,1,416
BRDA:255,39,0,96
BRDA:255,39,1,416
BRDA:259,40,0,0
BRDA:259,40,1,512
BRDA:263,41,0,192
BRDA:263,41,1,320
BRDA:268,42,0,8
BRDA:268,42,1,0
BRDA:268,43,0,8
BRDA:268,43,1,8
BRDA:268,43,2,8
BRDA:268,43,3,8
BRDA:268,43,4,0
BRDA:290,44,0,0
BRDA:290,44,1,0
BRDA:291,45,0,0
BRDA:291,45,1,0
BRDA:294,46,0,0
BRDA:294,46,1,0
BRDA:301,47,0,61
BRDA:301,47,1,60
BRDA:302,48,0,1
BRDA:302,48,1,59
BRDA:303,49,0,60
BRDA:303,49,1,0
BRDA:308,50,0,1
BRDA:308,50,1,59
BRDA:310,51,0,0
BRDA:310,51,1,1
BRDA:312,52,0,0
BRDA:312,52,1,1
BRDA:332,53,0,0
BRDA:332,53,1,0
BRDA:336,54,0,0
BRDA:336,54,1,0
BRDA:349,55,0,0
BRDA:349,55,1,0
BRDA:349,56,0,0
BRDA:349,56,1,0
BRDA:353,57,0,0
BRDA:353,57,1,0
BRDA:353,58,0,0
BRDA:353,58,1,0
BRDA:368,59,0,9
BRDA:368,59,1,0
BRDA:368,60,0,9
BRDA:368,60,1,9
BRDA:370,61,0,0
BRDA:370,61,1,9
BRDA:372,62,0,0
BRDA:372,62,1,570
BRDA:378,63,0,9
BRDA:378,63,1,0
BRDA:389,64,0,4
BRDA:389,64,1,0
BRDA:389,65,0,4
BRDA:389,65,1,4
BRDA:396,66,0,0
BRDA:396,66,1,0
BRDA:396,67,0,0
BRDA:396,67,1,0
BRDA:397,68,0,0
BRDA:397,68,1,0
BRDA:397,69,0,0
BRDA:397,69,1,0
BRDA:405,70,0,420
BRDA:405,70,1,0
BRDA:405,71,0,420
BRDA:405,71,1,420
BRDA:406,72,0,0
BRDA:406,72,1,420
BRDA:406,73,0,420
BRDA:406,73,1,0
BRDA:408,74,0,0
BRDA:408,74,1,420
BRDA:414,75,0,7
BRDA:414,75,1,413
BRDA:416,76,0,0
BRDA:416,76,1,7
BRDA:418,77,0,0
BRDA:418,77,1,7
BRDA:427,78,0,4
BRDA:427,78,1,3
BRDA:427,79,0,7
BRDA:427,79,1,4
BRDA:429,80,0,0
BRDA:429,80,1,7
BRDA:434,81,0,427
BRDA:434,81,1,420
BRDA:438,82,0,7
BRDA:438,82,1,0
BRDA:449,83,0,9
BRDA:449,83,1,0
BRDA:449,84,0,9
BRDA:449,84,1,9
BRDA:451,85,0,0
BRDA:451,85,1,9
BRDA:456,86,0,468
BRDA:456,86,1,108
BRDA:456,87,0,108
BRDA:456,87,1,0
BRDA:464,88,0,9
BRDA:464,88,1,0
BRDA:464,89,0,9
BRDA:464,89,1,9
BRDA:466,90,0,0
BRDA:466,90,1,9
BRDA:479,91,0,0
BRDA:479,91,1,0
BRDA:490,92,0,0
BRDA:490,92,1,0
BRDA:490,93,0,0
BRDA:490,93,1,0
BRDA:493,94,0,0
BRDA:493,94,1,0
BRDA:493,95,0,0
BRDA:493,95,1,0
BRDA:499,96,0,0
BRDA:499,96,1,0
BRDA:499,97,0,0
BRDA:499,97,1,0
BRDA:501,98,0,0
BRDA:501,98,1,0
BRDA:507,99,0,0
BRDA:507,99,1,0
BRDA:514,100,0,0
BRDA:514,100,1,0
BRDA:514,101,0,0
BRDA:514,101,1,0
BRDA:520,102,0,0
BRDA:520,102,1,0
BRDA:520,103,0,0
BRDA:520,103,1,0
BRDA:527,104,0,0
BRDA:527,104,1,0
BRDA:527,105,0,0
BRDA:527,105,1,0
BRDA:536,106,0,0
BRDA:536,106,1,0
BRDA:536,107,0,0
BRDA:536,107,1,0
BRDA:540,108,0,0
BRDA:540,108,1,0
BRDA:540,109,0,0
BRDA:540,109,1,0
BRDA:547,110,0,0
BRDA:547,110,1,0
BRDA:547,111,0,0
BRDA:547,111,1,0
BRDA:552,112,0,0
BRDA:552,112,1,0
BRDA:561,113,0,0
BRDA:561,113,1,0
BRDA:561,114,0,0
BRDA:561,114,1,0
BRDA:566,115,0,0
BRDA:566,115,1,0
BRDA:574,116,0,0
BRDA:574,116,1,0
BRDA:574,117,0,0
BRDA:574,117,1,0
BRDA:579,118,0,0
BRDA:579,118,1,0
BRDA:587,119,0,0
BRDA:587,119,1,0
BRDA:587,120,0,0
BRDA:587,120,1,0
BRDA:589,121,0,0
BRDA:589,121,1,0
BRDA:590,122,0,0
BRDA:590,122,1,0
BRDA:590,123,0,0
BRDA:590,123,1,0
BRDA:596,124,0,7
BRDA:596,124,1,0
BRDA:596,125,0,7
BRDA:596,125,1,7
BRDA:598,126,0,0
BRDA:598,126,1,7
BRDA:605,127,0,0
BRDA:605,127,1,0
BRDA:606,128,0,0
BRDA:606,128,1,0
BRDA:609,129,0,0
BRDA:609,129,1,0
BRDA:614,130,0,0
BRDA:614,130,1,0
BRDA:614,131,0,0
BRDA:614,131,1,0
BRDA:615,132,0,0
BRDA:615,132,1,0
BRDA:615,133,0,0
BRDA:615,133,1,0
BRDA:617,134,0,0
BRDA:617,134,1,0
BRDA:620,135,0,0
BRDA:620,135,1,0
BRDA:636,136,0,0
BRDA:636,136,1,0
BRDA:636,137,0,0
BRDA:636,137,1,0
BRDA:638,138,0,0
BRDA:638,138,1,0
BRDA:652,139,0,0
BRDA:652,139,1,0
BRDA:652,140,0,0
BRDA:652,140,1,0
BRDA:654,141,0,0
BRDA:654,141,1,0
BRDA:656,142,0,0
BRDA:656,142,1,0
BRDA:664,143,0,0
BRDA:664,143,1,0
BRDA:680,144,0,0
BRDA:680,144,1,3
BRDA:680,145,0,3
BRDA:680,145,1,0
BRDA:682,146,0,0
BRDA:682,146,1,3
BRDA:688,147,0,60
BRDA:688,147,1,60
BRDA:688,147,2,60
BRDA:688,147,3,0
BRDA:688,147,4,0
BRDA:720,148,0,0
BRDA:720,148,1,0
BRDA:720,149,0,0
BRDA:720,149,1,0
BRDA:728,150,0,0
BRDA:728,150,1,0
BRDA:729,151,0,0
BRDA:729,151,1,0
BRDA:730,152,0,0
BRDA:730,152,1,0
BRDA:731,153,0,0
BRDA:731,153,1,0
BRDA:732,154,0,0
BRDA:732,154,1,0
BRF:328
BRH:133
end_of_record
